2025-06-28T14:00:38.487486Z  INFO tailwindcss_oxide::scanner: Provided sources:
2025-06-28T14:00:38.488982Z  INFO tailwindcss_oxide::scanner: Source: PublicSourceEntry { base: "C:\\Users\\USER\\Desktop\\Projects\\marketplace-frontend0", pattern: "**/*", negated: false }
2025-06-28T14:00:38.489445Z  INFO tailwindcss_oxide::scanner: Optimized sources:
2025-06-28T14:00:38.489491Z  INFO tailwindcss_oxide::scanner: Source: Auto { base: "C:\\Users\\USER\\Desktop\\Projects\\marketplace-frontend0" }
2025-06-28T14:00:38.497307Z  INFO scan_sources: tailwindcss_oxide::scanner: enter
2025-06-28T14:00:38.502199Z  INFO scan_sources: tailwindcss_oxide::scanner: Discovering "C:\\Users\\USER\\Desktop\\Projects\\marketplace-frontend0\\app"
2025-06-28T14:00:38.502998Z  INFO scan_sources: tailwindcss_oxide::scanner: Discovering "C:\\Users\\USER\\Desktop\\Projects\\marketplace-frontend0\\app\\account"
2025-06-28T14:00:38.503501Z  INFO scan_sources: tailwindcss_oxide::scanner: Discovering "C:\\Users\\USER\\Desktop\\Projects\\marketplace-frontend0\\app\\account\\(auth)"
2025-06-28T14:00:38.504034Z  INFO scan_sources: tailwindcss_oxide::scanner: Discovering "C:\\Users\\USER\\Desktop\\Projects\\marketplace-frontend0\\app\\account\\(auth)\\coupons"
2025-06-28T14:00:38.504443Z  INFO scan_sources: tailwindcss_oxide::scanner: Discovering "C:\\Users\\USER\\Desktop\\Projects\\marketplace-frontend0\\app\\account\\(auth)\\coupons\\page.tsx"
2025-06-28T14:00:38.504684Z  INFO scan_sources: tailwindcss_oxide::scanner: Discovering "C:\\Users\\USER\\Desktop\\Projects\\marketplace-frontend0\\app\\account\\(auth)\\layout.tsx"
2025-06-28T14:00:38.504969Z  INFO scan_sources: tailwindcss_oxide::scanner: Discovering "C:\\Users\\USER\\Desktop\\Projects\\marketplace-frontend0\\app\\account\\(auth)\\legal"
2025-06-28T14:00:38.505348Z  INFO scan_sources: tailwindcss_oxide::scanner: Discovering "C:\\Users\\USER\\Desktop\\Projects\\marketplace-frontend0\\app\\account\\(auth)\\legal\\page.tsx"
2025-06-28T14:00:38.505690Z  INFO scan_sources: tailwindcss_oxide::scanner: Discovering "C:\\Users\\USER\\Desktop\\Projects\\marketplace-frontend0\\app\\account\\(auth)\\orders"
2025-06-28T14:00:38.506082Z  INFO scan_sources: tailwindcss_oxide::scanner: Discovering "C:\\Users\\USER\\Desktop\\Projects\\marketplace-frontend0\\app\\account\\(auth)\\orders\\page.tsx"
2025-06-28T14:00:38.506402Z  INFO scan_sources: tailwindcss_oxide::scanner: Discovering "C:\\Users\\USER\\Desktop\\Projects\\marketplace-frontend0\\app\\account\\(auth)\\payment-methods"
2025-06-28T14:00:38.506889Z  INFO scan_sources: tailwindcss_oxide::scanner: Discovering "C:\\Users\\USER\\Desktop\\Projects\\marketplace-frontend0\\app\\account\\(auth)\\payment-methods\\add"
2025-06-28T14:00:38.507520Z  INFO scan_sources: tailwindcss_oxide::scanner: Discovering "C:\\Users\\USER\\Desktop\\Projects\\marketplace-frontend0\\app\\account\\(auth)\\payment-methods\\add\\page.tsx"
2025-06-28T14:00:38.508137Z  INFO scan_sources: tailwindcss_oxide::scanner: Discovering "C:\\Users\\USER\\Desktop\\Projects\\marketplace-frontend0\\app\\account\\(auth)\\payment-methods\\page.tsx"
2025-06-28T14:00:38.508602Z  INFO scan_sources: tailwindcss_oxide::scanner: Discovering "C:\\Users\\USER\\Desktop\\Projects\\marketplace-frontend0\\app\\account\\(auth)\\privacy-policy"
2025-06-28T14:00:38.509824Z  INFO scan_sources: tailwindcss_oxide::scanner: Discovering "C:\\Users\\USER\\Desktop\\Projects\\marketplace-frontend0\\app\\account\\(auth)\\privacy-policy\\page.tsx"
2025-06-28T14:00:38.511275Z  INFO scan_sources: tailwindcss_oxide::scanner: Discovering "C:\\Users\\USER\\Desktop\\Projects\\marketplace-frontend0\\app\\account\\(auth)\\sellers"
2025-06-28T14:00:38.511702Z  INFO scan_sources: tailwindcss_oxide::scanner: Discovering "C:\\Users\\USER\\Desktop\\Projects\\marketplace-frontend0\\app\\account\\(auth)\\sellers\\page.tsx"
2025-06-28T14:00:38.512031Z  INFO scan_sources: tailwindcss_oxide::scanner: Discovering "C:\\Users\\USER\\Desktop\\Projects\\marketplace-frontend0\\app\\account\\(auth)\\shipping-addresses"
2025-06-28T14:00:38.512486Z  INFO scan_sources: tailwindcss_oxide::scanner: Discovering "C:\\Users\\USER\\Desktop\\Projects\\marketplace-frontend0\\app\\account\\(auth)\\shipping-addresses\\add"
2025-06-28T14:00:38.512980Z  INFO scan_sources: tailwindcss_oxide::scanner: Discovering "C:\\Users\\USER\\Desktop\\Projects\\marketplace-frontend0\\app\\account\\(auth)\\shipping-addresses\\add\\page.tsx"
2025-06-28T14:00:38.513234Z  INFO scan_sources: tailwindcss_oxide::scanner: Discovering "C:\\Users\\USER\\Desktop\\Projects\\marketplace-frontend0\\app\\account\\(auth)\\shipping-addresses\\page.tsx"
2025-06-28T14:00:38.513658Z  INFO scan_sources: tailwindcss_oxide::scanner: Discovering "C:\\Users\\USER\\Desktop\\Projects\\marketplace-frontend0\\app\\account\\(auth)\\wishlist"
2025-06-28T14:00:38.514151Z  INFO scan_sources: tailwindcss_oxide::scanner: Discovering "C:\\Users\\USER\\Desktop\\Projects\\marketplace-frontend0\\app\\account\\(auth)\\wishlist\\page.tsx"
2025-06-28T14:00:38.514517Z  INFO scan_sources: tailwindcss_oxide::scanner: Discovering "C:\\Users\\USER\\Desktop\\Projects\\marketplace-frontend0\\app\\account\\edit"
2025-06-28T14:00:38.514878Z  INFO scan_sources: tailwindcss_oxide::scanner: Discovering "C:\\Users\\USER\\Desktop\\Projects\\marketplace-frontend0\\app\\account\\edit\\page.tsx"
2025-06-28T14:00:38.515195Z  INFO scan_sources: tailwindcss_oxide::scanner: Discovering "C:\\Users\\USER\\Desktop\\Projects\\marketplace-frontend0\\app\\account\\page.tsx"
2025-06-28T14:00:38.515518Z  INFO scan_sources: tailwindcss_oxide::scanner: Discovering "C:\\Users\\USER\\Desktop\\Projects\\marketplace-frontend0\\app\\cart"
2025-06-28T14:00:38.515885Z  INFO scan_sources: tailwindcss_oxide::scanner: Discovering "C:\\Users\\USER\\Desktop\\Projects\\marketplace-frontend0\\app\\cart\\page.tsx"
2025-06-28T14:00:38.516185Z  INFO scan_sources: tailwindcss_oxide::scanner: Discovering "C:\\Users\\USER\\Desktop\\Projects\\marketplace-frontend0\\app\\categories"
2025-06-28T14:00:38.516665Z  INFO scan_sources: tailwindcss_oxide::scanner: Discovering "C:\\Users\\USER\\Desktop\\Projects\\marketplace-frontend0\\app\\categories\\[slug]"
2025-06-28T14:00:38.517058Z  INFO scan_sources: tailwindcss_oxide::scanner: Discovering "C:\\Users\\USER\\Desktop\\Projects\\marketplace-frontend0\\app\\categories\\[slug]\\page.tsx"
2025-06-28T14:00:38.518133Z  INFO scan_sources: tailwindcss_oxide::scanner: Discovering "C:\\Users\\USER\\Desktop\\Projects\\marketplace-frontend0\\app\\checkout"
2025-06-28T14:00:38.519285Z  INFO scan_sources: tailwindcss_oxide::scanner: Discovering "C:\\Users\\USER\\Desktop\\Projects\\marketplace-frontend0\\app\\checkout\\page.tsx"
2025-06-28T14:00:38.520312Z  INFO scan_sources: tailwindcss_oxide::scanner: Discovering "C:\\Users\\USER\\Desktop\\Projects\\marketplace-frontend0\\app\\forgot-email"
2025-06-28T14:00:38.520851Z  INFO scan_sources: tailwindcss_oxide::scanner: Discovering "C:\\Users\\USER\\Desktop\\Projects\\marketplace-frontend0\\app\\forgot-email\\page.tsx"
2025-06-28T14:00:38.521281Z  INFO scan_sources: tailwindcss_oxide::scanner: Discovering "C:\\Users\\USER\\Desktop\\Projects\\marketplace-frontend0\\app\\forgot-password"
2025-06-28T14:00:38.521772Z  INFO scan_sources: tailwindcss_oxide::scanner: Discovering "C:\\Users\\USER\\Desktop\\Projects\\marketplace-frontend0\\app\\forgot-password\\confirmation"
2025-06-28T14:00:38.522121Z  INFO scan_sources: tailwindcss_oxide::scanner: Discovering "C:\\Users\\USER\\Desktop\\Projects\\marketplace-frontend0\\app\\forgot-password\\confirmation\\page.tsx"
2025-06-28T14:00:38.522338Z  INFO scan_sources: tailwindcss_oxide::scanner: Discovering "C:\\Users\\USER\\Desktop\\Projects\\marketplace-frontend0\\app\\forgot-password\\page.tsx"
2025-06-28T14:00:38.522607Z  INFO scan_sources: tailwindcss_oxide::scanner: Discovering "C:\\Users\\USER\\Desktop\\Projects\\marketplace-frontend0\\app\\forgot-password\\reset"
2025-06-28T14:00:38.522986Z  INFO scan_sources: tailwindcss_oxide::scanner: Discovering "C:\\Users\\USER\\Desktop\\Projects\\marketplace-frontend0\\app\\forgot-password\\reset\\page.tsx"
2025-06-28T14:00:38.523248Z  INFO scan_sources: tailwindcss_oxide::scanner: Discovering "C:\\Users\\USER\\Desktop\\Projects\\marketplace-frontend0\\app\\globals.css"
2025-06-28T14:00:38.523580Z  INFO scan_sources: tailwindcss_oxide::scanner: Discovering "C:\\Users\\USER\\Desktop\\Projects\\marketplace-frontend0\\app\\landing"
2025-06-28T14:00:38.523961Z  INFO scan_sources: tailwindcss_oxide::scanner: Discovering "C:\\Users\\USER\\Desktop\\Projects\\marketplace-frontend0\\app\\landing\\page.tsx"
2025-06-28T14:00:38.524378Z  INFO scan_sources: tailwindcss_oxide::scanner: Discovering "C:\\Users\\USER\\Desktop\\Projects\\marketplace-frontend0\\app\\layout.tsx"
2025-06-28T14:00:38.524650Z  INFO scan_sources: tailwindcss_oxide::scanner: Discovering "C:\\Users\\USER\\Desktop\\Projects\\marketplace-frontend0\\app\\login"
2025-06-28T14:00:38.525031Z  INFO scan_sources: tailwindcss_oxide::scanner: Discovering "C:\\Users\\USER\\Desktop\\Projects\\marketplace-frontend0\\app\\login\\page.tsx"
2025-06-28T14:00:38.525337Z  INFO scan_sources: tailwindcss_oxide::scanner: Discovering "C:\\Users\\USER\\Desktop\\Projects\\marketplace-frontend0\\app\\order-details"
2025-06-28T14:00:38.525850Z  INFO scan_sources: tailwindcss_oxide::scanner: Discovering "C:\\Users\\USER\\Desktop\\Projects\\marketplace-frontend0\\app\\order-details\\[orderId]"
2025-06-28T14:00:38.526521Z  INFO scan_sources: tailwindcss_oxide::scanner: Discovering "C:\\Users\\USER\\Desktop\\Projects\\marketplace-frontend0\\app\\order-details\\[orderId]\\page.tsx"
2025-06-28T14:00:38.527965Z  INFO scan_sources: tailwindcss_oxide::scanner: Discovering "C:\\Users\\USER\\Desktop\\Projects\\marketplace-frontend0\\app\\order-success"
2025-06-28T14:00:38.528710Z  INFO scan_sources: tailwindcss_oxide::scanner: Discovering "C:\\Users\\USER\\Desktop\\Projects\\marketplace-frontend0\\app\\order-success\\page.tsx"
2025-06-28T14:00:38.528957Z  INFO scan_sources: tailwindcss_oxide::scanner: Discovering "C:\\Users\\USER\\Desktop\\Projects\\marketplace-frontend0\\app\\page.tsx"
2025-06-28T14:00:38.529480Z  INFO scan_sources: tailwindcss_oxide::scanner: Discovering "C:\\Users\\USER\\Desktop\\Projects\\marketplace-frontend0\\app\\product"
2025-06-28T14:00:38.530328Z  INFO scan_sources: tailwindcss_oxide::scanner: Discovering "C:\\Users\\USER\\Desktop\\Projects\\marketplace-frontend0\\app\\product\\[slug]"
2025-06-28T14:00:38.530696Z  INFO scan_sources: tailwindcss_oxide::scanner: Discovering "C:\\Users\\USER\\Desktop\\Projects\\marketplace-frontend0\\app\\product\\[slug]\\page.tsx"
2025-06-28T14:00:38.531072Z  INFO scan_sources: tailwindcss_oxide::scanner: Discovering "C:\\Users\\USER\\Desktop\\Projects\\marketplace-frontend0\\app\\signup"
2025-06-28T14:00:38.531460Z  INFO scan_sources: tailwindcss_oxide::scanner: Discovering "C:\\Users\\USER\\Desktop\\Projects\\marketplace-frontend0\\app\\signup\\page.tsx"
2025-06-28T14:00:38.531934Z  INFO scan_sources: tailwindcss_oxide::scanner: Discovering "C:\\Users\\USER\\Desktop\\Projects\\marketplace-frontend0\\app\\track-order"
2025-06-28T14:00:38.532603Z  INFO scan_sources: tailwindcss_oxide::scanner: Discovering "C:\\Users\\USER\\Desktop\\Projects\\marketplace-frontend0\\app\\track-order\\page.tsx"
2025-06-28T14:00:38.533030Z  INFO scan_sources: tailwindcss_oxide::scanner: Discovering "C:\\Users\\USER\\Desktop\\Projects\\marketplace-frontend0\\components"
2025-06-28T14:00:38.533545Z  INFO scan_sources: tailwindcss_oxide::scanner: Discovering "C:\\Users\\USER\\Desktop\\Projects\\marketplace-frontend0\\components\\dark-mode.tsx"
2025-06-28T14:00:38.533724Z  INFO scan_sources: tailwindcss_oxide::scanner: Discovering "C:\\Users\\USER\\Desktop\\Projects\\marketplace-frontend0\\components\\login-form.tsx"
2025-06-28T14:00:38.533989Z  INFO scan_sources: tailwindcss_oxide::scanner: Discovering "C:\\Users\\USER\\Desktop\\Projects\\marketplace-frontend0\\components\\martaf"
2025-06-28T14:00:38.535001Z  INFO scan_sources: tailwindcss_oxide::scanner: Discovering "C:\\Users\\USER\\Desktop\\Projects\\marketplace-frontend0\\components\\martaf\\AuthPopups"
2025-06-28T14:00:38.535890Z  INFO scan_sources: tailwindcss_oxide::scanner: Discovering "C:\\Users\\USER\\Desktop\\Projects\\marketplace-frontend0\\components\\martaf\\AuthPopups\\AllDonePopup.tsx"
2025-06-28T14:00:38.536067Z  INFO scan_sources: tailwindcss_oxide::scanner: Discovering "C:\\Users\\USER\\Desktop\\Projects\\marketplace-frontend0\\components\\martaf\\AuthPopups\\CheckInboxPopup.tsx"
2025-06-28T14:00:38.536225Z  INFO scan_sources: tailwindcss_oxide::scanner: Discovering "C:\\Users\\USER\\Desktop\\Projects\\marketplace-frontend0\\components\\martaf\\AuthPopups\\ForgotEmailPopup.tsx"
2025-06-28T14:00:38.536370Z  INFO scan_sources: tailwindcss_oxide::scanner: Discovering "C:\\Users\\USER\\Desktop\\Projects\\marketplace-frontend0\\components\\martaf\\AuthPopups\\ForgotPasswordPopup.tsx"
2025-06-28T14:00:38.536511Z  INFO scan_sources: tailwindcss_oxide::scanner: Discovering "C:\\Users\\USER\\Desktop\\Projects\\marketplace-frontend0\\components\\martaf\\AuthPopups\\PasswordUpdatedPopup.tsx"
2025-06-28T14:00:38.536653Z  INFO scan_sources: tailwindcss_oxide::scanner: Discovering "C:\\Users\\USER\\Desktop\\Projects\\marketplace-frontend0\\components\\martaf\\AuthPopups\\ResetPasswordPopup.tsx"
2025-06-28T14:00:38.536879Z  INFO scan_sources: tailwindcss_oxide::scanner: Discovering "C:\\Users\\USER\\Desktop\\Projects\\marketplace-frontend0\\components\\martaf\\AuthPopups\\SignInPopup.tsx"
2025-06-28T14:00:38.537039Z  INFO scan_sources: tailwindcss_oxide::scanner: Discovering "C:\\Users\\USER\\Desktop\\Projects\\marketplace-frontend0\\components\\martaf\\AuthPopups\\SignUpPopup.tsx"
2025-06-28T14:00:38.537180Z  INFO scan_sources: tailwindcss_oxide::scanner: Discovering "C:\\Users\\USER\\Desktop\\Projects\\marketplace-frontend0\\components\\martaf\\AuthPopups\\VerifyEmailPopup.tsx"
2025-06-28T14:00:38.537412Z  INFO scan_sources: tailwindcss_oxide::scanner: Discovering "C:\\Users\\USER\\Desktop\\Projects\\marketplace-frontend0\\components\\martaf\\Categories.tsx"
2025-06-28T14:00:38.537555Z  INFO scan_sources: tailwindcss_oxide::scanner: Discovering "C:\\Users\\USER\\Desktop\\Projects\\marketplace-frontend0\\components\\martaf\\ConditionalHeader.tsx"
2025-06-28T14:00:38.537695Z  INFO scan_sources: tailwindcss_oxide::scanner: Discovering "C:\\Users\\USER\\Desktop\\Projects\\marketplace-frontend0\\components\\martaf\\ConfirmDeliveryModal.tsx"
2025-06-28T14:00:38.537835Z  INFO scan_sources: tailwindcss_oxide::scanner: Discovering "C:\\Users\\USER\\Desktop\\Projects\\marketplace-frontend0\\components\\martaf\\DiscountItems.tsx"
2025-06-28T14:00:38.537971Z  INFO scan_sources: tailwindcss_oxide::scanner: Discovering "C:\\Users\\USER\\Desktop\\Projects\\marketplace-frontend0\\components\\martaf\\Footer.tsx"
2025-06-28T14:00:38.538105Z  INFO scan_sources: tailwindcss_oxide::scanner: Discovering "C:\\Users\\USER\\Desktop\\Projects\\marketplace-frontend0\\components\\martaf\\Header.tsx"
2025-06-28T14:00:38.538243Z  INFO scan_sources: tailwindcss_oxide::scanner: Discovering "C:\\Users\\USER\\Desktop\\Projects\\marketplace-frontend0\\components\\martaf\\HeroSection.tsx"
2025-06-28T14:00:38.538378Z  INFO scan_sources: tailwindcss_oxide::scanner: Discovering "C:\\Users\\USER\\Desktop\\Projects\\marketplace-frontend0\\components\\martaf\\ImpactNumbers.tsx"
2025-06-28T14:00:38.538514Z  INFO scan_sources: tailwindcss_oxide::scanner: Discovering "C:\\Users\\USER\\Desktop\\Projects\\marketplace-frontend0\\components\\martaf\\JoinMartaf.tsx"
2025-06-28T14:00:38.538648Z  INFO scan_sources: tailwindcss_oxide::scanner: Discovering "C:\\Users\\USER\\Desktop\\Projects\\marketplace-frontend0\\components\\martaf\\MoreToLove.tsx"
2025-06-28T14:00:38.538802Z  INFO scan_sources: tailwindcss_oxide::scanner: Discovering "C:\\Users\\USER\\Desktop\\Projects\\marketplace-frontend0\\components\\martaf\\PopularSearches.tsx"
2025-06-28T14:00:38.538961Z  INFO scan_sources: tailwindcss_oxide::scanner: Discovering "C:\\Users\\USER\\Desktop\\Projects\\marketplace-frontend0\\components\\martaf\\ProductCard.tsx"
2025-06-28T14:00:38.539099Z  INFO scan_sources: tailwindcss_oxide::scanner: Discovering "C:\\Users\\USER\\Desktop\\Projects\\marketplace-frontend0\\components\\martaf\\RatingsReviewsDrawer.tsx"
2025-06-28T14:00:38.539326Z  INFO scan_sources: tailwindcss_oxide::scanner: Discovering "C:\\Users\\USER\\Desktop\\Projects\\marketplace-frontend0\\components\\martaf\\ReviewForm.tsx"
2025-06-28T14:00:38.539489Z  INFO scan_sources: tailwindcss_oxide::scanner: Discovering "C:\\Users\\USER\\Desktop\\Projects\\marketplace-frontend0\\components\\martaf\\SizeGuideDrawer.tsx"
2025-06-28T14:00:38.539673Z  INFO scan_sources: tailwindcss_oxide::scanner: Discovering "C:\\Users\\USER\\Desktop\\Projects\\marketplace-frontend0\\components\\martaf\\TrendingProducts.tsx"
2025-06-28T14:00:38.539834Z  INFO scan_sources: tailwindcss_oxide::scanner: Discovering "C:\\Users\\USER\\Desktop\\Projects\\marketplace-frontend0\\components\\martaf\\WhyChooseMartaf.tsx"
2025-06-28T14:00:38.540036Z  INFO scan_sources: tailwindcss_oxide::scanner: Discovering "C:\\Users\\USER\\Desktop\\Projects\\marketplace-frontend0\\components\\theme-provider.tsx"
2025-06-28T14:00:38.540300Z  INFO scan_sources: tailwindcss_oxide::scanner: Discovering "C:\\Users\\USER\\Desktop\\Projects\\marketplace-frontend0\\components\\ui"
2025-06-28T14:00:38.541735Z  INFO scan_sources: tailwindcss_oxide::scanner: Discovering "C:\\Users\\USER\\Desktop\\Projects\\marketplace-frontend0\\components\\ui\\accordion.tsx"
2025-06-28T14:00:38.542110Z  INFO scan_sources: tailwindcss_oxide::scanner: Discovering "C:\\Users\\USER\\Desktop\\Projects\\marketplace-frontend0\\components\\ui\\avatar.tsx"
2025-06-28T14:00:38.542280Z  INFO scan_sources: tailwindcss_oxide::scanner: Discovering "C:\\Users\\USER\\Desktop\\Projects\\marketplace-frontend0\\components\\ui\\badge.tsx"
2025-06-28T14:00:38.542416Z  INFO scan_sources: tailwindcss_oxide::scanner: Discovering "C:\\Users\\USER\\Desktop\\Projects\\marketplace-frontend0\\components\\ui\\button.tsx"
2025-06-28T14:00:38.542554Z  INFO scan_sources: tailwindcss_oxide::scanner: Discovering "C:\\Users\\USER\\Desktop\\Projects\\marketplace-frontend0\\components\\ui\\card.tsx"
2025-06-28T14:00:38.542693Z  INFO scan_sources: tailwindcss_oxide::scanner: Discovering "C:\\Users\\USER\\Desktop\\Projects\\marketplace-frontend0\\components\\ui\\checkbox.tsx"
2025-06-28T14:00:38.542846Z  INFO scan_sources: tailwindcss_oxide::scanner: Discovering "C:\\Users\\USER\\Desktop\\Projects\\marketplace-frontend0\\components\\ui\\command.tsx"
2025-06-28T14:00:38.543873Z  INFO scan_sources: tailwindcss_oxide::scanner: Discovering "C:\\Users\\USER\\Desktop\\Projects\\marketplace-frontend0\\components\\ui\\dialog.tsx"
2025-06-28T14:00:38.544089Z  INFO scan_sources: tailwindcss_oxide::scanner: Discovering "C:\\Users\\USER\\Desktop\\Projects\\marketplace-frontend0\\components\\ui\\drawer.tsx"
2025-06-28T14:00:38.544391Z  INFO scan_sources: tailwindcss_oxide::scanner: Discovering "C:\\Users\\USER\\Desktop\\Projects\\marketplace-frontend0\\components\\ui\\dropdown-menu.tsx"
2025-06-28T14:00:38.544574Z  INFO scan_sources: tailwindcss_oxide::scanner: Discovering "C:\\Users\\USER\\Desktop\\Projects\\marketplace-frontend0\\components\\ui\\input.tsx"
2025-06-28T14:00:38.544739Z  INFO scan_sources: tailwindcss_oxide::scanner: Discovering "C:\\Users\\USER\\Desktop\\Projects\\marketplace-frontend0\\components\\ui\\label.tsx"
2025-06-28T14:00:38.544923Z  INFO scan_sources: tailwindcss_oxide::scanner: Discovering "C:\\Users\\USER\\Desktop\\Projects\\marketplace-frontend0\\components\\ui\\popover.tsx"
2025-06-28T14:00:38.545260Z  INFO scan_sources: tailwindcss_oxide::scanner: Discovering "C:\\Users\\USER\\Desktop\\Projects\\marketplace-frontend0\\components\\ui\\ProtectedLink.tsx"
2025-06-28T14:00:38.545895Z  INFO scan_sources: tailwindcss_oxide::scanner: Discovering "C:\\Users\\USER\\Desktop\\Projects\\marketplace-frontend0\\components\\ui\\sheet.tsx"
2025-06-28T14:00:38.547560Z  INFO scan_sources: tailwindcss_oxide::scanner: Discovering "C:\\Users\\USER\\Desktop\\Projects\\marketplace-frontend0\\components\\ui\\sonner.tsx"
2025-06-28T14:00:38.547730Z  INFO scan_sources: tailwindcss_oxide::scanner: Discovering "C:\\Users\\USER\\Desktop\\Projects\\marketplace-frontend0\\components\\ui\\switch.tsx"
2025-06-28T14:00:38.547871Z  INFO scan_sources: tailwindcss_oxide::scanner: Discovering "C:\\Users\\USER\\Desktop\\Projects\\marketplace-frontend0\\components\\ui\\tabs.tsx"
2025-06-28T14:00:38.548009Z  INFO scan_sources: tailwindcss_oxide::scanner: Discovering "C:\\Users\\USER\\Desktop\\Projects\\marketplace-frontend0\\components\\ui\\textarea.tsx"
2025-06-28T14:00:38.548152Z  INFO scan_sources: tailwindcss_oxide::scanner: Discovering "C:\\Users\\USER\\Desktop\\Projects\\marketplace-frontend0\\components\\ui\\tooltip.tsx"
2025-06-28T14:00:38.548417Z  INFO scan_sources: tailwindcss_oxide::scanner: Discovering "C:\\Users\\USER\\Desktop\\Projects\\marketplace-frontend0\\components.json"
2025-06-28T14:00:38.548657Z  INFO scan_sources: tailwindcss_oxide::scanner: Discovering "C:\\Users\\USER\\Desktop\\Projects\\marketplace-frontend0\\lib"
2025-06-28T14:00:38.549022Z  INFO scan_sources: tailwindcss_oxide::scanner: Discovering "C:\\Users\\USER\\Desktop\\Projects\\marketplace-frontend0\\lib\\api.ts"
2025-06-28T14:00:38.549156Z  INFO scan_sources: tailwindcss_oxide::scanner: Discovering "C:\\Users\\USER\\Desktop\\Projects\\marketplace-frontend0\\lib\\auth-context.tsx"
2025-06-28T14:00:38.549288Z  INFO scan_sources: tailwindcss_oxide::scanner: Discovering "C:\\Users\\USER\\Desktop\\Projects\\marketplace-frontend0\\lib\\cart-context.tsx"
2025-06-28T14:00:38.549421Z  INFO scan_sources: tailwindcss_oxide::scanner: Discovering "C:\\Users\\USER\\Desktop\\Projects\\marketplace-frontend0\\lib\\localStorage-cart.ts"
2025-06-28T14:00:38.549555Z  INFO scan_sources: tailwindcss_oxide::scanner: Discovering "C:\\Users\\USER\\Desktop\\Projects\\marketplace-frontend0\\lib\\useProtectedRoute.ts"
2025-06-28T14:00:38.549688Z  INFO scan_sources: tailwindcss_oxide::scanner: Discovering "C:\\Users\\USER\\Desktop\\Projects\\marketplace-frontend0\\lib\\utils.ts"
2025-06-28T14:00:38.549982Z  INFO scan_sources: tailwindcss_oxide::scanner: Discovering "C:\\Users\\USER\\Desktop\\Projects\\marketplace-frontend0\\MARTAF"
2025-06-28T14:00:38.550413Z  INFO scan_sources: tailwindcss_oxide::scanner: Discovering "C:\\Users\\USER\\Desktop\\Projects\\marketplace-frontend0\\MARTAF\\MOBILE"
2025-06-28T14:00:38.551023Z  INFO scan_sources: tailwindcss_oxide::scanner: Discovering "C:\\Users\\USER\\Desktop\\Projects\\marketplace-frontend0\\MARTAF\\MOBILE\\cart and checkouts"
2025-06-28T14:00:38.551554Z  INFO scan_sources: tailwindcss_oxide::scanner: Discovering "C:\\Users\\USER\\Desktop\\Projects\\marketplace-frontend0\\MARTAF\\MOBILE\\cart and checkouts\\MARTAF (2)"
2025-06-28T14:00:38.552017Z  INFO scan_sources: tailwindcss_oxide::scanner: Discovering "C:\\Users\\USER\\Desktop\\Projects\\marketplace-frontend0\\MARTAF\\MOBILE\\cart and checkouts\\MARTAF (2)\\Cart"
2025-06-28T14:00:38.552572Z  INFO scan_sources: tailwindcss_oxide::scanner: Discovering "C:\\Users\\USER\\Desktop\\Projects\\marketplace-frontend0\\MARTAF\\MOBILE\\cart and checkouts\\MARTAF (3)"
2025-06-28T14:00:38.553071Z  INFO scan_sources: tailwindcss_oxide::scanner: Discovering "C:\\Users\\USER\\Desktop\\Projects\\marketplace-frontend0\\MARTAF\\MOBILE\\cart and checkouts\\MARTAF (3)\\Cart"
2025-06-28T14:00:38.553640Z  INFO scan_sources: tailwindcss_oxide::scanner: Discovering "C:\\Users\\USER\\Desktop\\Projects\\marketplace-frontend0\\MARTAF\\MOBILE\\cart and checkouts\\MARTAF (4)"
2025-06-28T14:00:38.554103Z  INFO scan_sources: tailwindcss_oxide::scanner: Discovering "C:\\Users\\USER\\Desktop\\Projects\\marketplace-frontend0\\MARTAF\\MOBILE\\cart and checkouts\\MARTAF (4)\\Cart"
2025-06-28T14:00:38.554648Z  INFO scan_sources: tailwindcss_oxide::scanner: Discovering "C:\\Users\\USER\\Desktop\\Projects\\marketplace-frontend0\\MARTAF\\MOBILE\\cart and checkouts\\MARTAF (5)"
2025-06-28T14:00:38.555096Z  INFO scan_sources: tailwindcss_oxide::scanner: Discovering "C:\\Users\\USER\\Desktop\\Projects\\marketplace-frontend0\\MARTAF\\MOBILE\\cart and checkouts\\MARTAF (5)\\Cart"
2025-06-28T14:00:38.555630Z  INFO scan_sources: tailwindcss_oxide::scanner: Discovering "C:\\Users\\USER\\Desktop\\Projects\\marketplace-frontend0\\MARTAF\\MOBILE\\cart and checkouts\\MARTAF (6)"
2025-06-28T14:00:38.556065Z  INFO scan_sources: tailwindcss_oxide::scanner: Discovering "C:\\Users\\USER\\Desktop\\Projects\\marketplace-frontend0\\MARTAF\\MOBILE\\cart and checkouts\\MARTAF (6)\\Cart"
2025-06-28T14:00:38.556610Z  INFO scan_sources: tailwindcss_oxide::scanner: Discovering "C:\\Users\\USER\\Desktop\\Projects\\marketplace-frontend0\\MARTAF\\MOBILE\\cart and checkouts\\MARTAF (7)"
2025-06-28T14:00:38.557177Z  INFO scan_sources: tailwindcss_oxide::scanner: Discovering "C:\\Users\\USER\\Desktop\\Projects\\marketplace-frontend0\\MARTAF\\MOBILE\\cart and checkouts\\MARTAF (7)\\Cart"
2025-06-28T14:00:38.561325Z  INFO scan_sources: tailwindcss_oxide::scanner: Discovering "C:\\Users\\USER\\Desktop\\Projects\\marketplace-frontend0\\MARTAF\\MOBILE\\cart and checkouts\\MARTAF (8)"
2025-06-28T14:00:38.561880Z  INFO scan_sources: tailwindcss_oxide::scanner: Discovering "C:\\Users\\USER\\Desktop\\Projects\\marketplace-frontend0\\MARTAF\\MOBILE\\cart and checkouts\\MARTAF (8)\\Cart"
2025-06-28T14:00:38.562449Z  INFO scan_sources: tailwindcss_oxide::scanner: Discovering "C:\\Users\\USER\\Desktop\\Projects\\marketplace-frontend0\\MARTAF\\MOBILE\\cart and checkouts\\MARTAF (9)"
2025-06-28T14:00:38.562867Z  INFO scan_sources: tailwindcss_oxide::scanner: Discovering "C:\\Users\\USER\\Desktop\\Projects\\marketplace-frontend0\\MARTAF\\MOBILE\\cart and checkouts\\MARTAF (9)\\Cart"
2025-06-28T14:00:38.563490Z  INFO scan_sources: tailwindcss_oxide::scanner: Discovering "C:\\Users\\USER\\Desktop\\Projects\\marketplace-frontend0\\MARTAF\\MOBILE\\Landing Pages"
2025-06-28T14:00:38.564090Z  INFO scan_sources: tailwindcss_oxide::scanner: Discovering "C:\\Users\\USER\\Desktop\\Projects\\marketplace-frontend0\\MARTAF\\MOBILE\\Product Pages"
2025-06-28T14:00:38.564707Z  INFO scan_sources: tailwindcss_oxide::scanner: Discovering "C:\\Users\\USER\\Desktop\\Projects\\marketplace-frontend0\\MARTAF\\MOBILE\\User login - Registration"
2025-06-28T14:00:38.565312Z  INFO scan_sources: tailwindcss_oxide::scanner: Discovering "C:\\Users\\USER\\Desktop\\Projects\\marketplace-frontend0\\middleware.ts"
2025-06-28T14:00:38.565496Z  INFO scan_sources: tailwindcss_oxide::scanner: Discovering "C:\\Users\\USER\\Desktop\\Projects\\marketplace-frontend0\\next.config.ts"
2025-06-28T14:00:38.566079Z  INFO scan_sources: tailwindcss_oxide::scanner: Discovering "C:\\Users\\USER\\Desktop\\Projects\\marketplace-frontend0\\package.json"
2025-06-28T14:00:38.566241Z  INFO scan_sources: tailwindcss_oxide::scanner: Discovering "C:\\Users\\USER\\Desktop\\Projects\\marketplace-frontend0\\postcss.config.mjs"
2025-06-28T14:00:38.566498Z  INFO scan_sources: tailwindcss_oxide::scanner: Discovering "C:\\Users\\USER\\Desktop\\Projects\\marketplace-frontend0\\public"
2025-06-28T14:00:38.566933Z  INFO scan_sources: tailwindcss_oxide::scanner: Discovering "C:\\Users\\USER\\Desktop\\Projects\\marketplace-frontend0\\public\\assets"
2025-06-28T14:00:38.567338Z  INFO scan_sources: tailwindcss_oxide::scanner: Discovering "C:\\Users\\USER\\Desktop\\Projects\\marketplace-frontend0\\public\\assets\\Hero_body[1].svg"
2025-06-28T14:00:38.567552Z  INFO scan_sources: tailwindcss_oxide::scanner: Discovering "C:\\Users\\USER\\Desktop\\Projects\\marketplace-frontend0\\public\\file.svg"
2025-06-28T14:00:38.567702Z  INFO scan_sources: tailwindcss_oxide::scanner: Discovering "C:\\Users\\USER\\Desktop\\Projects\\marketplace-frontend0\\public\\globe.svg"
2025-06-28T14:00:38.567848Z  INFO scan_sources: tailwindcss_oxide::scanner: Discovering "C:\\Users\\USER\\Desktop\\Projects\\marketplace-frontend0\\public\\next.svg"
2025-06-28T14:00:38.567996Z  INFO scan_sources: tailwindcss_oxide::scanner: Discovering "C:\\Users\\USER\\Desktop\\Projects\\marketplace-frontend0\\public\\vercel.svg"
2025-06-28T14:00:38.568127Z  INFO scan_sources: tailwindcss_oxide::scanner: Discovering "C:\\Users\\USER\\Desktop\\Projects\\marketplace-frontend0\\public\\window.svg"
2025-06-28T14:00:38.568339Z  INFO scan_sources: tailwindcss_oxide::scanner: Discovering "C:\\Users\\USER\\Desktop\\Projects\\marketplace-frontend0\\README.md"
2025-06-28T14:00:38.568539Z  INFO scan_sources: tailwindcss_oxide::scanner: Discovering "C:\\Users\\USER\\Desktop\\Projects\\marketplace-frontend0\\tsconfig.json"
2025-06-28T14:00:38.568801Z  INFO scan_sources: tailwindcss_oxide::scanner: Discovering "C:\\Users\\USER\\Desktop\\Projects\\marketplace-frontend0\\types"
2025-06-28T14:00:38.569165Z  INFO scan_sources: tailwindcss_oxide::scanner: Discovering "C:\\Users\\USER\\Desktop\\Projects\\marketplace-frontend0\\types\\api.ts"
2025-06-28T14:00:38.569462Z  INFO scan_sources: tailwindcss_oxide::scanner: exit
2025-06-28T14:00:38.569491Z  INFO extract_candidates: tailwindcss_oxide::scanner: enter
2025-06-28T14:00:38.569871Z  INFO extract_candidates:read_all_files: tailwindcss_oxide::scanner: enter
2025-06-28T14:00:38.569902Z  INFO extract_candidates:read_all_files: tailwindcss_oxide::scanner: Reading 98 file(s)
2025-06-28T14:00:38.571980Z  INFO tailwindcss_oxide::scanner: Reading "C:\\Users\\USER\\Desktop\\Projects\\marketplace-frontend0\\app\\account\\(auth)\\coupons\\page.tsx"
2025-06-28T14:00:38.572221Z  INFO tailwindcss_oxide::scanner: Reading "C:\\Users\\USER\\Desktop\\Projects\\marketplace-frontend0\\app\\account\\(auth)\\layout.tsx"
2025-06-28T14:00:38.572383Z  INFO tailwindcss_oxide::scanner: Reading "C:\\Users\\USER\\Desktop\\Projects\\marketplace-frontend0\\app\\account\\(auth)\\legal\\page.tsx"
2025-06-28T14:00:38.572569Z  INFO tailwindcss_oxide::scanner: Reading "C:\\Users\\USER\\Desktop\\Projects\\marketplace-frontend0\\app\\account\\(auth)\\orders\\page.tsx"
2025-06-28T14:00:38.572738Z  INFO tailwindcss_oxide::scanner: Reading "C:\\Users\\USER\\Desktop\\Projects\\marketplace-frontend0\\app\\account\\(auth)\\payment-methods\\add\\page.tsx"
2025-06-28T14:00:38.572885Z  INFO tailwindcss_oxide::scanner: Reading "C:\\Users\\USER\\Desktop\\Projects\\marketplace-frontend0\\app\\account\\(auth)\\payment-methods\\page.tsx"
2025-06-28T14:00:38.573043Z  INFO tailwindcss_oxide::scanner: Reading "C:\\Users\\USER\\Desktop\\Projects\\marketplace-frontend0\\app\\account\\(auth)\\privacy-policy\\page.tsx"
2025-06-28T14:00:38.573205Z  INFO tailwindcss_oxide::scanner: Reading "C:\\Users\\USER\\Desktop\\Projects\\marketplace-frontend0\\app\\account\\(auth)\\sellers\\page.tsx"
2025-06-28T14:00:38.573371Z  INFO tailwindcss_oxide::scanner: Reading "C:\\Users\\USER\\Desktop\\Projects\\marketplace-frontend0\\app\\account\\(auth)\\shipping-addresses\\add\\page.tsx"
2025-06-28T14:00:38.573538Z  INFO tailwindcss_oxide::scanner: Reading "C:\\Users\\USER\\Desktop\\Projects\\marketplace-frontend0\\app\\account\\(auth)\\shipping-addresses\\page.tsx"
2025-06-28T14:00:38.573692Z  INFO tailwindcss_oxide::scanner: Reading "C:\\Users\\USER\\Desktop\\Projects\\marketplace-frontend0\\app\\account\\(auth)\\wishlist\\page.tsx"
2025-06-28T14:00:38.573837Z  INFO tailwindcss_oxide::scanner: Reading "C:\\Users\\USER\\Desktop\\Projects\\marketplace-frontend0\\app\\account\\edit\\page.tsx"
2025-06-28T14:00:38.574672Z  INFO tailwindcss_oxide::scanner: Reading "C:\\Users\\USER\\Desktop\\Projects\\marketplace-frontend0\\app\\account\\page.tsx"
2025-06-28T14:00:38.575062Z  INFO tailwindcss_oxide::scanner: Reading "C:\\Users\\USER\\Desktop\\Projects\\marketplace-frontend0\\app\\cart\\page.tsx"
2025-06-28T14:00:38.575281Z  INFO tailwindcss_oxide::scanner: Reading "C:\\Users\\USER\\Desktop\\Projects\\marketplace-frontend0\\app\\categories\\[slug]\\page.tsx"
2025-06-28T14:00:38.575515Z  INFO tailwindcss_oxide::scanner: Reading "C:\\Users\\USER\\Desktop\\Projects\\marketplace-frontend0\\app\\checkout\\page.tsx"
2025-06-28T14:00:38.575748Z  INFO tailwindcss_oxide::scanner: Reading "C:\\Users\\USER\\Desktop\\Projects\\marketplace-frontend0\\app\\forgot-email\\page.tsx"
2025-06-28T14:00:38.575912Z  INFO tailwindcss_oxide::scanner: Reading "C:\\Users\\USER\\Desktop\\Projects\\marketplace-frontend0\\app\\forgot-password\\confirmation\\page.tsx"
2025-06-28T14:00:38.576080Z  INFO tailwindcss_oxide::scanner: Reading "C:\\Users\\USER\\Desktop\\Projects\\marketplace-frontend0\\app\\forgot-password\\page.tsx"
2025-06-28T14:00:38.576822Z  INFO tailwindcss_oxide::scanner: Reading "C:\\Users\\USER\\Desktop\\Projects\\marketplace-frontend0\\app\\forgot-password\\reset\\page.tsx"
2025-06-28T14:00:38.577266Z  INFO tailwindcss_oxide::scanner: Reading "C:\\Users\\USER\\Desktop\\Projects\\marketplace-frontend0\\app\\landing\\page.tsx"
2025-06-28T14:00:38.577465Z  INFO tailwindcss_oxide::scanner: Reading "C:\\Users\\USER\\Desktop\\Projects\\marketplace-frontend0\\app\\layout.tsx"
2025-06-28T14:00:38.577632Z  INFO tailwindcss_oxide::scanner: Reading "C:\\Users\\USER\\Desktop\\Projects\\marketplace-frontend0\\app\\login\\page.tsx"
2025-06-28T14:00:38.577815Z  INFO tailwindcss_oxide::scanner: Reading "C:\\Users\\USER\\Desktop\\Projects\\marketplace-frontend0\\app\\order-details\\[orderId]\\page.tsx"
2025-06-28T14:00:38.577981Z  INFO tailwindcss_oxide::scanner: Reading "C:\\Users\\USER\\Desktop\\Projects\\marketplace-frontend0\\app\\order-success\\page.tsx"
2025-06-28T14:00:38.578183Z  INFO tailwindcss_oxide::scanner: Reading "C:\\Users\\USER\\Desktop\\Projects\\marketplace-frontend0\\app\\page.tsx"
2025-06-28T14:00:38.578183Z  INFO tailwindcss_oxide::scanner: Reading "C:\\Users\\USER\\Desktop\\Projects\\marketplace-frontend0\\components\\martaf\\MoreToLove.tsx"
2025-06-28T14:00:38.578291Z  INFO tailwindcss_oxide::scanner: Reading "C:\\Users\\USER\\Desktop\\Projects\\marketplace-frontend0\\components\\ui\\sonner.tsx"
2025-06-28T14:00:38.578326Z  INFO tailwindcss_oxide::scanner: Reading "C:\\Users\\USER\\Desktop\\Projects\\marketplace-frontend0\\components\\martaf\\PopularSearches.tsx"
2025-06-28T14:00:38.578414Z  INFO tailwindcss_oxide::scanner: Reading "C:\\Users\\USER\\Desktop\\Projects\\marketplace-frontend0\\app\\product\\[slug]\\page.tsx"
2025-06-28T14:00:38.578446Z  INFO tailwindcss_oxide::scanner: Reading "C:\\Users\\USER\\Desktop\\Projects\\marketplace-frontend0\\components\\ui\\switch.tsx"
2025-06-28T14:00:38.578467Z  INFO tailwindcss_oxide::scanner: Reading "C:\\Users\\USER\\Desktop\\Projects\\marketplace-frontend0\\components\\martaf\\ProductCard.tsx"
2025-06-28T14:00:38.578570Z  INFO tailwindcss_oxide::scanner: Reading "C:\\Users\\USER\\Desktop\\Projects\\marketplace-frontend0\\components\\ui\\tabs.tsx"
2025-06-28T14:00:38.578592Z  INFO tailwindcss_oxide::scanner: Reading "C:\\Users\\USER\\Desktop\\Projects\\marketplace-frontend0\\components\\martaf\\RatingsReviewsDrawer.tsx"
2025-06-28T14:00:38.578658Z  INFO tailwindcss_oxide::scanner: Reading "C:\\Users\\USER\\Desktop\\Projects\\marketplace-frontend0\\app\\signup\\page.tsx"
2025-06-28T14:00:38.578703Z  INFO tailwindcss_oxide::scanner: Reading "C:\\Users\\USER\\Desktop\\Projects\\marketplace-frontend0\\components\\ui\\textarea.tsx"
2025-06-28T14:00:38.578726Z  INFO tailwindcss_oxide::scanner: Reading "C:\\Users\\USER\\Desktop\\Projects\\marketplace-frontend0\\components\\martaf\\ReviewForm.tsx"
2025-06-28T14:00:38.578794Z  INFO tailwindcss_oxide::scanner: Reading "C:\\Users\\USER\\Desktop\\Projects\\marketplace-frontend0\\app\\track-order\\page.tsx"
2025-06-28T14:00:38.578827Z  INFO tailwindcss_oxide::scanner: Reading "C:\\Users\\USER\\Desktop\\Projects\\marketplace-frontend0\\components\\ui\\tooltip.tsx"
2025-06-28T14:00:38.578846Z  INFO tailwindcss_oxide::scanner: Reading "C:\\Users\\USER\\Desktop\\Projects\\marketplace-frontend0\\components\\martaf\\SizeGuideDrawer.tsx"
2025-06-28T14:00:38.578916Z  INFO tailwindcss_oxide::scanner: Reading "C:\\Users\\USER\\Desktop\\Projects\\marketplace-frontend0\\components\\dark-mode.tsx"
2025-06-28T14:00:38.578969Z  INFO tailwindcss_oxide::scanner: Reading "C:\\Users\\USER\\Desktop\\Projects\\marketplace-frontend0\\components\\martaf\\TrendingProducts.tsx"
2025-06-28T14:00:38.579040Z  INFO tailwindcss_oxide::scanner: Reading "C:\\Users\\USER\\Desktop\\Projects\\marketplace-frontend0\\components\\login-form.tsx"
2025-06-28T14:00:38.579101Z  INFO tailwindcss_oxide::scanner: Reading "C:\\Users\\USER\\Desktop\\Projects\\marketplace-frontend0\\components\\martaf\\WhyChooseMartaf.tsx"
2025-06-28T14:00:38.579154Z  INFO tailwindcss_oxide::scanner: Reading "C:\\Users\\USER\\Desktop\\Projects\\marketplace-frontend0\\components.json"
2025-06-28T14:00:38.579252Z  INFO tailwindcss_oxide::scanner: Reading "C:\\Users\\USER\\Desktop\\Projects\\marketplace-frontend0\\components\\theme-provider.tsx"
2025-06-28T14:00:38.579337Z  INFO tailwindcss_oxide::scanner: Reading "C:\\Users\\USER\\Desktop\\Projects\\marketplace-frontend0\\lib\\api.ts"
2025-06-28T14:00:38.579395Z  INFO tailwindcss_oxide::scanner: Reading "C:\\Users\\USER\\Desktop\\Projects\\marketplace-frontend0\\components\\ui\\accordion.tsx"
2025-06-28T14:00:38.579512Z  INFO tailwindcss_oxide::scanner: Reading "C:\\Users\\USER\\Desktop\\Projects\\marketplace-frontend0\\lib\\auth-context.tsx"
2025-06-28T14:00:38.579517Z  INFO tailwindcss_oxide::scanner: Reading "C:\\Users\\USER\\Desktop\\Projects\\marketplace-frontend0\\components\\ui\\avatar.tsx"
2025-06-28T14:00:38.579655Z  INFO tailwindcss_oxide::scanner: Reading "C:\\Users\\USER\\Desktop\\Projects\\marketplace-frontend0\\lib\\cart-context.tsx"
2025-06-28T14:00:38.579668Z  INFO tailwindcss_oxide::scanner: Reading "C:\\Users\\USER\\Desktop\\Projects\\marketplace-frontend0\\components\\ui\\badge.tsx"
2025-06-28T14:00:38.579832Z  INFO tailwindcss_oxide::scanner: Reading "C:\\Users\\USER\\Desktop\\Projects\\marketplace-frontend0\\lib\\localStorage-cart.ts"
2025-06-28T14:00:38.579839Z  INFO tailwindcss_oxide::scanner: Reading "C:\\Users\\USER\\Desktop\\Projects\\marketplace-frontend0\\components\\ui\\button.tsx"
2025-06-28T14:00:38.579975Z  INFO tailwindcss_oxide::scanner: Reading "C:\\Users\\USER\\Desktop\\Projects\\marketplace-frontend0\\lib\\useProtectedRoute.ts"
2025-06-28T14:00:38.580092Z  INFO tailwindcss_oxide::scanner: Reading "C:\\Users\\USER\\Desktop\\Projects\\marketplace-frontend0\\components\\ui\\card.tsx"
2025-06-28T14:00:38.580174Z  INFO tailwindcss_oxide::scanner: Reading "C:\\Users\\USER\\Desktop\\Projects\\marketplace-frontend0\\lib\\utils.ts"
2025-06-28T14:00:38.580220Z  INFO tailwindcss_oxide::scanner: Reading "C:\\Users\\USER\\Desktop\\Projects\\marketplace-frontend0\\components\\ui\\checkbox.tsx"
2025-06-28T14:00:38.580290Z  INFO tailwindcss_oxide::scanner: Reading "C:\\Users\\USER\\Desktop\\Projects\\marketplace-frontend0\\middleware.ts"
2025-06-28T14:00:38.580405Z  INFO tailwindcss_oxide::scanner: Reading "C:\\Users\\USER\\Desktop\\Projects\\marketplace-frontend0\\components\\ui\\command.tsx"
2025-06-28T14:00:38.580548Z  INFO tailwindcss_oxide::scanner: Reading "C:\\Users\\USER\\Desktop\\Projects\\marketplace-frontend0\\next.config.ts"
2025-06-28T14:00:38.580551Z  INFO tailwindcss_oxide::scanner: Reading "C:\\Users\\USER\\Desktop\\Projects\\marketplace-frontend0\\components\\ui\\dialog.tsx"
2025-06-28T14:00:38.580668Z  INFO tailwindcss_oxide::scanner: Reading "C:\\Users\\USER\\Desktop\\Projects\\marketplace-frontend0\\package.json"
2025-06-28T14:00:38.580703Z  INFO tailwindcss_oxide::scanner: Reading "C:\\Users\\USER\\Desktop\\Projects\\marketplace-frontend0\\components\\ui\\drawer.tsx"
2025-06-28T14:00:38.580794Z  INFO tailwindcss_oxide::scanner: Reading "C:\\Users\\USER\\Desktop\\Projects\\marketplace-frontend0\\postcss.config.mjs"
2025-06-28T14:00:38.580845Z  INFO tailwindcss_oxide::scanner: Reading "C:\\Users\\USER\\Desktop\\Projects\\marketplace-frontend0\\components\\ui\\dropdown-menu.tsx"
2025-06-28T14:00:38.580982Z  INFO tailwindcss_oxide::scanner: Reading "C:\\Users\\USER\\Desktop\\Projects\\marketplace-frontend0\\components\\ui\\input.tsx"
2025-06-28T14:00:38.581121Z  INFO tailwindcss_oxide::scanner: Reading "C:\\Users\\USER\\Desktop\\Projects\\marketplace-frontend0\\components\\ui\\label.tsx"
2025-06-28T14:00:38.581260Z  INFO tailwindcss_oxide::scanner: Reading "C:\\Users\\USER\\Desktop\\Projects\\marketplace-frontend0\\components\\ui\\popover.tsx"
2025-06-28T14:00:38.581379Z  INFO tailwindcss_oxide::scanner: Reading "C:\\Users\\USER\\Desktop\\Projects\\marketplace-frontend0\\components\\ui\\ProtectedLink.tsx"
2025-06-28T14:00:38.581500Z  INFO tailwindcss_oxide::scanner: Reading "C:\\Users\\USER\\Desktop\\Projects\\marketplace-frontend0\\components\\ui\\sheet.tsx"
2025-06-28T14:00:38.581843Z  INFO tailwindcss_oxide::scanner: Reading "C:\\Users\\USER\\Desktop\\Projects\\marketplace-frontend0\\components\\martaf\\AuthPopups\\AllDonePopup.tsx"
2025-06-28T14:00:38.582028Z  INFO tailwindcss_oxide::scanner: Reading "C:\\Users\\USER\\Desktop\\Projects\\marketplace-frontend0\\public\\globe.svg"
2025-06-28T14:00:38.582054Z  INFO tailwindcss_oxide::scanner: Reading "C:\\Users\\USER\\Desktop\\Projects\\marketplace-frontend0\\components\\martaf\\AuthPopups\\CheckInboxPopup.tsx"
2025-06-28T14:00:38.582219Z  INFO tailwindcss_oxide::scanner: Reading "C:\\Users\\USER\\Desktop\\Projects\\marketplace-frontend0\\components\\martaf\\AuthPopups\\ForgotEmailPopup.tsx"
2025-06-28T14:00:38.582381Z  INFO tailwindcss_oxide::scanner: Reading "C:\\Users\\USER\\Desktop\\Projects\\marketplace-frontend0\\components\\martaf\\AuthPopups\\ForgotPasswordPopup.tsx"
2025-06-28T14:00:38.582535Z  INFO tailwindcss_oxide::scanner: Reading "C:\\Users\\USER\\Desktop\\Projects\\marketplace-frontend0\\components\\martaf\\AuthPopups\\PasswordUpdatedPopup.tsx"
2025-06-28T14:00:38.582708Z  INFO tailwindcss_oxide::scanner: Reading "C:\\Users\\USER\\Desktop\\Projects\\marketplace-frontend0\\components\\martaf\\AuthPopups\\ResetPasswordPopup.tsx"
2025-06-28T14:00:38.582874Z  INFO tailwindcss_oxide::scanner: Reading "C:\\Users\\USER\\Desktop\\Projects\\marketplace-frontend0\\components\\martaf\\AuthPopups\\SignInPopup.tsx"
2025-06-28T14:00:38.583033Z  INFO tailwindcss_oxide::scanner: Reading "C:\\Users\\USER\\Desktop\\Projects\\marketplace-frontend0\\components\\martaf\\AuthPopups\\SignUpPopup.tsx"
2025-06-28T14:00:38.583178Z  INFO tailwindcss_oxide::scanner: Reading "C:\\Users\\USER\\Desktop\\Projects\\marketplace-frontend0\\components\\martaf\\AuthPopups\\VerifyEmailPopup.tsx"
2025-06-28T14:00:38.583318Z  INFO tailwindcss_oxide::scanner: Reading "C:\\Users\\USER\\Desktop\\Projects\\marketplace-frontend0\\components\\martaf\\Categories.tsx"
2025-06-28T14:00:38.583473Z  INFO tailwindcss_oxide::scanner: Reading "C:\\Users\\USER\\Desktop\\Projects\\marketplace-frontend0\\components\\martaf\\ConditionalHeader.tsx"
2025-06-28T14:00:38.583606Z  INFO tailwindcss_oxide::scanner: Reading "C:\\Users\\USER\\Desktop\\Projects\\marketplace-frontend0\\components\\martaf\\ConfirmDeliveryModal.tsx"
2025-06-28T14:00:38.583745Z  INFO tailwindcss_oxide::scanner: Reading "C:\\Users\\USER\\Desktop\\Projects\\marketplace-frontend0\\components\\martaf\\DiscountItems.tsx"
2025-06-28T14:00:38.583908Z  INFO tailwindcss_oxide::scanner: Reading "C:\\Users\\USER\\Desktop\\Projects\\marketplace-frontend0\\components\\martaf\\Footer.tsx"
2025-06-28T14:00:38.584084Z  INFO tailwindcss_oxide::scanner: Reading "C:\\Users\\USER\\Desktop\\Projects\\marketplace-frontend0\\components\\martaf\\Header.tsx"
2025-06-28T14:00:38.584279Z  INFO tailwindcss_oxide::scanner: Reading "C:\\Users\\USER\\Desktop\\Projects\\marketplace-frontend0\\components\\martaf\\HeroSection.tsx"
2025-06-28T14:00:38.584420Z  INFO tailwindcss_oxide::scanner: Reading "C:\\Users\\USER\\Desktop\\Projects\\marketplace-frontend0\\public\\next.svg"
2025-06-28T14:00:38.584823Z  INFO tailwindcss_oxide::scanner: Reading "C:\\Users\\USER\\Desktop\\Projects\\marketplace-frontend0\\public\\vercel.svg"
2025-06-28T14:00:38.584938Z  INFO tailwindcss_oxide::scanner: Reading "C:\\Users\\USER\\Desktop\\Projects\\marketplace-frontend0\\components\\martaf\\ImpactNumbers.tsx"
2025-06-28T14:00:38.585043Z  INFO tailwindcss_oxide::scanner: Reading "C:\\Users\\USER\\Desktop\\Projects\\marketplace-frontend0\\public\\window.svg"
2025-06-28T14:00:38.585054Z  INFO tailwindcss_oxide::scanner: Reading "C:\\Users\\USER\\Desktop\\Projects\\marketplace-frontend0\\public\\assets\\Hero_body[1].svg"
2025-06-28T14:00:38.585117Z  INFO tailwindcss_oxide::scanner: Reading "C:\\Users\\USER\\Desktop\\Projects\\marketplace-frontend0\\components\\martaf\\JoinMartaf.tsx"
2025-06-28T14:00:38.585289Z  INFO tailwindcss_oxide::scanner: Reading "C:\\Users\\USER\\Desktop\\Projects\\marketplace-frontend0\\tsconfig.json"
2025-06-28T14:00:38.585477Z  INFO tailwindcss_oxide::scanner: Reading "C:\\Users\\USER\\Desktop\\Projects\\marketplace-frontend0\\types\\api.ts"
2025-06-28T14:00:38.585728Z  INFO tailwindcss_oxide::scanner: Reading "C:\\Users\\USER\\Desktop\\Projects\\marketplace-frontend0\\README.md"
2025-06-28T14:00:38.586620Z  INFO tailwindcss_oxide::scanner: Reading "C:\\Users\\USER\\Desktop\\Projects\\marketplace-frontend0\\public\\file.svg"
2025-06-28T14:00:38.588517Z  INFO extract_candidates:read_all_files: tailwindcss_oxide::scanner: exit
2025-06-28T14:00:38.588565Z  INFO extract_candidates:parse_all_blobs: tailwindcss_oxide::scanner: enter
2025-06-28T14:00:38.588579Z  INFO extract_candidates:parse_all_blobs:extract: tailwindcss_oxide::scanner: enter
2025-06-28T14:00:38.620152Z  INFO extract_candidates:parse_all_blobs:extract: tailwindcss_oxide::scanner: exit
2025-06-28T14:00:38.620594Z  INFO extract_candidates:parse_all_blobs: tailwindcss_oxide::scanner: exit
2025-06-28T14:00:38.620636Z  INFO extract_candidates:read_all_files: tailwindcss_oxide::scanner: enter
2025-06-28T14:00:38.620648Z  INFO extract_candidates:read_all_files: tailwindcss_oxide::scanner: Reading 1 file(s)
2025-06-28T14:00:38.620891Z  INFO extract_candidates:read_all_files: tailwindcss_oxide::scanner: Reading "C:\\Users\\USER\\Desktop\\Projects\\marketplace-frontend0\\app\\globals.css"
2025-06-28T14:00:38.620923Z  INFO extract_candidates:read_all_files: tailwindcss_oxide::scanner: exit
2025-06-28T14:00:38.620943Z  INFO extract_candidates:extract_css_variables: tailwindcss_oxide::scanner: enter
2025-06-28T14:00:38.620955Z  INFO extract_candidates:extract_css_variables:extract: tailwindcss_oxide::scanner: enter
2025-06-28T14:00:38.621130Z  INFO extract_candidates:extract_css_variables:extract: tailwindcss_oxide::scanner: exit
2025-06-28T14:00:38.621150Z  INFO extract_candidates:extract_css_variables: tailwindcss_oxide::scanner: exit
2025-06-28T14:00:38.627954Z  INFO extract_candidates: tailwindcss_oxide::scanner: exit
2025-06-28T14:00:38.636819Z  INFO get_files: tailwindcss_oxide::scanner: enter
2025-06-28T14:00:38.636871Z  INFO get_files:scan_sources: tailwindcss_oxide::scanner: enter
2025-06-28T14:00:38.641751Z  INFO get_files:scan_sources: tailwindcss_oxide::scanner: Discovering "C:\\Users\\USER\\Desktop\\Projects\\marketplace-frontend0\\app"
2025-06-28T14:00:38.642258Z  INFO get_files:scan_sources: tailwindcss_oxide::scanner: Discovering "C:\\Users\\USER\\Desktop\\Projects\\marketplace-frontend0\\app\\account"
2025-06-28T14:00:38.642750Z  INFO get_files:scan_sources: tailwindcss_oxide::scanner: Discovering "C:\\Users\\USER\\Desktop\\Projects\\marketplace-frontend0\\app\\account\\(auth)"
2025-06-28T14:00:38.643238Z  INFO get_files:scan_sources: tailwindcss_oxide::scanner: Discovering "C:\\Users\\USER\\Desktop\\Projects\\marketplace-frontend0\\app\\account\\(auth)\\coupons"
2025-06-28T14:00:38.643876Z  INFO get_files:scan_sources: tailwindcss_oxide::scanner: Discovering "C:\\Users\\USER\\Desktop\\Projects\\marketplace-frontend0\\app\\account\\(auth)\\legal"
2025-06-28T14:00:38.644390Z  INFO get_files:scan_sources: tailwindcss_oxide::scanner: Discovering "C:\\Users\\USER\\Desktop\\Projects\\marketplace-frontend0\\app\\account\\(auth)\\orders"
2025-06-28T14:00:38.644886Z  INFO get_files:scan_sources: tailwindcss_oxide::scanner: Discovering "C:\\Users\\USER\\Desktop\\Projects\\marketplace-frontend0\\app\\account\\(auth)\\payment-methods"
2025-06-28T14:00:38.645256Z  INFO get_files:scan_sources: tailwindcss_oxide::scanner: Discovering "C:\\Users\\USER\\Desktop\\Projects\\marketplace-frontend0\\app\\account\\(auth)\\payment-methods\\add"
2025-06-28T14:00:38.645872Z  INFO get_files:scan_sources: tailwindcss_oxide::scanner: Discovering "C:\\Users\\USER\\Desktop\\Projects\\marketplace-frontend0\\app\\account\\(auth)\\privacy-policy"
2025-06-28T14:00:38.646373Z  INFO get_files:scan_sources: tailwindcss_oxide::scanner: Discovering "C:\\Users\\USER\\Desktop\\Projects\\marketplace-frontend0\\app\\account\\(auth)\\sellers"
2025-06-28T14:00:38.646870Z  INFO get_files:scan_sources: tailwindcss_oxide::scanner: Discovering "C:\\Users\\USER\\Desktop\\Projects\\marketplace-frontend0\\app\\account\\(auth)\\shipping-addresses"
2025-06-28T14:00:38.647295Z  INFO get_files:scan_sources: tailwindcss_oxide::scanner: Discovering "C:\\Users\\USER\\Desktop\\Projects\\marketplace-frontend0\\app\\account\\(auth)\\shipping-addresses\\add"
2025-06-28T14:00:38.647903Z  INFO get_files:scan_sources: tailwindcss_oxide::scanner: Discovering "C:\\Users\\USER\\Desktop\\Projects\\marketplace-frontend0\\app\\account\\(auth)\\wishlist"
2025-06-28T14:00:38.648446Z  INFO get_files:scan_sources: tailwindcss_oxide::scanner: Discovering "C:\\Users\\USER\\Desktop\\Projects\\marketplace-frontend0\\app\\account\\edit"
2025-06-28T14:00:38.649032Z  INFO get_files:scan_sources: tailwindcss_oxide::scanner: Discovering "C:\\Users\\USER\\Desktop\\Projects\\marketplace-frontend0\\app\\cart"
2025-06-28T14:00:38.649519Z  INFO get_files:scan_sources: tailwindcss_oxide::scanner: Discovering "C:\\Users\\USER\\Desktop\\Projects\\marketplace-frontend0\\app\\categories"
2025-06-28T14:00:38.649923Z  INFO get_files:scan_sources: tailwindcss_oxide::scanner: Discovering "C:\\Users\\USER\\Desktop\\Projects\\marketplace-frontend0\\app\\categories\\[slug]"
2025-06-28T14:00:38.650459Z  INFO get_files:scan_sources: tailwindcss_oxide::scanner: Discovering "C:\\Users\\USER\\Desktop\\Projects\\marketplace-frontend0\\app\\checkout"
2025-06-28T14:00:38.651005Z  INFO get_files:scan_sources: tailwindcss_oxide::scanner: Discovering "C:\\Users\\USER\\Desktop\\Projects\\marketplace-frontend0\\app\\forgot-email"
2025-06-28T14:00:38.651506Z  INFO get_files:scan_sources: tailwindcss_oxide::scanner: Discovering "C:\\Users\\USER\\Desktop\\Projects\\marketplace-frontend0\\app\\forgot-password"
2025-06-28T14:00:38.651878Z  INFO get_files:scan_sources: tailwindcss_oxide::scanner: Discovering "C:\\Users\\USER\\Desktop\\Projects\\marketplace-frontend0\\app\\forgot-password\\confirmation"
2025-06-28T14:00:38.652441Z  INFO get_files:scan_sources: tailwindcss_oxide::scanner: Discovering "C:\\Users\\USER\\Desktop\\Projects\\marketplace-frontend0\\app\\forgot-password\\reset"
2025-06-28T14:00:38.653066Z  INFO get_files:scan_sources: tailwindcss_oxide::scanner: Discovering "C:\\Users\\USER\\Desktop\\Projects\\marketplace-frontend0\\app\\landing"
2025-06-28T14:00:38.653617Z  INFO get_files:scan_sources: tailwindcss_oxide::scanner: Discovering "C:\\Users\\USER\\Desktop\\Projects\\marketplace-frontend0\\app\\login"
2025-06-28T14:00:38.654098Z  INFO get_files:scan_sources: tailwindcss_oxide::scanner: Discovering "C:\\Users\\USER\\Desktop\\Projects\\marketplace-frontend0\\app\\order-details"
2025-06-28T14:00:38.654476Z  INFO get_files:scan_sources: tailwindcss_oxide::scanner: Discovering "C:\\Users\\USER\\Desktop\\Projects\\marketplace-frontend0\\app\\order-details\\[orderId]"
2025-06-28T14:00:38.655011Z  INFO get_files:scan_sources: tailwindcss_oxide::scanner: Discovering "C:\\Users\\USER\\Desktop\\Projects\\marketplace-frontend0\\app\\order-success"
2025-06-28T14:00:38.655578Z  INFO get_files:scan_sources: tailwindcss_oxide::scanner: Discovering "C:\\Users\\USER\\Desktop\\Projects\\marketplace-frontend0\\app\\product"
2025-06-28T14:00:38.655992Z  INFO get_files:scan_sources: tailwindcss_oxide::scanner: Discovering "C:\\Users\\USER\\Desktop\\Projects\\marketplace-frontend0\\app\\product\\[slug]"
2025-06-28T14:00:38.656557Z  INFO get_files:scan_sources: tailwindcss_oxide::scanner: Discovering "C:\\Users\\USER\\Desktop\\Projects\\marketplace-frontend0\\app\\signup"
2025-06-28T14:00:38.658128Z  INFO get_files:scan_sources: tailwindcss_oxide::scanner: Discovering "C:\\Users\\USER\\Desktop\\Projects\\marketplace-frontend0\\app\\track-order"
2025-06-28T14:00:38.659896Z  INFO get_files:scan_sources: tailwindcss_oxide::scanner: Discovering "C:\\Users\\USER\\Desktop\\Projects\\marketplace-frontend0\\components"
2025-06-28T14:00:38.661190Z  INFO get_files:scan_sources: tailwindcss_oxide::scanner: Discovering "C:\\Users\\USER\\Desktop\\Projects\\marketplace-frontend0\\components\\martaf"
2025-06-28T14:00:38.661722Z  INFO get_files:scan_sources: tailwindcss_oxide::scanner: Discovering "C:\\Users\\USER\\Desktop\\Projects\\marketplace-frontend0\\components\\martaf\\AuthPopups"
2025-06-28T14:00:38.664543Z  INFO get_files:scan_sources: tailwindcss_oxide::scanner: Discovering "C:\\Users\\USER\\Desktop\\Projects\\marketplace-frontend0\\components\\ui"
2025-06-28T14:00:38.666606Z  INFO get_files:scan_sources: tailwindcss_oxide::scanner: Discovering "C:\\Users\\USER\\Desktop\\Projects\\marketplace-frontend0\\lib"
2025-06-28T14:00:38.667810Z  INFO get_files:scan_sources: tailwindcss_oxide::scanner: Discovering "C:\\Users\\USER\\Desktop\\Projects\\marketplace-frontend0\\MARTAF"
2025-06-28T14:00:38.668331Z  INFO get_files:scan_sources: tailwindcss_oxide::scanner: Discovering "C:\\Users\\USER\\Desktop\\Projects\\marketplace-frontend0\\MARTAF\\MOBILE"
2025-06-28T14:00:38.669130Z  INFO get_files:scan_sources: tailwindcss_oxide::scanner: Discovering "C:\\Users\\USER\\Desktop\\Projects\\marketplace-frontend0\\MARTAF\\MOBILE\\cart and checkouts"
2025-06-28T14:00:38.669678Z  INFO get_files:scan_sources: tailwindcss_oxide::scanner: Discovering "C:\\Users\\USER\\Desktop\\Projects\\marketplace-frontend0\\MARTAF\\MOBILE\\cart and checkouts\\MARTAF (2)"
2025-06-28T14:00:38.670131Z  INFO get_files:scan_sources: tailwindcss_oxide::scanner: Discovering "C:\\Users\\USER\\Desktop\\Projects\\marketplace-frontend0\\MARTAF\\MOBILE\\cart and checkouts\\MARTAF (2)\\Cart"
2025-06-28T14:00:38.670709Z  INFO get_files:scan_sources: tailwindcss_oxide::scanner: Discovering "C:\\Users\\USER\\Desktop\\Projects\\marketplace-frontend0\\MARTAF\\MOBILE\\cart and checkouts\\MARTAF (3)"
2025-06-28T14:00:38.671148Z  INFO get_files:scan_sources: tailwindcss_oxide::scanner: Discovering "C:\\Users\\USER\\Desktop\\Projects\\marketplace-frontend0\\MARTAF\\MOBILE\\cart and checkouts\\MARTAF (3)\\Cart"
2025-06-28T14:00:38.671682Z  INFO get_files:scan_sources: tailwindcss_oxide::scanner: Discovering "C:\\Users\\USER\\Desktop\\Projects\\marketplace-frontend0\\MARTAF\\MOBILE\\cart and checkouts\\MARTAF (4)"
2025-06-28T14:00:38.672090Z  INFO get_files:scan_sources: tailwindcss_oxide::scanner: Discovering "C:\\Users\\USER\\Desktop\\Projects\\marketplace-frontend0\\MARTAF\\MOBILE\\cart and checkouts\\MARTAF (4)\\Cart"
2025-06-28T14:00:38.672588Z  INFO get_files:scan_sources: tailwindcss_oxide::scanner: Discovering "C:\\Users\\USER\\Desktop\\Projects\\marketplace-frontend0\\MARTAF\\MOBILE\\cart and checkouts\\MARTAF (5)"
2025-06-28T14:00:38.672970Z  INFO get_files:scan_sources: tailwindcss_oxide::scanner: Discovering "C:\\Users\\USER\\Desktop\\Projects\\marketplace-frontend0\\MARTAF\\MOBILE\\cart and checkouts\\MARTAF (5)\\Cart"
2025-06-28T14:00:38.673566Z  INFO get_files:scan_sources: tailwindcss_oxide::scanner: Discovering "C:\\Users\\USER\\Desktop\\Projects\\marketplace-frontend0\\MARTAF\\MOBILE\\cart and checkouts\\MARTAF (6)"
2025-06-28T14:00:38.676186Z  INFO get_files:scan_sources: tailwindcss_oxide::scanner: Discovering "C:\\Users\\USER\\Desktop\\Projects\\marketplace-frontend0\\MARTAF\\MOBILE\\cart and checkouts\\MARTAF (6)\\Cart"
2025-06-28T14:00:38.676752Z  INFO get_files:scan_sources: tailwindcss_oxide::scanner: Discovering "C:\\Users\\USER\\Desktop\\Projects\\marketplace-frontend0\\MARTAF\\MOBILE\\cart and checkouts\\MARTAF (7)"
2025-06-28T14:00:38.677144Z  INFO get_files:scan_sources: tailwindcss_oxide::scanner: Discovering "C:\\Users\\USER\\Desktop\\Projects\\marketplace-frontend0\\MARTAF\\MOBILE\\cart and checkouts\\MARTAF (7)\\Cart"
2025-06-28T14:00:38.677662Z  INFO get_files:scan_sources: tailwindcss_oxide::scanner: Discovering "C:\\Users\\USER\\Desktop\\Projects\\marketplace-frontend0\\MARTAF\\MOBILE\\cart and checkouts\\MARTAF (8)"
2025-06-28T14:00:38.678127Z  INFO get_files:scan_sources: tailwindcss_oxide::scanner: Discovering "C:\\Users\\USER\\Desktop\\Projects\\marketplace-frontend0\\MARTAF\\MOBILE\\cart and checkouts\\MARTAF (8)\\Cart"
2025-06-28T14:00:38.678713Z  INFO get_files:scan_sources: tailwindcss_oxide::scanner: Discovering "C:\\Users\\USER\\Desktop\\Projects\\marketplace-frontend0\\MARTAF\\MOBILE\\cart and checkouts\\MARTAF (9)"
2025-06-28T14:00:38.679185Z  INFO get_files:scan_sources: tailwindcss_oxide::scanner: Discovering "C:\\Users\\USER\\Desktop\\Projects\\marketplace-frontend0\\MARTAF\\MOBILE\\cart and checkouts\\MARTAF (9)\\Cart"
2025-06-28T14:00:38.679834Z  INFO get_files:scan_sources: tailwindcss_oxide::scanner: Discovering "C:\\Users\\USER\\Desktop\\Projects\\marketplace-frontend0\\MARTAF\\MOBILE\\Landing Pages"
2025-06-28T14:00:38.680428Z  INFO get_files:scan_sources: tailwindcss_oxide::scanner: Discovering "C:\\Users\\USER\\Desktop\\Projects\\marketplace-frontend0\\MARTAF\\MOBILE\\Product Pages"
2025-06-28T14:00:38.681047Z  INFO get_files:scan_sources: tailwindcss_oxide::scanner: Discovering "C:\\Users\\USER\\Desktop\\Projects\\marketplace-frontend0\\MARTAF\\MOBILE\\User login - Registration"
2025-06-28T14:00:38.682688Z  INFO get_files:scan_sources: tailwindcss_oxide::scanner: Discovering "C:\\Users\\USER\\Desktop\\Projects\\marketplace-frontend0\\public"
2025-06-28T14:00:38.683216Z  INFO get_files:scan_sources: tailwindcss_oxide::scanner: Discovering "C:\\Users\\USER\\Desktop\\Projects\\marketplace-frontend0\\public\\assets"
2025-06-28T14:00:38.684715Z  INFO get_files:scan_sources: tailwindcss_oxide::scanner: Discovering "C:\\Users\\USER\\Desktop\\Projects\\marketplace-frontend0\\types"
2025-06-28T14:00:38.685418Z  INFO get_files:scan_sources: tailwindcss_oxide::scanner: exit
2025-06-28T14:00:38.687511Z  INFO get_files: tailwindcss_oxide::scanner: exit
2025-06-28T14:00:38.689076Z  INFO get_globs: tailwindcss_oxide::scanner: enter
2025-06-28T14:00:38.689118Z  INFO get_globs:scan_sources: tailwindcss_oxide::scanner: enter
2025-06-28T14:00:38.695468Z  INFO get_globs:scan_sources: tailwindcss_oxide::scanner: Discovering "C:\\Users\\USER\\Desktop\\Projects\\marketplace-frontend0\\app"
2025-06-28T14:00:38.696630Z  INFO get_globs:scan_sources: tailwindcss_oxide::scanner: Discovering "C:\\Users\\USER\\Desktop\\Projects\\marketplace-frontend0\\app\\account"
2025-06-28T14:00:38.697131Z  INFO get_globs:scan_sources: tailwindcss_oxide::scanner: Discovering "C:\\Users\\USER\\Desktop\\Projects\\marketplace-frontend0\\app\\account\\(auth)"
2025-06-28T14:00:38.697805Z  INFO get_globs:scan_sources: tailwindcss_oxide::scanner: Discovering "C:\\Users\\USER\\Desktop\\Projects\\marketplace-frontend0\\app\\account\\(auth)\\coupons"
2025-06-28T14:00:38.698568Z  INFO get_globs:scan_sources: tailwindcss_oxide::scanner: Discovering "C:\\Users\\USER\\Desktop\\Projects\\marketplace-frontend0\\app\\account\\(auth)\\legal"
2025-06-28T14:00:38.699147Z  INFO get_globs:scan_sources: tailwindcss_oxide::scanner: Discovering "C:\\Users\\USER\\Desktop\\Projects\\marketplace-frontend0\\app\\account\\(auth)\\orders"
2025-06-28T14:00:38.699727Z  INFO get_globs:scan_sources: tailwindcss_oxide::scanner: Discovering "C:\\Users\\USER\\Desktop\\Projects\\marketplace-frontend0\\app\\account\\(auth)\\payment-methods"
2025-06-28T14:00:38.700227Z  INFO get_globs:scan_sources: tailwindcss_oxide::scanner: Discovering "C:\\Users\\USER\\Desktop\\Projects\\marketplace-frontend0\\app\\account\\(auth)\\payment-methods\\add"
2025-06-28T14:00:38.700999Z  INFO get_globs:scan_sources: tailwindcss_oxide::scanner: Discovering "C:\\Users\\USER\\Desktop\\Projects\\marketplace-frontend0\\app\\account\\(auth)\\privacy-policy"
2025-06-28T14:00:38.701592Z  INFO get_globs:scan_sources: tailwindcss_oxide::scanner: Discovering "C:\\Users\\USER\\Desktop\\Projects\\marketplace-frontend0\\app\\account\\(auth)\\sellers"
2025-06-28T14:00:38.702171Z  INFO get_globs:scan_sources: tailwindcss_oxide::scanner: Discovering "C:\\Users\\USER\\Desktop\\Projects\\marketplace-frontend0\\app\\account\\(auth)\\shipping-addresses"
2025-06-28T14:00:38.702610Z  INFO get_globs:scan_sources: tailwindcss_oxide::scanner: Discovering "C:\\Users\\USER\\Desktop\\Projects\\marketplace-frontend0\\app\\account\\(auth)\\shipping-addresses\\add"
2025-06-28T14:00:38.704015Z  INFO get_globs:scan_sources: tailwindcss_oxide::scanner: Discovering "C:\\Users\\USER\\Desktop\\Projects\\marketplace-frontend0\\app\\account\\(auth)\\wishlist"
2025-06-28T14:00:38.704671Z  INFO get_globs:scan_sources: tailwindcss_oxide::scanner: Discovering "C:\\Users\\USER\\Desktop\\Projects\\marketplace-frontend0\\app\\account\\edit"
2025-06-28T14:00:38.707300Z  INFO get_globs:scan_sources: tailwindcss_oxide::scanner: Discovering "C:\\Users\\USER\\Desktop\\Projects\\marketplace-frontend0\\app\\cart"
2025-06-28T14:00:38.709792Z  INFO get_globs:scan_sources: tailwindcss_oxide::scanner: Discovering "C:\\Users\\USER\\Desktop\\Projects\\marketplace-frontend0\\app\\categories"
2025-06-28T14:00:38.710243Z  INFO get_globs:scan_sources: tailwindcss_oxide::scanner: Discovering "C:\\Users\\USER\\Desktop\\Projects\\marketplace-frontend0\\app\\categories\\[slug]"
2025-06-28T14:00:38.710857Z  INFO get_globs:scan_sources: tailwindcss_oxide::scanner: Discovering "C:\\Users\\USER\\Desktop\\Projects\\marketplace-frontend0\\app\\checkout"
2025-06-28T14:00:38.711789Z  INFO get_globs:scan_sources: tailwindcss_oxide::scanner: Discovering "C:\\Users\\USER\\Desktop\\Projects\\marketplace-frontend0\\app\\forgot-email"
2025-06-28T14:00:38.712483Z  INFO get_globs:scan_sources: tailwindcss_oxide::scanner: Discovering "C:\\Users\\USER\\Desktop\\Projects\\marketplace-frontend0\\app\\forgot-password"
2025-06-28T14:00:38.712911Z  INFO get_globs:scan_sources: tailwindcss_oxide::scanner: Discovering "C:\\Users\\USER\\Desktop\\Projects\\marketplace-frontend0\\app\\forgot-password\\confirmation"
2025-06-28T14:00:38.713520Z  INFO get_globs:scan_sources: tailwindcss_oxide::scanner: Discovering "C:\\Users\\USER\\Desktop\\Projects\\marketplace-frontend0\\app\\forgot-password\\reset"
2025-06-28T14:00:38.715073Z  INFO get_globs:scan_sources: tailwindcss_oxide::scanner: Discovering "C:\\Users\\USER\\Desktop\\Projects\\marketplace-frontend0\\app\\landing"
2025-06-28T14:00:38.715824Z  INFO get_globs:scan_sources: tailwindcss_oxide::scanner: Discovering "C:\\Users\\USER\\Desktop\\Projects\\marketplace-frontend0\\app\\login"
2025-06-28T14:00:38.716411Z  INFO get_globs:scan_sources: tailwindcss_oxide::scanner: Discovering "C:\\Users\\USER\\Desktop\\Projects\\marketplace-frontend0\\app\\order-details"
2025-06-28T14:00:38.716850Z  INFO get_globs:scan_sources: tailwindcss_oxide::scanner: Discovering "C:\\Users\\USER\\Desktop\\Projects\\marketplace-frontend0\\app\\order-details\\[orderId]"
2025-06-28T14:00:38.717449Z  INFO get_globs:scan_sources: tailwindcss_oxide::scanner: Discovering "C:\\Users\\USER\\Desktop\\Projects\\marketplace-frontend0\\app\\order-success"
2025-06-28T14:00:38.718109Z  INFO get_globs:scan_sources: tailwindcss_oxide::scanner: Discovering "C:\\Users\\USER\\Desktop\\Projects\\marketplace-frontend0\\app\\product"
2025-06-28T14:00:38.718542Z  INFO get_globs:scan_sources: tailwindcss_oxide::scanner: Discovering "C:\\Users\\USER\\Desktop\\Projects\\marketplace-frontend0\\app\\product\\[slug]"
2025-06-28T14:00:38.719112Z  INFO get_globs:scan_sources: tailwindcss_oxide::scanner: Discovering "C:\\Users\\USER\\Desktop\\Projects\\marketplace-frontend0\\app\\signup"
2025-06-28T14:00:38.719650Z  INFO get_globs:scan_sources: tailwindcss_oxide::scanner: Discovering "C:\\Users\\USER\\Desktop\\Projects\\marketplace-frontend0\\app\\track-order"
2025-06-28T14:00:38.720252Z  INFO get_globs:scan_sources: tailwindcss_oxide::scanner: Discovering "C:\\Users\\USER\\Desktop\\Projects\\marketplace-frontend0\\components"
2025-06-28T14:00:38.721046Z  INFO get_globs:scan_sources: tailwindcss_oxide::scanner: Discovering "C:\\Users\\USER\\Desktop\\Projects\\marketplace-frontend0\\components\\martaf"
2025-06-28T14:00:38.721571Z  INFO get_globs:scan_sources: tailwindcss_oxide::scanner: Discovering "C:\\Users\\USER\\Desktop\\Projects\\marketplace-frontend0\\components\\martaf\\AuthPopups"
2025-06-28T14:00:38.727465Z  INFO get_globs:scan_sources: tailwindcss_oxide::scanner: Discovering "C:\\Users\\USER\\Desktop\\Projects\\marketplace-frontend0\\components\\ui"
2025-06-28T14:00:38.729877Z  INFO get_globs:scan_sources: tailwindcss_oxide::scanner: Discovering "C:\\Users\\USER\\Desktop\\Projects\\marketplace-frontend0\\lib"
2025-06-28T14:00:38.730774Z  INFO get_globs:scan_sources: tailwindcss_oxide::scanner: Discovering "C:\\Users\\USER\\Desktop\\Projects\\marketplace-frontend0\\MARTAF"
2025-06-28T14:00:38.731187Z  INFO get_globs:scan_sources: tailwindcss_oxide::scanner: Discovering "C:\\Users\\USER\\Desktop\\Projects\\marketplace-frontend0\\MARTAF\\MOBILE"
2025-06-28T14:00:38.732138Z  INFO get_globs:scan_sources: tailwindcss_oxide::scanner: Discovering "C:\\Users\\USER\\Desktop\\Projects\\marketplace-frontend0\\MARTAF\\MOBILE\\cart and checkouts"
2025-06-28T14:00:38.732668Z  INFO get_globs:scan_sources: tailwindcss_oxide::scanner: Discovering "C:\\Users\\USER\\Desktop\\Projects\\marketplace-frontend0\\MARTAF\\MOBILE\\cart and checkouts\\MARTAF (2)"
2025-06-28T14:00:38.733111Z  INFO get_globs:scan_sources: tailwindcss_oxide::scanner: Discovering "C:\\Users\\USER\\Desktop\\Projects\\marketplace-frontend0\\MARTAF\\MOBILE\\cart and checkouts\\MARTAF (2)\\Cart"
2025-06-28T14:00:38.733972Z  INFO get_globs:scan_sources: tailwindcss_oxide::scanner: Discovering "C:\\Users\\USER\\Desktop\\Projects\\marketplace-frontend0\\MARTAF\\MOBILE\\cart and checkouts\\MARTAF (3)"
2025-06-28T14:00:38.735078Z  INFO get_globs:scan_sources: tailwindcss_oxide::scanner: Discovering "C:\\Users\\USER\\Desktop\\Projects\\marketplace-frontend0\\MARTAF\\MOBILE\\cart and checkouts\\MARTAF (3)\\Cart"
2025-06-28T14:00:38.736148Z  INFO get_globs:scan_sources: tailwindcss_oxide::scanner: Discovering "C:\\Users\\USER\\Desktop\\Projects\\marketplace-frontend0\\MARTAF\\MOBILE\\cart and checkouts\\MARTAF (4)"
2025-06-28T14:00:38.736688Z  INFO get_globs:scan_sources: tailwindcss_oxide::scanner: Discovering "C:\\Users\\USER\\Desktop\\Projects\\marketplace-frontend0\\MARTAF\\MOBILE\\cart and checkouts\\MARTAF (4)\\Cart"
2025-06-28T14:00:38.737286Z  INFO get_globs:scan_sources: tailwindcss_oxide::scanner: Discovering "C:\\Users\\USER\\Desktop\\Projects\\marketplace-frontend0\\MARTAF\\MOBILE\\cart and checkouts\\MARTAF (5)"
2025-06-28T14:00:38.737755Z  INFO get_globs:scan_sources: tailwindcss_oxide::scanner: Discovering "C:\\Users\\USER\\Desktop\\Projects\\marketplace-frontend0\\MARTAF\\MOBILE\\cart and checkouts\\MARTAF (5)\\Cart"
2025-06-28T14:00:38.738365Z  INFO get_globs:scan_sources: tailwindcss_oxide::scanner: Discovering "C:\\Users\\USER\\Desktop\\Projects\\marketplace-frontend0\\MARTAF\\MOBILE\\cart and checkouts\\MARTAF (6)"
2025-06-28T14:00:38.738850Z  INFO get_globs:scan_sources: tailwindcss_oxide::scanner: Discovering "C:\\Users\\USER\\Desktop\\Projects\\marketplace-frontend0\\MARTAF\\MOBILE\\cart and checkouts\\MARTAF (6)\\Cart"
2025-06-28T14:00:38.739467Z  INFO get_globs:scan_sources: tailwindcss_oxide::scanner: Discovering "C:\\Users\\USER\\Desktop\\Projects\\marketplace-frontend0\\MARTAF\\MOBILE\\cart and checkouts\\MARTAF (7)"
2025-06-28T14:00:38.739925Z  INFO get_globs:scan_sources: tailwindcss_oxide::scanner: Discovering "C:\\Users\\USER\\Desktop\\Projects\\marketplace-frontend0\\MARTAF\\MOBILE\\cart and checkouts\\MARTAF (7)\\Cart"
2025-06-28T14:00:38.740519Z  INFO get_globs:scan_sources: tailwindcss_oxide::scanner: Discovering "C:\\Users\\USER\\Desktop\\Projects\\marketplace-frontend0\\MARTAF\\MOBILE\\cart and checkouts\\MARTAF (8)"
2025-06-28T14:00:38.741820Z  INFO get_globs:scan_sources: tailwindcss_oxide::scanner: Discovering "C:\\Users\\USER\\Desktop\\Projects\\marketplace-frontend0\\MARTAF\\MOBILE\\cart and checkouts\\MARTAF (8)\\Cart"
2025-06-28T14:00:38.744542Z  INFO get_globs:scan_sources: tailwindcss_oxide::scanner: Discovering "C:\\Users\\USER\\Desktop\\Projects\\marketplace-frontend0\\MARTAF\\MOBILE\\cart and checkouts\\MARTAF (9)"
2025-06-28T14:00:38.745041Z  INFO get_globs:scan_sources: tailwindcss_oxide::scanner: Discovering "C:\\Users\\USER\\Desktop\\Projects\\marketplace-frontend0\\MARTAF\\MOBILE\\cart and checkouts\\MARTAF (9)\\Cart"
2025-06-28T14:00:38.745705Z  INFO get_globs:scan_sources: tailwindcss_oxide::scanner: Discovering "C:\\Users\\USER\\Desktop\\Projects\\marketplace-frontend0\\MARTAF\\MOBILE\\Landing Pages"
2025-06-28T14:00:38.746297Z  INFO get_globs:scan_sources: tailwindcss_oxide::scanner: Discovering "C:\\Users\\USER\\Desktop\\Projects\\marketplace-frontend0\\MARTAF\\MOBILE\\Product Pages"
2025-06-28T14:00:38.746922Z  INFO get_globs:scan_sources: tailwindcss_oxide::scanner: Discovering "C:\\Users\\USER\\Desktop\\Projects\\marketplace-frontend0\\MARTAF\\MOBILE\\User login - Registration"
2025-06-28T14:00:38.748911Z  INFO get_globs:scan_sources: tailwindcss_oxide::scanner: Discovering "C:\\Users\\USER\\Desktop\\Projects\\marketplace-frontend0\\public"
2025-06-28T14:00:38.749391Z  INFO get_globs:scan_sources: tailwindcss_oxide::scanner: Discovering "C:\\Users\\USER\\Desktop\\Projects\\marketplace-frontend0\\public\\assets"
2025-06-28T14:00:38.750623Z  INFO get_globs:scan_sources: tailwindcss_oxide::scanner: Discovering "C:\\Users\\USER\\Desktop\\Projects\\marketplace-frontend0\\types"
2025-06-28T14:00:38.751586Z  INFO get_globs:scan_sources: tailwindcss_oxide::scanner: exit
2025-06-28T14:00:38.784691Z  INFO get_globs: tailwindcss_oxide::scanner: exit
