2025-07-16T15:43:56.381871Z  INFO tailwindcss_oxide::scanner: Provided sources:
2025-07-16T15:43:56.389796Z  INFO tailwindcss_oxide::scanner: Source: PublicSourceEntry { base: "C:\\Users\\USER\\Desktop\\Projects\\marketplace-frontend0", pattern: "**/*", negated: false }
2025-07-16T15:43:56.390295Z  INFO tailwindcss_oxide::scanner: Optimized sources:
2025-07-16T15:43:56.390342Z  INFO tailwindcss_oxide::scanner: Source: Auto { base: "C:\\Users\\USER\\Desktop\\Projects\\marketplace-frontend0" }
2025-07-16T15:43:56.400840Z  INFO scan_sources: tailwindcss_oxide::scanner: enter
2025-07-16T15:43:56.405091Z  INFO scan_sources: tailwindcss_oxide::scanner: Discovering "C:\\Users\\USER\\Desktop\\Projects\\marketplace-frontend0\\app"
2025-07-16T15:43:56.405833Z  INFO scan_sources: tailwindcss_oxide::scanner: Discovering "C:\\Users\\USER\\Desktop\\Projects\\marketplace-frontend0\\app\\account"
2025-07-16T15:43:56.406304Z  INFO scan_sources: tailwindcss_oxide::scanner: Discovering "C:\\Users\\USER\\Desktop\\Projects\\marketplace-frontend0\\app\\account\\(auth)"
2025-07-16T15:43:56.406783Z  INFO scan_sources: tailwindcss_oxide::scanner: Discovering "C:\\Users\\USER\\Desktop\\Projects\\marketplace-frontend0\\app\\account\\(auth)\\coupons"
2025-07-16T15:43:56.407174Z  INFO scan_sources: tailwindcss_oxide::scanner: Discovering "C:\\Users\\USER\\Desktop\\Projects\\marketplace-frontend0\\app\\account\\(auth)\\coupons\\page.tsx"
2025-07-16T15:43:56.407394Z  INFO scan_sources: tailwindcss_oxide::scanner: Discovering "C:\\Users\\USER\\Desktop\\Projects\\marketplace-frontend0\\app\\account\\(auth)\\layout.tsx"
2025-07-16T15:43:56.407641Z  INFO scan_sources: tailwindcss_oxide::scanner: Discovering "C:\\Users\\USER\\Desktop\\Projects\\marketplace-frontend0\\app\\account\\(auth)\\legal"
2025-07-16T15:43:56.407994Z  INFO scan_sources: tailwindcss_oxide::scanner: Discovering "C:\\Users\\USER\\Desktop\\Projects\\marketplace-frontend0\\app\\account\\(auth)\\legal\\page.tsx"
2025-07-16T15:43:56.408301Z  INFO scan_sources: tailwindcss_oxide::scanner: Discovering "C:\\Users\\USER\\Desktop\\Projects\\marketplace-frontend0\\app\\account\\(auth)\\orders"
2025-07-16T15:43:56.408651Z  INFO scan_sources: tailwindcss_oxide::scanner: Discovering "C:\\Users\\USER\\Desktop\\Projects\\marketplace-frontend0\\app\\account\\(auth)\\orders\\page.tsx"
2025-07-16T15:43:56.408954Z  INFO scan_sources: tailwindcss_oxide::scanner: Discovering "C:\\Users\\USER\\Desktop\\Projects\\marketplace-frontend0\\app\\account\\(auth)\\payment-methods"
2025-07-16T15:43:56.409411Z  INFO scan_sources: tailwindcss_oxide::scanner: Discovering "C:\\Users\\USER\\Desktop\\Projects\\marketplace-frontend0\\app\\account\\(auth)\\payment-methods\\add"
2025-07-16T15:43:56.409791Z  INFO scan_sources: tailwindcss_oxide::scanner: Discovering "C:\\Users\\USER\\Desktop\\Projects\\marketplace-frontend0\\app\\account\\(auth)\\payment-methods\\add\\page.tsx"
2025-07-16T15:43:56.412125Z  INFO scan_sources: tailwindcss_oxide::scanner: Discovering "C:\\Users\\USER\\Desktop\\Projects\\marketplace-frontend0\\app\\account\\(auth)\\payment-methods\\page.tsx"
2025-07-16T15:43:56.412560Z  INFO scan_sources: tailwindcss_oxide::scanner: Discovering "C:\\Users\\USER\\Desktop\\Projects\\marketplace-frontend0\\app\\account\\(auth)\\privacy-policy"
2025-07-16T15:43:56.412965Z  INFO scan_sources: tailwindcss_oxide::scanner: Discovering "C:\\Users\\USER\\Desktop\\Projects\\marketplace-frontend0\\app\\account\\(auth)\\privacy-policy\\page.tsx"
2025-07-16T15:43:56.413533Z  INFO scan_sources: tailwindcss_oxide::scanner: Discovering "C:\\Users\\USER\\Desktop\\Projects\\marketplace-frontend0\\app\\account\\(auth)\\sellers"
2025-07-16T15:43:56.413925Z  INFO scan_sources: tailwindcss_oxide::scanner: Discovering "C:\\Users\\USER\\Desktop\\Projects\\marketplace-frontend0\\app\\account\\(auth)\\sellers\\page.tsx"
2025-07-16T15:43:56.414203Z  INFO scan_sources: tailwindcss_oxide::scanner: Discovering "C:\\Users\\USER\\Desktop\\Projects\\marketplace-frontend0\\app\\account\\(auth)\\shipping-addresses"
2025-07-16T15:43:56.414592Z  INFO scan_sources: tailwindcss_oxide::scanner: Discovering "C:\\Users\\USER\\Desktop\\Projects\\marketplace-frontend0\\app\\account\\(auth)\\shipping-addresses\\add"
2025-07-16T15:43:56.414957Z  INFO scan_sources: tailwindcss_oxide::scanner: Discovering "C:\\Users\\USER\\Desktop\\Projects\\marketplace-frontend0\\app\\account\\(auth)\\shipping-addresses\\add\\page.tsx"
2025-07-16T15:43:56.415140Z  INFO scan_sources: tailwindcss_oxide::scanner: Discovering "C:\\Users\\USER\\Desktop\\Projects\\marketplace-frontend0\\app\\account\\(auth)\\shipping-addresses\\page.tsx"
2025-07-16T15:43:56.415420Z  INFO scan_sources: tailwindcss_oxide::scanner: Discovering "C:\\Users\\USER\\Desktop\\Projects\\marketplace-frontend0\\app\\account\\(auth)\\wishlist"
2025-07-16T15:43:56.415732Z  INFO scan_sources: tailwindcss_oxide::scanner: Discovering "C:\\Users\\USER\\Desktop\\Projects\\marketplace-frontend0\\app\\account\\(auth)\\wishlist\\page.tsx"
2025-07-16T15:43:56.416053Z  INFO scan_sources: tailwindcss_oxide::scanner: Discovering "C:\\Users\\USER\\Desktop\\Projects\\marketplace-frontend0\\app\\account\\edit"
2025-07-16T15:43:56.416394Z  INFO scan_sources: tailwindcss_oxide::scanner: Discovering "C:\\Users\\USER\\Desktop\\Projects\\marketplace-frontend0\\app\\account\\edit\\page.tsx"
2025-07-16T15:43:56.416586Z  INFO scan_sources: tailwindcss_oxide::scanner: Discovering "C:\\Users\\USER\\Desktop\\Projects\\marketplace-frontend0\\app\\account\\page.tsx"
2025-07-16T15:43:56.416854Z  INFO scan_sources: tailwindcss_oxide::scanner: Discovering "C:\\Users\\USER\\Desktop\\Projects\\marketplace-frontend0\\app\\cart"
2025-07-16T15:43:56.417188Z  INFO scan_sources: tailwindcss_oxide::scanner: Discovering "C:\\Users\\USER\\Desktop\\Projects\\marketplace-frontend0\\app\\cart\\page.tsx"
2025-07-16T15:43:56.417469Z  INFO scan_sources: tailwindcss_oxide::scanner: Discovering "C:\\Users\\USER\\Desktop\\Projects\\marketplace-frontend0\\app\\categories"
2025-07-16T15:43:56.417925Z  INFO scan_sources: tailwindcss_oxide::scanner: Discovering "C:\\Users\\USER\\Desktop\\Projects\\marketplace-frontend0\\app\\categories\\[slug]"
2025-07-16T15:43:56.418304Z  INFO scan_sources: tailwindcss_oxide::scanner: Discovering "C:\\Users\\USER\\Desktop\\Projects\\marketplace-frontend0\\app\\categories\\[slug]\\page.tsx"
2025-07-16T15:43:56.418597Z  INFO scan_sources: tailwindcss_oxide::scanner: Discovering "C:\\Users\\USER\\Desktop\\Projects\\marketplace-frontend0\\app\\checkout"
2025-07-16T15:43:56.418927Z  INFO scan_sources: tailwindcss_oxide::scanner: Discovering "C:\\Users\\USER\\Desktop\\Projects\\marketplace-frontend0\\app\\checkout\\page.tsx"
2025-07-16T15:43:56.419214Z  INFO scan_sources: tailwindcss_oxide::scanner: Discovering "C:\\Users\\USER\\Desktop\\Projects\\marketplace-frontend0\\app\\forgot-email"
2025-07-16T15:43:56.419542Z  INFO scan_sources: tailwindcss_oxide::scanner: Discovering "C:\\Users\\USER\\Desktop\\Projects\\marketplace-frontend0\\app\\forgot-email\\page.tsx"
2025-07-16T15:43:56.419838Z  INFO scan_sources: tailwindcss_oxide::scanner: Discovering "C:\\Users\\USER\\Desktop\\Projects\\marketplace-frontend0\\app\\forgot-password"
2025-07-16T15:43:56.420261Z  INFO scan_sources: tailwindcss_oxide::scanner: Discovering "C:\\Users\\USER\\Desktop\\Projects\\marketplace-frontend0\\app\\forgot-password\\confirmation"
2025-07-16T15:43:56.420576Z  INFO scan_sources: tailwindcss_oxide::scanner: Discovering "C:\\Users\\USER\\Desktop\\Projects\\marketplace-frontend0\\app\\forgot-password\\confirmation\\page.tsx"
2025-07-16T15:43:56.420761Z  INFO scan_sources: tailwindcss_oxide::scanner: Discovering "C:\\Users\\USER\\Desktop\\Projects\\marketplace-frontend0\\app\\forgot-password\\page.tsx"
2025-07-16T15:43:56.421006Z  INFO scan_sources: tailwindcss_oxide::scanner: Discovering "C:\\Users\\USER\\Desktop\\Projects\\marketplace-frontend0\\app\\forgot-password\\reset"
2025-07-16T15:43:56.421351Z  INFO scan_sources: tailwindcss_oxide::scanner: Discovering "C:\\Users\\USER\\Desktop\\Projects\\marketplace-frontend0\\app\\forgot-password\\reset\\page.tsx"
2025-07-16T15:43:56.421584Z  INFO scan_sources: tailwindcss_oxide::scanner: Discovering "C:\\Users\\USER\\Desktop\\Projects\\marketplace-frontend0\\app\\globals.css"
2025-07-16T15:43:56.421855Z  INFO scan_sources: tailwindcss_oxide::scanner: Discovering "C:\\Users\\USER\\Desktop\\Projects\\marketplace-frontend0\\app\\landing"
2025-07-16T15:43:56.422175Z  INFO scan_sources: tailwindcss_oxide::scanner: Discovering "C:\\Users\\USER\\Desktop\\Projects\\marketplace-frontend0\\app\\landing\\page.tsx"
2025-07-16T15:43:56.422349Z  INFO scan_sources: tailwindcss_oxide::scanner: Discovering "C:\\Users\\USER\\Desktop\\Projects\\marketplace-frontend0\\app\\layout.tsx"
2025-07-16T15:43:56.422564Z  INFO scan_sources: tailwindcss_oxide::scanner: Discovering "C:\\Users\\USER\\Desktop\\Projects\\marketplace-frontend0\\app\\login"
2025-07-16T15:43:56.422889Z  INFO scan_sources: tailwindcss_oxide::scanner: Discovering "C:\\Users\\USER\\Desktop\\Projects\\marketplace-frontend0\\app\\login\\page.tsx"
2025-07-16T15:43:56.423154Z  INFO scan_sources: tailwindcss_oxide::scanner: Discovering "C:\\Users\\USER\\Desktop\\Projects\\marketplace-frontend0\\app\\order-details"
2025-07-16T15:43:56.423573Z  INFO scan_sources: tailwindcss_oxide::scanner: Discovering "C:\\Users\\USER\\Desktop\\Projects\\marketplace-frontend0\\app\\order-details\\[orderId]"
2025-07-16T15:43:56.423879Z  INFO scan_sources: tailwindcss_oxide::scanner: Discovering "C:\\Users\\USER\\Desktop\\Projects\\marketplace-frontend0\\app\\order-details\\[orderId]\\page.tsx"
2025-07-16T15:43:56.424182Z  INFO scan_sources: tailwindcss_oxide::scanner: Discovering "C:\\Users\\USER\\Desktop\\Projects\\marketplace-frontend0\\app\\order-success"
2025-07-16T15:43:56.424479Z  INFO scan_sources: tailwindcss_oxide::scanner: Discovering "C:\\Users\\USER\\Desktop\\Projects\\marketplace-frontend0\\app\\order-success\\page.tsx"
2025-07-16T15:43:56.424647Z  INFO scan_sources: tailwindcss_oxide::scanner: Discovering "C:\\Users\\USER\\Desktop\\Projects\\marketplace-frontend0\\app\\page.tsx"
2025-07-16T15:43:56.424856Z  INFO scan_sources: tailwindcss_oxide::scanner: Discovering "C:\\Users\\USER\\Desktop\\Projects\\marketplace-frontend0\\app\\product"
2025-07-16T15:43:56.425247Z  INFO scan_sources: tailwindcss_oxide::scanner: Discovering "C:\\Users\\USER\\Desktop\\Projects\\marketplace-frontend0\\app\\product\\[slug]"
2025-07-16T15:43:56.425547Z  INFO scan_sources: tailwindcss_oxide::scanner: Discovering "C:\\Users\\USER\\Desktop\\Projects\\marketplace-frontend0\\app\\product\\[slug]\\page.tsx"
2025-07-16T15:43:56.425833Z  INFO scan_sources: tailwindcss_oxide::scanner: Discovering "C:\\Users\\USER\\Desktop\\Projects\\marketplace-frontend0\\app\\signup"
2025-07-16T15:43:56.426154Z  INFO scan_sources: tailwindcss_oxide::scanner: Discovering "C:\\Users\\USER\\Desktop\\Projects\\marketplace-frontend0\\app\\signup\\page.tsx"
2025-07-16T15:43:56.426410Z  INFO scan_sources: tailwindcss_oxide::scanner: Discovering "C:\\Users\\USER\\Desktop\\Projects\\marketplace-frontend0\\app\\track-order"
2025-07-16T15:43:56.441161Z  INFO scan_sources: tailwindcss_oxide::scanner: Discovering "C:\\Users\\USER\\Desktop\\Projects\\marketplace-frontend0\\app\\track-order\\[orderId]"
2025-07-16T15:43:56.441683Z  INFO scan_sources: tailwindcss_oxide::scanner: Discovering "C:\\Users\\USER\\Desktop\\Projects\\marketplace-frontend0\\app\\track-order\\[orderId]\\page.tsx"
2025-07-16T15:43:56.442372Z  INFO scan_sources: tailwindcss_oxide::scanner: Discovering "C:\\Users\\USER\\Desktop\\Projects\\marketplace-frontend0\\components"
2025-07-16T15:43:56.442759Z  INFO scan_sources: tailwindcss_oxide::scanner: Discovering "C:\\Users\\USER\\Desktop\\Projects\\marketplace-frontend0\\components\\dark-mode.tsx"
2025-07-16T15:43:56.442916Z  INFO scan_sources: tailwindcss_oxide::scanner: Discovering "C:\\Users\\USER\\Desktop\\Projects\\marketplace-frontend0\\components\\login-form.tsx"
2025-07-16T15:43:56.443178Z  INFO scan_sources: tailwindcss_oxide::scanner: Discovering "C:\\Users\\USER\\Desktop\\Projects\\marketplace-frontend0\\components\\martaf"
2025-07-16T15:43:56.447401Z  INFO scan_sources: tailwindcss_oxide::scanner: Discovering "C:\\Users\\USER\\Desktop\\Projects\\marketplace-frontend0\\components\\martaf\\AccountPaymentAddress.tsx"
2025-07-16T15:43:56.447627Z  INFO scan_sources: tailwindcss_oxide::scanner: Discovering "C:\\Users\\USER\\Desktop\\Projects\\marketplace-frontend0\\components\\martaf\\AddAddressModal.tsx"
2025-07-16T15:43:56.447862Z  INFO scan_sources: tailwindcss_oxide::scanner: Discovering "C:\\Users\\USER\\Desktop\\Projects\\marketplace-frontend0\\components\\martaf\\AddCardModal.tsx"
2025-07-16T15:43:56.448839Z  INFO scan_sources: tailwindcss_oxide::scanner: Discovering "C:\\Users\\USER\\Desktop\\Projects\\marketplace-frontend0\\components\\martaf\\AuthPopups"
2025-07-16T15:43:56.449290Z  INFO scan_sources: tailwindcss_oxide::scanner: Discovering "C:\\Users\\USER\\Desktop\\Projects\\marketplace-frontend0\\components\\martaf\\AuthPopups\\AllDonePopup.tsx"
2025-07-16T15:43:56.449460Z  INFO scan_sources: tailwindcss_oxide::scanner: Discovering "C:\\Users\\USER\\Desktop\\Projects\\marketplace-frontend0\\components\\martaf\\AuthPopups\\CheckInboxPopup.tsx"
2025-07-16T15:43:56.449619Z  INFO scan_sources: tailwindcss_oxide::scanner: Discovering "C:\\Users\\USER\\Desktop\\Projects\\marketplace-frontend0\\components\\martaf\\AuthPopups\\ForgotEmailPopup.tsx"
2025-07-16T15:43:56.449776Z  INFO scan_sources: tailwindcss_oxide::scanner: Discovering "C:\\Users\\USER\\Desktop\\Projects\\marketplace-frontend0\\components\\martaf\\AuthPopups\\ForgotPasswordPopup.tsx"
2025-07-16T15:43:56.449925Z  INFO scan_sources: tailwindcss_oxide::scanner: Discovering "C:\\Users\\USER\\Desktop\\Projects\\marketplace-frontend0\\components\\martaf\\AuthPopups\\PasswordUpdatedPopup.tsx"
2025-07-16T15:43:56.450069Z  INFO scan_sources: tailwindcss_oxide::scanner: Discovering "C:\\Users\\USER\\Desktop\\Projects\\marketplace-frontend0\\components\\martaf\\AuthPopups\\ResetPasswordPopup.tsx"
2025-07-16T15:43:56.450204Z  INFO scan_sources: tailwindcss_oxide::scanner: Discovering "C:\\Users\\USER\\Desktop\\Projects\\marketplace-frontend0\\components\\martaf\\AuthPopups\\SignInPopup.tsx"
2025-07-16T15:43:56.450339Z  INFO scan_sources: tailwindcss_oxide::scanner: Discovering "C:\\Users\\USER\\Desktop\\Projects\\marketplace-frontend0\\components\\martaf\\AuthPopups\\SignUpPopup.tsx"
2025-07-16T15:43:56.450474Z  INFO scan_sources: tailwindcss_oxide::scanner: Discovering "C:\\Users\\USER\\Desktop\\Projects\\marketplace-frontend0\\components\\martaf\\AuthPopups\\VerifyEmailPopup.tsx"
2025-07-16T15:43:56.450675Z  INFO scan_sources: tailwindcss_oxide::scanner: Discovering "C:\\Users\\USER\\Desktop\\Projects\\marketplace-frontend0\\components\\martaf\\Categories.tsx"
2025-07-16T15:43:56.450844Z  INFO scan_sources: tailwindcss_oxide::scanner: Discovering "C:\\Users\\USER\\Desktop\\Projects\\marketplace-frontend0\\components\\martaf\\ConditionalHeader.tsx"
2025-07-16T15:43:56.451007Z  INFO scan_sources: tailwindcss_oxide::scanner: Discovering "C:\\Users\\USER\\Desktop\\Projects\\marketplace-frontend0\\components\\martaf\\ConfirmDeliveryModal.tsx"
2025-07-16T15:43:56.451212Z  INFO scan_sources: tailwindcss_oxide::scanner: Discovering "C:\\Users\\USER\\Desktop\\Projects\\marketplace-frontend0\\components\\martaf\\CouponsAndSellers.tsx"
2025-07-16T15:43:56.451407Z  INFO scan_sources: tailwindcss_oxide::scanner: Discovering "C:\\Users\\USER\\Desktop\\Projects\\marketplace-frontend0\\components\\martaf\\DesktopSettings.tsx"
2025-07-16T15:43:56.451669Z  INFO scan_sources: tailwindcss_oxide::scanner: Discovering "C:\\Users\\USER\\Desktop\\Projects\\marketplace-frontend0\\components\\martaf\\DiscountItems.tsx"
2025-07-16T15:43:56.451879Z  INFO scan_sources: tailwindcss_oxide::scanner: Discovering "C:\\Users\\USER\\Desktop\\Projects\\marketplace-frontend0\\components\\martaf\\Footer.tsx"
2025-07-16T15:43:56.452030Z  INFO scan_sources: tailwindcss_oxide::scanner: Discovering "C:\\Users\\USER\\Desktop\\Projects\\marketplace-frontend0\\components\\martaf\\Header.tsx"
2025-07-16T15:43:56.452174Z  INFO scan_sources: tailwindcss_oxide::scanner: Discovering "C:\\Users\\USER\\Desktop\\Projects\\marketplace-frontend0\\components\\martaf\\HeroSection.tsx"
2025-07-16T15:43:56.452422Z  INFO scan_sources: tailwindcss_oxide::scanner: Discovering "C:\\Users\\USER\\Desktop\\Projects\\marketplace-frontend0\\components\\martaf\\ImpactNumbers.tsx"
2025-07-16T15:43:56.452581Z  INFO scan_sources: tailwindcss_oxide::scanner: Discovering "C:\\Users\\USER\\Desktop\\Projects\\marketplace-frontend0\\components\\martaf\\JoinMartaf.tsx"
2025-07-16T15:43:56.452733Z  INFO scan_sources: tailwindcss_oxide::scanner: Discovering "C:\\Users\\USER\\Desktop\\Projects\\marketplace-frontend0\\components\\martaf\\MoreToLove.tsx"
2025-07-16T15:43:56.452927Z  INFO scan_sources: tailwindcss_oxide::scanner: Discovering "C:\\Users\\USER\\Desktop\\Projects\\marketplace-frontend0\\components\\martaf\\OrderSuccess.tsx"
2025-07-16T15:43:56.453199Z  INFO scan_sources: tailwindcss_oxide::scanner: Discovering "C:\\Users\\USER\\Desktop\\Projects\\marketplace-frontend0\\components\\martaf\\PopularSearches.tsx"
2025-07-16T15:43:56.453378Z  INFO scan_sources: tailwindcss_oxide::scanner: Discovering "C:\\Users\\USER\\Desktop\\Projects\\marketplace-frontend0\\components\\martaf\\ProductCard.tsx"
2025-07-16T15:43:56.453529Z  INFO scan_sources: tailwindcss_oxide::scanner: Discovering "C:\\Users\\USER\\Desktop\\Projects\\marketplace-frontend0\\components\\martaf\\RatingsReviewsDrawer.tsx"
2025-07-16T15:43:56.453670Z  INFO scan_sources: tailwindcss_oxide::scanner: Discovering "C:\\Users\\USER\\Desktop\\Projects\\marketplace-frontend0\\components\\martaf\\ReviewForm.tsx"
2025-07-16T15:43:56.453824Z  INFO scan_sources: tailwindcss_oxide::scanner: Discovering "C:\\Users\\USER\\Desktop\\Projects\\marketplace-frontend0\\components\\martaf\\SizeGuideDrawer.tsx"
2025-07-16T15:43:56.453971Z  INFO scan_sources: tailwindcss_oxide::scanner: Discovering "C:\\Users\\USER\\Desktop\\Projects\\marketplace-frontend0\\components\\martaf\\TrendingProducts.tsx"
2025-07-16T15:43:56.454122Z  INFO scan_sources: tailwindcss_oxide::scanner: Discovering "C:\\Users\\USER\\Desktop\\Projects\\marketplace-frontend0\\components\\martaf\\UpdatePasswordModal.tsx"
2025-07-16T15:43:56.454260Z  INFO scan_sources: tailwindcss_oxide::scanner: Discovering "C:\\Users\\USER\\Desktop\\Projects\\marketplace-frontend0\\components\\martaf\\UpdatePersonalDetailsModal.tsx"
2025-07-16T15:43:56.454402Z  INFO scan_sources: tailwindcss_oxide::scanner: Discovering "C:\\Users\\USER\\Desktop\\Projects\\marketplace-frontend0\\components\\martaf\\UploadProfilePictureModal.tsx"
2025-07-16T15:43:56.454569Z  INFO scan_sources: tailwindcss_oxide::scanner: Discovering "C:\\Users\\USER\\Desktop\\Projects\\marketplace-frontend0\\components\\martaf\\WhyChooseMartaf.tsx"
2025-07-16T15:43:56.454768Z  INFO scan_sources: tailwindcss_oxide::scanner: Discovering "C:\\Users\\USER\\Desktop\\Projects\\marketplace-frontend0\\components\\theme-provider.tsx"
2025-07-16T15:43:56.455034Z  INFO scan_sources: tailwindcss_oxide::scanner: Discovering "C:\\Users\\USER\\Desktop\\Projects\\marketplace-frontend0\\components\\ui"
2025-07-16T15:43:56.455434Z  INFO scan_sources: tailwindcss_oxide::scanner: Discovering "C:\\Users\\USER\\Desktop\\Projects\\marketplace-frontend0\\components\\ui\\accordion.tsx"
2025-07-16T15:43:56.455579Z  INFO scan_sources: tailwindcss_oxide::scanner: Discovering "C:\\Users\\USER\\Desktop\\Projects\\marketplace-frontend0\\components\\ui\\avatar.tsx"
2025-07-16T15:43:56.455970Z  INFO scan_sources: tailwindcss_oxide::scanner: Discovering "C:\\Users\\USER\\Desktop\\Projects\\marketplace-frontend0\\components\\ui\\badge.tsx"
2025-07-16T15:43:56.456231Z  INFO scan_sources: tailwindcss_oxide::scanner: Discovering "C:\\Users\\USER\\Desktop\\Projects\\marketplace-frontend0\\components\\ui\\button.tsx"
2025-07-16T15:43:56.456378Z  INFO scan_sources: tailwindcss_oxide::scanner: Discovering "C:\\Users\\USER\\Desktop\\Projects\\marketplace-frontend0\\components\\ui\\card.tsx"
2025-07-16T15:43:56.456527Z  INFO scan_sources: tailwindcss_oxide::scanner: Discovering "C:\\Users\\USER\\Desktop\\Projects\\marketplace-frontend0\\components\\ui\\checkbox.tsx"
2025-07-16T15:43:56.456675Z  INFO scan_sources: tailwindcss_oxide::scanner: Discovering "C:\\Users\\USER\\Desktop\\Projects\\marketplace-frontend0\\components\\ui\\command.tsx"
2025-07-16T15:43:56.456817Z  INFO scan_sources: tailwindcss_oxide::scanner: Discovering "C:\\Users\\USER\\Desktop\\Projects\\marketplace-frontend0\\components\\ui\\dialog.tsx"
2025-07-16T15:43:56.456953Z  INFO scan_sources: tailwindcss_oxide::scanner: Discovering "C:\\Users\\USER\\Desktop\\Projects\\marketplace-frontend0\\components\\ui\\drawer.tsx"
2025-07-16T15:43:56.457088Z  INFO scan_sources: tailwindcss_oxide::scanner: Discovering "C:\\Users\\USER\\Desktop\\Projects\\marketplace-frontend0\\components\\ui\\dropdown-menu.tsx"
2025-07-16T15:43:56.457230Z  INFO scan_sources: tailwindcss_oxide::scanner: Discovering "C:\\Users\\USER\\Desktop\\Projects\\marketplace-frontend0\\components\\ui\\input.tsx"
2025-07-16T15:43:56.457366Z  INFO scan_sources: tailwindcss_oxide::scanner: Discovering "C:\\Users\\USER\\Desktop\\Projects\\marketplace-frontend0\\components\\ui\\label.tsx"
2025-07-16T15:43:56.457508Z  INFO scan_sources: tailwindcss_oxide::scanner: Discovering "C:\\Users\\USER\\Desktop\\Projects\\marketplace-frontend0\\components\\ui\\popover.tsx"
2025-07-16T15:43:56.457643Z  INFO scan_sources: tailwindcss_oxide::scanner: Discovering "C:\\Users\\USER\\Desktop\\Projects\\marketplace-frontend0\\components\\ui\\ProtectedLink.tsx"
2025-07-16T15:43:56.457775Z  INFO scan_sources: tailwindcss_oxide::scanner: Discovering "C:\\Users\\USER\\Desktop\\Projects\\marketplace-frontend0\\components\\ui\\sheet.tsx"
2025-07-16T15:43:56.457909Z  INFO scan_sources: tailwindcss_oxide::scanner: Discovering "C:\\Users\\USER\\Desktop\\Projects\\marketplace-frontend0\\components\\ui\\sonner.tsx"
2025-07-16T15:43:56.458040Z  INFO scan_sources: tailwindcss_oxide::scanner: Discovering "C:\\Users\\USER\\Desktop\\Projects\\marketplace-frontend0\\components\\ui\\switch.tsx"
2025-07-16T15:43:56.458179Z  INFO scan_sources: tailwindcss_oxide::scanner: Discovering "C:\\Users\\USER\\Desktop\\Projects\\marketplace-frontend0\\components\\ui\\tabs.tsx"
2025-07-16T15:43:56.458317Z  INFO scan_sources: tailwindcss_oxide::scanner: Discovering "C:\\Users\\USER\\Desktop\\Projects\\marketplace-frontend0\\components\\ui\\textarea.tsx"
2025-07-16T15:43:56.458453Z  INFO scan_sources: tailwindcss_oxide::scanner: Discovering "C:\\Users\\USER\\Desktop\\Projects\\marketplace-frontend0\\components\\ui\\tooltip.tsx"
2025-07-16T15:43:56.458713Z  INFO scan_sources: tailwindcss_oxide::scanner: Discovering "C:\\Users\\USER\\Desktop\\Projects\\marketplace-frontend0\\components.json"
2025-07-16T15:43:56.458965Z  INFO scan_sources: tailwindcss_oxide::scanner: Discovering "C:\\Users\\USER\\Desktop\\Projects\\marketplace-frontend0\\lib"
2025-07-16T15:43:56.462848Z  INFO scan_sources: tailwindcss_oxide::scanner: Discovering "C:\\Users\\USER\\Desktop\\Projects\\marketplace-frontend0\\lib\\api.ts"
2025-07-16T15:43:56.463102Z  INFO scan_sources: tailwindcss_oxide::scanner: Discovering "C:\\Users\\USER\\Desktop\\Projects\\marketplace-frontend0\\lib\\auth-context.tsx"
2025-07-16T15:43:56.463271Z  INFO scan_sources: tailwindcss_oxide::scanner: Discovering "C:\\Users\\USER\\Desktop\\Projects\\marketplace-frontend0\\lib\\cart-context.tsx"
2025-07-16T15:43:56.463417Z  INFO scan_sources: tailwindcss_oxide::scanner: Discovering "C:\\Users\\USER\\Desktop\\Projects\\marketplace-frontend0\\lib\\localStorage-cart.ts"
2025-07-16T15:43:56.463560Z  INFO scan_sources: tailwindcss_oxide::scanner: Discovering "C:\\Users\\USER\\Desktop\\Projects\\marketplace-frontend0\\lib\\useProtectedRoute.ts"
2025-07-16T15:43:56.463710Z  INFO scan_sources: tailwindcss_oxide::scanner: Discovering "C:\\Users\\USER\\Desktop\\Projects\\marketplace-frontend0\\lib\\utils.ts"
2025-07-16T15:43:56.464048Z  INFO scan_sources: tailwindcss_oxide::scanner: Discovering "C:\\Users\\USER\\Desktop\\Projects\\marketplace-frontend0\\MARTAF"
2025-07-16T15:43:56.466677Z  INFO scan_sources: tailwindcss_oxide::scanner: Discovering "C:\\Users\\USER\\Desktop\\Projects\\marketplace-frontend0\\MARTAF\\MOBILE"
2025-07-16T15:43:56.467369Z  INFO scan_sources: tailwindcss_oxide::scanner: Discovering "C:\\Users\\USER\\Desktop\\Projects\\marketplace-frontend0\\MARTAF\\MOBILE\\cart and checkouts"
2025-07-16T15:43:56.468363Z  INFO scan_sources: tailwindcss_oxide::scanner: Discovering "C:\\Users\\USER\\Desktop\\Projects\\marketplace-frontend0\\MARTAF\\MOBILE\\cart and checkouts\\MARTAF (2)"
2025-07-16T15:43:56.472871Z  INFO scan_sources: tailwindcss_oxide::scanner: Discovering "C:\\Users\\USER\\Desktop\\Projects\\marketplace-frontend0\\MARTAF\\MOBILE\\cart and checkouts\\MARTAF (2)\\Cart"
2025-07-16T15:43:56.474051Z  INFO scan_sources: tailwindcss_oxide::scanner: Discovering "C:\\Users\\USER\\Desktop\\Projects\\marketplace-frontend0\\MARTAF\\MOBILE\\cart and checkouts\\MARTAF (3)"
2025-07-16T15:43:56.474646Z  INFO scan_sources: tailwindcss_oxide::scanner: Discovering "C:\\Users\\USER\\Desktop\\Projects\\marketplace-frontend0\\MARTAF\\MOBILE\\cart and checkouts\\MARTAF (3)\\Cart"
2025-07-16T15:43:56.475345Z  INFO scan_sources: tailwindcss_oxide::scanner: Discovering "C:\\Users\\USER\\Desktop\\Projects\\marketplace-frontend0\\MARTAF\\MOBILE\\cart and checkouts\\MARTAF (4)"
2025-07-16T15:43:56.475886Z  INFO scan_sources: tailwindcss_oxide::scanner: Discovering "C:\\Users\\USER\\Desktop\\Projects\\marketplace-frontend0\\MARTAF\\MOBILE\\cart and checkouts\\MARTAF (4)\\Cart"
2025-07-16T15:43:56.480719Z  INFO scan_sources: tailwindcss_oxide::scanner: Discovering "C:\\Users\\USER\\Desktop\\Projects\\marketplace-frontend0\\MARTAF\\MOBILE\\cart and checkouts\\MARTAF (5)"
2025-07-16T15:43:56.482019Z  INFO scan_sources: tailwindcss_oxide::scanner: Discovering "C:\\Users\\USER\\Desktop\\Projects\\marketplace-frontend0\\MARTAF\\MOBILE\\cart and checkouts\\MARTAF (5)\\Cart"
2025-07-16T15:43:56.483777Z  INFO scan_sources: tailwindcss_oxide::scanner: Discovering "C:\\Users\\USER\\Desktop\\Projects\\marketplace-frontend0\\MARTAF\\MOBILE\\cart and checkouts\\MARTAF (6)"
2025-07-16T15:43:56.484343Z  INFO scan_sources: tailwindcss_oxide::scanner: Discovering "C:\\Users\\USER\\Desktop\\Projects\\marketplace-frontend0\\MARTAF\\MOBILE\\cart and checkouts\\MARTAF (6)\\Cart"
2025-07-16T15:43:56.484999Z  INFO scan_sources: tailwindcss_oxide::scanner: Discovering "C:\\Users\\USER\\Desktop\\Projects\\marketplace-frontend0\\MARTAF\\MOBILE\\cart and checkouts\\MARTAF (7)"
2025-07-16T15:43:56.485483Z  INFO scan_sources: tailwindcss_oxide::scanner: Discovering "C:\\Users\\USER\\Desktop\\Projects\\marketplace-frontend0\\MARTAF\\MOBILE\\cart and checkouts\\MARTAF (7)\\Cart"
2025-07-16T15:43:56.486090Z  INFO scan_sources: tailwindcss_oxide::scanner: Discovering "C:\\Users\\USER\\Desktop\\Projects\\marketplace-frontend0\\MARTAF\\MOBILE\\cart and checkouts\\MARTAF (8)"
2025-07-16T15:43:56.486604Z  INFO scan_sources: tailwindcss_oxide::scanner: Discovering "C:\\Users\\USER\\Desktop\\Projects\\marketplace-frontend0\\MARTAF\\MOBILE\\cart and checkouts\\MARTAF (8)\\Cart"
2025-07-16T15:43:56.487222Z  INFO scan_sources: tailwindcss_oxide::scanner: Discovering "C:\\Users\\USER\\Desktop\\Projects\\marketplace-frontend0\\MARTAF\\MOBILE\\cart and checkouts\\MARTAF (9)"
2025-07-16T15:43:56.487784Z  INFO scan_sources: tailwindcss_oxide::scanner: Discovering "C:\\Users\\USER\\Desktop\\Projects\\marketplace-frontend0\\MARTAF\\MOBILE\\cart and checkouts\\MARTAF (9)\\Cart"
2025-07-16T15:43:56.488657Z  INFO scan_sources: tailwindcss_oxide::scanner: Discovering "C:\\Users\\USER\\Desktop\\Projects\\marketplace-frontend0\\MARTAF\\MOBILE\\Landing Pages"
2025-07-16T15:43:56.489579Z  INFO scan_sources: tailwindcss_oxide::scanner: Discovering "C:\\Users\\USER\\Desktop\\Projects\\marketplace-frontend0\\MARTAF\\MOBILE\\Product Pages"
2025-07-16T15:43:56.491021Z  INFO scan_sources: tailwindcss_oxide::scanner: Discovering "C:\\Users\\USER\\Desktop\\Projects\\marketplace-frontend0\\MARTAF\\MOBILE\\User login - Registration"
2025-07-16T15:43:56.492334Z  INFO scan_sources: tailwindcss_oxide::scanner: Discovering "C:\\Users\\USER\\Desktop\\Projects\\marketplace-frontend0\\middleware.ts"
2025-07-16T15:43:56.506360Z  INFO scan_sources: tailwindcss_oxide::scanner: Discovering "C:\\Users\\USER\\Desktop\\Projects\\marketplace-frontend0\\next.config.ts"
2025-07-16T15:43:56.507347Z  INFO scan_sources: tailwindcss_oxide::scanner: Discovering "C:\\Users\\USER\\Desktop\\Projects\\marketplace-frontend0\\package.json"
2025-07-16T15:43:56.507574Z  INFO scan_sources: tailwindcss_oxide::scanner: Discovering "C:\\Users\\USER\\Desktop\\Projects\\marketplace-frontend0\\postcss.config.mjs"
2025-07-16T15:43:56.508400Z  INFO scan_sources: tailwindcss_oxide::scanner: Discovering "C:\\Users\\USER\\Desktop\\Projects\\marketplace-frontend0\\public"
2025-07-16T15:43:56.508925Z  INFO scan_sources: tailwindcss_oxide::scanner: Discovering "C:\\Users\\USER\\Desktop\\Projects\\marketplace-frontend0\\public\\assets"
2025-07-16T15:43:56.509348Z  INFO scan_sources: tailwindcss_oxide::scanner: Discovering "C:\\Users\\USER\\Desktop\\Projects\\marketplace-frontend0\\public\\assets\\Hero_body[1].svg"
2025-07-16T15:43:56.509573Z  INFO scan_sources: tailwindcss_oxide::scanner: Discovering "C:\\Users\\USER\\Desktop\\Projects\\marketplace-frontend0\\public\\file.svg"
2025-07-16T15:43:56.509737Z  INFO scan_sources: tailwindcss_oxide::scanner: Discovering "C:\\Users\\USER\\Desktop\\Projects\\marketplace-frontend0\\public\\globe.svg"
2025-07-16T15:43:56.509912Z  INFO scan_sources: tailwindcss_oxide::scanner: Discovering "C:\\Users\\USER\\Desktop\\Projects\\marketplace-frontend0\\public\\next.svg"
2025-07-16T15:43:56.515781Z  INFO scan_sources: tailwindcss_oxide::scanner: Discovering "C:\\Users\\USER\\Desktop\\Projects\\marketplace-frontend0\\public\\vercel.svg"
2025-07-16T15:43:56.516077Z  INFO scan_sources: tailwindcss_oxide::scanner: Discovering "C:\\Users\\USER\\Desktop\\Projects\\marketplace-frontend0\\public\\window.svg"
2025-07-16T15:43:56.516798Z  INFO scan_sources: tailwindcss_oxide::scanner: Discovering "C:\\Users\\USER\\Desktop\\Projects\\marketplace-frontend0\\README.md"
2025-07-16T15:43:56.521346Z  INFO scan_sources: tailwindcss_oxide::scanner: Discovering "C:\\Users\\USER\\Desktop\\Projects\\marketplace-frontend0\\tsconfig.json"
2025-07-16T15:43:56.521672Z  INFO scan_sources: tailwindcss_oxide::scanner: Discovering "C:\\Users\\USER\\Desktop\\Projects\\marketplace-frontend0\\types"
2025-07-16T15:43:56.522037Z  INFO scan_sources: tailwindcss_oxide::scanner: Discovering "C:\\Users\\USER\\Desktop\\Projects\\marketplace-frontend0\\types\\api.ts"
2025-07-16T15:43:56.522323Z  INFO scan_sources: tailwindcss_oxide::scanner: exit
2025-07-16T15:43:56.522350Z  INFO extract_candidates: tailwindcss_oxide::scanner: enter
2025-07-16T15:43:56.522373Z  INFO extract_candidates:read_all_files: tailwindcss_oxide::scanner: enter
2025-07-16T15:43:56.522384Z  INFO extract_candidates:read_all_files: tailwindcss_oxide::scanner: Reading 107 file(s)
2025-07-16T15:43:56.606149Z  INFO tailwindcss_oxide::scanner: Reading "C:\\Users\\USER\\Desktop\\Projects\\marketplace-frontend0\\app\\account\\(auth)\\coupons\\page.tsx"
2025-07-16T15:43:56.606340Z  INFO tailwindcss_oxide::scanner: Reading "C:\\Users\\USER\\Desktop\\Projects\\marketplace-frontend0\\app\\account\\(auth)\\layout.tsx"
2025-07-16T15:43:56.606496Z  INFO tailwindcss_oxide::scanner: Reading "C:\\Users\\USER\\Desktop\\Projects\\marketplace-frontend0\\app\\account\\(auth)\\legal\\page.tsx"
2025-07-16T15:43:56.606643Z  INFO tailwindcss_oxide::scanner: Reading "C:\\Users\\USER\\Desktop\\Projects\\marketplace-frontend0\\app\\account\\(auth)\\orders\\page.tsx"
2025-07-16T15:43:56.606794Z  INFO tailwindcss_oxide::scanner: Reading "C:\\Users\\USER\\Desktop\\Projects\\marketplace-frontend0\\app\\account\\(auth)\\payment-methods\\add\\page.tsx"
2025-07-16T15:43:56.606922Z  INFO tailwindcss_oxide::scanner: Reading "C:\\Users\\USER\\Desktop\\Projects\\marketplace-frontend0\\app\\account\\(auth)\\payment-methods\\page.tsx"
2025-07-16T15:43:56.607060Z  INFO tailwindcss_oxide::scanner: Reading "C:\\Users\\USER\\Desktop\\Projects\\marketplace-frontend0\\app\\account\\(auth)\\privacy-policy\\page.tsx"
2025-07-16T15:43:56.607372Z  INFO tailwindcss_oxide::scanner: Reading "C:\\Users\\USER\\Desktop\\Projects\\marketplace-frontend0\\app\\account\\(auth)\\sellers\\page.tsx"
2025-07-16T15:43:56.607526Z  INFO tailwindcss_oxide::scanner: Reading "C:\\Users\\USER\\Desktop\\Projects\\marketplace-frontend0\\app\\account\\(auth)\\shipping-addresses\\add\\page.tsx"
2025-07-16T15:43:56.607665Z  INFO tailwindcss_oxide::scanner: Reading "C:\\Users\\USER\\Desktop\\Projects\\marketplace-frontend0\\app\\account\\(auth)\\shipping-addresses\\page.tsx"
2025-07-16T15:43:56.607786Z  INFO tailwindcss_oxide::scanner: Reading "C:\\Users\\USER\\Desktop\\Projects\\marketplace-frontend0\\app\\account\\(auth)\\wishlist\\page.tsx"
2025-07-16T15:43:56.607922Z  INFO tailwindcss_oxide::scanner: Reading "C:\\Users\\USER\\Desktop\\Projects\\marketplace-frontend0\\app\\account\\edit\\page.tsx"
2025-07-16T15:43:56.608092Z  INFO tailwindcss_oxide::scanner: Reading "C:\\Users\\USER\\Desktop\\Projects\\marketplace-frontend0\\app\\account\\page.tsx"
2025-07-16T15:43:56.608331Z  INFO tailwindcss_oxide::scanner: Reading "C:\\Users\\USER\\Desktop\\Projects\\marketplace-frontend0\\app\\cart\\page.tsx"
2025-07-16T15:43:56.608481Z  INFO tailwindcss_oxide::scanner: Reading "C:\\Users\\USER\\Desktop\\Projects\\marketplace-frontend0\\app\\categories\\[slug]\\page.tsx"
2025-07-16T15:43:56.608638Z  INFO tailwindcss_oxide::scanner: Reading "C:\\Users\\USER\\Desktop\\Projects\\marketplace-frontend0\\app\\checkout\\page.tsx"
2025-07-16T15:43:56.608791Z  INFO tailwindcss_oxide::scanner: Reading "C:\\Users\\USER\\Desktop\\Projects\\marketplace-frontend0\\app\\forgot-email\\page.tsx"
2025-07-16T15:43:56.608914Z  INFO tailwindcss_oxide::scanner: Reading "C:\\Users\\USER\\Desktop\\Projects\\marketplace-frontend0\\app\\forgot-password\\confirmation\\page.tsx"
2025-07-16T15:43:56.609067Z  INFO tailwindcss_oxide::scanner: Reading "C:\\Users\\USER\\Desktop\\Projects\\marketplace-frontend0\\app\\forgot-password\\page.tsx"
2025-07-16T15:43:56.609207Z  INFO tailwindcss_oxide::scanner: Reading "C:\\Users\\USER\\Desktop\\Projects\\marketplace-frontend0\\app\\forgot-password\\reset\\page.tsx"
2025-07-16T15:43:56.609339Z  INFO tailwindcss_oxide::scanner: Reading "C:\\Users\\USER\\Desktop\\Projects\\marketplace-frontend0\\app\\landing\\page.tsx"
2025-07-16T15:43:56.609448Z  INFO tailwindcss_oxide::scanner: Reading "C:\\Users\\USER\\Desktop\\Projects\\marketplace-frontend0\\app\\layout.tsx"
2025-07-16T15:43:56.609564Z  INFO tailwindcss_oxide::scanner: Reading "C:\\Users\\USER\\Desktop\\Projects\\marketplace-frontend0\\app\\login\\page.tsx"
2025-07-16T15:43:56.609683Z  INFO tailwindcss_oxide::scanner: Reading "C:\\Users\\USER\\Desktop\\Projects\\marketplace-frontend0\\app\\order-details\\[orderId]\\page.tsx"
2025-07-16T15:43:56.609805Z  INFO tailwindcss_oxide::scanner: Reading "C:\\Users\\USER\\Desktop\\Projects\\marketplace-frontend0\\app\\order-success\\page.tsx"
2025-07-16T15:43:56.609946Z  INFO tailwindcss_oxide::scanner: Reading "C:\\Users\\USER\\Desktop\\Projects\\marketplace-frontend0\\app\\page.tsx"
2025-07-16T15:43:56.614921Z  INFO tailwindcss_oxide::scanner: Reading "C:\\Users\\USER\\Desktop\\Projects\\marketplace-frontend0\\app\\product\\[slug]\\page.tsx"
2025-07-16T15:43:56.615558Z  INFO tailwindcss_oxide::scanner: Reading "C:\\Users\\USER\\Desktop\\Projects\\marketplace-frontend0\\app\\signup\\page.tsx"
2025-07-16T15:43:56.616491Z  INFO tailwindcss_oxide::scanner: Reading "C:\\Users\\USER\\Desktop\\Projects\\marketplace-frontend0\\app\\track-order\\[orderId]\\page.tsx"
2025-07-16T15:43:56.616929Z  INFO tailwindcss_oxide::scanner: Reading "C:\\Users\\USER\\Desktop\\Projects\\marketplace-frontend0\\components\\dark-mode.tsx"
2025-07-16T15:43:56.617089Z  INFO tailwindcss_oxide::scanner: Reading "C:\\Users\\USER\\Desktop\\Projects\\marketplace-frontend0\\components\\login-form.tsx"
2025-07-16T15:43:56.617228Z  INFO tailwindcss_oxide::scanner: Reading "C:\\Users\\USER\\Desktop\\Projects\\marketplace-frontend0\\components\\martaf\\AccountPaymentAddress.tsx"
2025-07-16T15:43:56.617500Z  INFO tailwindcss_oxide::scanner: Reading "C:\\Users\\USER\\Desktop\\Projects\\marketplace-frontend0\\components\\martaf\\AddAddressModal.tsx"
2025-07-16T15:43:56.617642Z  INFO tailwindcss_oxide::scanner: Reading "C:\\Users\\USER\\Desktop\\Projects\\marketplace-frontend0\\components\\martaf\\AddCardModal.tsx"
2025-07-16T15:43:56.617785Z  INFO tailwindcss_oxide::scanner: Reading "C:\\Users\\USER\\Desktop\\Projects\\marketplace-frontend0\\components\\martaf\\AuthPopups\\AllDonePopup.tsx"
2025-07-16T15:43:56.617927Z  INFO tailwindcss_oxide::scanner: Reading "C:\\Users\\USER\\Desktop\\Projects\\marketplace-frontend0\\components\\martaf\\AuthPopups\\CheckInboxPopup.tsx"
2025-07-16T15:43:56.618064Z  INFO tailwindcss_oxide::scanner: Reading "C:\\Users\\USER\\Desktop\\Projects\\marketplace-frontend0\\components\\martaf\\AuthPopups\\ForgotEmailPopup.tsx"
2025-07-16T15:43:56.618195Z  INFO tailwindcss_oxide::scanner: Reading "C:\\Users\\USER\\Desktop\\Projects\\marketplace-frontend0\\components\\martaf\\AuthPopups\\ForgotPasswordPopup.tsx"
2025-07-16T15:43:56.618306Z  INFO tailwindcss_oxide::scanner: Reading "C:\\Users\\USER\\Desktop\\Projects\\marketplace-frontend0\\components\\martaf\\AuthPopups\\PasswordUpdatedPopup.tsx"
2025-07-16T15:43:56.618414Z  INFO tailwindcss_oxide::scanner: Reading "C:\\Users\\USER\\Desktop\\Projects\\marketplace-frontend0\\components\\martaf\\AuthPopups\\ResetPasswordPopup.tsx"
2025-07-16T15:43:56.618530Z  INFO tailwindcss_oxide::scanner: Reading "C:\\Users\\USER\\Desktop\\Projects\\marketplace-frontend0\\components\\martaf\\AuthPopups\\SignInPopup.tsx"
2025-07-16T15:43:56.618648Z  INFO tailwindcss_oxide::scanner: Reading "C:\\Users\\USER\\Desktop\\Projects\\marketplace-frontend0\\components\\martaf\\AuthPopups\\SignUpPopup.tsx"
2025-07-16T15:43:56.618776Z  INFO tailwindcss_oxide::scanner: Reading "C:\\Users\\USER\\Desktop\\Projects\\marketplace-frontend0\\components\\martaf\\AuthPopups\\VerifyEmailPopup.tsx"
2025-07-16T15:43:56.618899Z  INFO tailwindcss_oxide::scanner: Reading "C:\\Users\\USER\\Desktop\\Projects\\marketplace-frontend0\\components\\martaf\\Categories.tsx"
2025-07-16T15:43:56.619010Z  INFO tailwindcss_oxide::scanner: Reading "C:\\Users\\USER\\Desktop\\Projects\\marketplace-frontend0\\components\\martaf\\ConditionalHeader.tsx"
2025-07-16T15:43:56.619125Z  INFO tailwindcss_oxide::scanner: Reading "C:\\Users\\USER\\Desktop\\Projects\\marketplace-frontend0\\components\\martaf\\ConfirmDeliveryModal.tsx"
2025-07-16T15:43:56.619241Z  INFO tailwindcss_oxide::scanner: Reading "C:\\Users\\USER\\Desktop\\Projects\\marketplace-frontend0\\components\\martaf\\CouponsAndSellers.tsx"
2025-07-16T15:43:56.619377Z  INFO tailwindcss_oxide::scanner: Reading "C:\\Users\\USER\\Desktop\\Projects\\marketplace-frontend0\\components\\martaf\\DesktopSettings.tsx"
2025-07-16T15:43:56.619514Z  INFO tailwindcss_oxide::scanner: Reading "C:\\Users\\USER\\Desktop\\Projects\\marketplace-frontend0\\components\\martaf\\DiscountItems.tsx"
2025-07-16T15:43:56.619687Z  INFO tailwindcss_oxide::scanner: Reading "C:\\Users\\USER\\Desktop\\Projects\\marketplace-frontend0\\components\\martaf\\Footer.tsx"
2025-07-16T15:43:56.619883Z  INFO tailwindcss_oxide::scanner: Reading "C:\\Users\\USER\\Desktop\\Projects\\marketplace-frontend0\\components\\martaf\\Header.tsx"
2025-07-16T15:43:56.620002Z  INFO tailwindcss_oxide::scanner: Reading "C:\\Users\\USER\\Desktop\\Projects\\marketplace-frontend0\\components\\martaf\\HeroSection.tsx"
2025-07-16T15:43:56.620133Z  INFO tailwindcss_oxide::scanner: Reading "C:\\Users\\USER\\Desktop\\Projects\\marketplace-frontend0\\components\\martaf\\ImpactNumbers.tsx"
2025-07-16T15:43:56.620271Z  INFO tailwindcss_oxide::scanner: Reading "C:\\Users\\USER\\Desktop\\Projects\\marketplace-frontend0\\components\\martaf\\JoinMartaf.tsx"
2025-07-16T15:43:56.620393Z  INFO tailwindcss_oxide::scanner: Reading "C:\\Users\\USER\\Desktop\\Projects\\marketplace-frontend0\\components\\martaf\\MoreToLove.tsx"
2025-07-16T15:43:56.620512Z  INFO tailwindcss_oxide::scanner: Reading "C:\\Users\\USER\\Desktop\\Projects\\marketplace-frontend0\\components\\martaf\\OrderSuccess.tsx"
2025-07-16T15:43:56.620635Z  INFO tailwindcss_oxide::scanner: Reading "C:\\Users\\USER\\Desktop\\Projects\\marketplace-frontend0\\components\\martaf\\PopularSearches.tsx"
2025-07-16T15:43:56.620749Z  INFO tailwindcss_oxide::scanner: Reading "C:\\Users\\USER\\Desktop\\Projects\\marketplace-frontend0\\components\\martaf\\ProductCard.tsx"
2025-07-16T15:43:56.620865Z  INFO tailwindcss_oxide::scanner: Reading "C:\\Users\\USER\\Desktop\\Projects\\marketplace-frontend0\\components\\martaf\\RatingsReviewsDrawer.tsx"
2025-07-16T15:43:56.620980Z  INFO tailwindcss_oxide::scanner: Reading "C:\\Users\\USER\\Desktop\\Projects\\marketplace-frontend0\\components\\martaf\\ReviewForm.tsx"
2025-07-16T15:43:56.621116Z  INFO tailwindcss_oxide::scanner: Reading "C:\\Users\\USER\\Desktop\\Projects\\marketplace-frontend0\\components\\martaf\\SizeGuideDrawer.tsx"
2025-07-16T15:43:56.621235Z  INFO tailwindcss_oxide::scanner: Reading "C:\\Users\\USER\\Desktop\\Projects\\marketplace-frontend0\\components\\martaf\\TrendingProducts.tsx"
2025-07-16T15:43:56.621364Z  INFO tailwindcss_oxide::scanner: Reading "C:\\Users\\USER\\Desktop\\Projects\\marketplace-frontend0\\components\\martaf\\UpdatePasswordModal.tsx"
2025-07-16T15:43:56.621492Z  INFO tailwindcss_oxide::scanner: Reading "C:\\Users\\USER\\Desktop\\Projects\\marketplace-frontend0\\components\\martaf\\UpdatePersonalDetailsModal.tsx"
2025-07-16T15:43:56.621604Z  INFO tailwindcss_oxide::scanner: Reading "C:\\Users\\USER\\Desktop\\Projects\\marketplace-frontend0\\components\\martaf\\UploadProfilePictureModal.tsx"
2025-07-16T15:43:56.621721Z  INFO tailwindcss_oxide::scanner: Reading "C:\\Users\\USER\\Desktop\\Projects\\marketplace-frontend0\\components\\martaf\\WhyChooseMartaf.tsx"
2025-07-16T15:43:56.621998Z  INFO tailwindcss_oxide::scanner: Reading "C:\\Users\\USER\\Desktop\\Projects\\marketplace-frontend0\\components\\theme-provider.tsx"
2025-07-16T15:43:56.622173Z  INFO tailwindcss_oxide::scanner: Reading "C:\\Users\\USER\\Desktop\\Projects\\marketplace-frontend0\\components\\ui\\accordion.tsx"
2025-07-16T15:43:56.622342Z  INFO tailwindcss_oxide::scanner: Reading "C:\\Users\\USER\\Desktop\\Projects\\marketplace-frontend0\\components\\ui\\avatar.tsx"
2025-07-16T15:43:56.622496Z  INFO tailwindcss_oxide::scanner: Reading "C:\\Users\\USER\\Desktop\\Projects\\marketplace-frontend0\\components\\ui\\badge.tsx"
2025-07-16T15:43:56.622628Z  INFO tailwindcss_oxide::scanner: Reading "C:\\Users\\USER\\Desktop\\Projects\\marketplace-frontend0\\components\\ui\\button.tsx"
2025-07-16T15:43:56.622756Z  INFO tailwindcss_oxide::scanner: Reading "C:\\Users\\USER\\Desktop\\Projects\\marketplace-frontend0\\components\\ui\\card.tsx"
2025-07-16T15:43:56.622874Z  INFO tailwindcss_oxide::scanner: Reading "C:\\Users\\USER\\Desktop\\Projects\\marketplace-frontend0\\components\\ui\\checkbox.tsx"
2025-07-16T15:43:56.622997Z  INFO tailwindcss_oxide::scanner: Reading "C:\\Users\\USER\\Desktop\\Projects\\marketplace-frontend0\\components\\ui\\command.tsx"
2025-07-16T15:43:56.623115Z  INFO tailwindcss_oxide::scanner: Reading "C:\\Users\\USER\\Desktop\\Projects\\marketplace-frontend0\\components\\ui\\dialog.tsx"
2025-07-16T15:43:56.623233Z  INFO tailwindcss_oxide::scanner: Reading "C:\\Users\\USER\\Desktop\\Projects\\marketplace-frontend0\\components\\ui\\drawer.tsx"
2025-07-16T15:43:56.623347Z  INFO tailwindcss_oxide::scanner: Reading "C:\\Users\\USER\\Desktop\\Projects\\marketplace-frontend0\\components\\ui\\dropdown-menu.tsx"
2025-07-16T15:43:56.623486Z  INFO tailwindcss_oxide::scanner: Reading "C:\\Users\\USER\\Desktop\\Projects\\marketplace-frontend0\\components\\ui\\input.tsx"
2025-07-16T15:43:56.623609Z  INFO tailwindcss_oxide::scanner: Reading "C:\\Users\\USER\\Desktop\\Projects\\marketplace-frontend0\\components\\ui\\label.tsx"
2025-07-16T15:43:56.623722Z  INFO tailwindcss_oxide::scanner: Reading "C:\\Users\\USER\\Desktop\\Projects\\marketplace-frontend0\\components\\ui\\popover.tsx"
2025-07-16T15:43:56.623840Z  INFO tailwindcss_oxide::scanner: Reading "C:\\Users\\USER\\Desktop\\Projects\\marketplace-frontend0\\components\\ui\\ProtectedLink.tsx"
2025-07-16T15:43:56.624037Z  INFO tailwindcss_oxide::scanner: Reading "C:\\Users\\USER\\Desktop\\Projects\\marketplace-frontend0\\components\\ui\\sheet.tsx"
2025-07-16T15:43:56.624178Z  INFO tailwindcss_oxide::scanner: Reading "C:\\Users\\USER\\Desktop\\Projects\\marketplace-frontend0\\components\\ui\\sonner.tsx"
2025-07-16T15:43:56.624299Z  INFO tailwindcss_oxide::scanner: Reading "C:\\Users\\USER\\Desktop\\Projects\\marketplace-frontend0\\components\\ui\\switch.tsx"
2025-07-16T15:43:56.624430Z  INFO tailwindcss_oxide::scanner: Reading "C:\\Users\\USER\\Desktop\\Projects\\marketplace-frontend0\\components\\ui\\tabs.tsx"
2025-07-16T15:43:56.624547Z  INFO tailwindcss_oxide::scanner: Reading "C:\\Users\\USER\\Desktop\\Projects\\marketplace-frontend0\\components\\ui\\textarea.tsx"
2025-07-16T15:43:56.624672Z  INFO tailwindcss_oxide::scanner: Reading "C:\\Users\\USER\\Desktop\\Projects\\marketplace-frontend0\\components\\ui\\tooltip.tsx"
2025-07-16T15:43:56.624958Z  INFO tailwindcss_oxide::scanner: Reading "C:\\Users\\USER\\Desktop\\Projects\\marketplace-frontend0\\components.json"
2025-07-16T15:43:56.625131Z  INFO tailwindcss_oxide::scanner: Reading "C:\\Users\\USER\\Desktop\\Projects\\marketplace-frontend0\\lib\\api.ts"
2025-07-16T15:43:56.625291Z  INFO tailwindcss_oxide::scanner: Reading "C:\\Users\\USER\\Desktop\\Projects\\marketplace-frontend0\\lib\\auth-context.tsx"
2025-07-16T15:43:56.625418Z  INFO tailwindcss_oxide::scanner: Reading "C:\\Users\\USER\\Desktop\\Projects\\marketplace-frontend0\\lib\\cart-context.tsx"
2025-07-16T15:43:56.625537Z  INFO tailwindcss_oxide::scanner: Reading "C:\\Users\\USER\\Desktop\\Projects\\marketplace-frontend0\\lib\\localStorage-cart.ts"
2025-07-16T15:43:56.625670Z  INFO tailwindcss_oxide::scanner: Reading "C:\\Users\\USER\\Desktop\\Projects\\marketplace-frontend0\\lib\\useProtectedRoute.ts"
2025-07-16T15:43:56.625784Z  INFO tailwindcss_oxide::scanner: Reading "C:\\Users\\USER\\Desktop\\Projects\\marketplace-frontend0\\lib\\utils.ts"
2025-07-16T15:43:56.625902Z  INFO tailwindcss_oxide::scanner: Reading "C:\\Users\\USER\\Desktop\\Projects\\marketplace-frontend0\\middleware.ts"
2025-07-16T15:43:56.626107Z  INFO tailwindcss_oxide::scanner: Reading "C:\\Users\\USER\\Desktop\\Projects\\marketplace-frontend0\\next.config.ts"
2025-07-16T15:43:56.626312Z  INFO tailwindcss_oxide::scanner: Reading "C:\\Users\\USER\\Desktop\\Projects\\marketplace-frontend0\\package.json"
2025-07-16T15:43:56.626468Z  INFO tailwindcss_oxide::scanner: Reading "C:\\Users\\USER\\Desktop\\Projects\\marketplace-frontend0\\postcss.config.mjs"
2025-07-16T15:43:56.632853Z  INFO tailwindcss_oxide::scanner: Reading "C:\\Users\\USER\\Desktop\\Projects\\marketplace-frontend0\\public\\assets\\Hero_body[1].svg"
2025-07-16T15:43:56.633883Z  INFO tailwindcss_oxide::scanner: Reading "C:\\Users\\USER\\Desktop\\Projects\\marketplace-frontend0\\public\\globe.svg"
2025-07-16T15:43:56.634074Z  INFO tailwindcss_oxide::scanner: Reading "C:\\Users\\USER\\Desktop\\Projects\\marketplace-frontend0\\public\\file.svg"
2025-07-16T15:43:56.634306Z  INFO tailwindcss_oxide::scanner: Reading "C:\\Users\\USER\\Desktop\\Projects\\marketplace-frontend0\\public\\window.svg"
2025-07-16T15:43:56.634363Z  INFO tailwindcss_oxide::scanner: Reading "C:\\Users\\USER\\Desktop\\Projects\\marketplace-frontend0\\public\\next.svg"
2025-07-16T15:43:56.634563Z  INFO tailwindcss_oxide::scanner: Reading "C:\\Users\\USER\\Desktop\\Projects\\marketplace-frontend0\\public\\vercel.svg"
2025-07-16T15:43:56.634730Z  INFO tailwindcss_oxide::scanner: Reading "C:\\Users\\USER\\Desktop\\Projects\\marketplace-frontend0\\tsconfig.json"
2025-07-16T15:43:56.634913Z  INFO tailwindcss_oxide::scanner: Reading "C:\\Users\\USER\\Desktop\\Projects\\marketplace-frontend0\\types\\api.ts"
2025-07-16T15:43:56.634953Z  INFO tailwindcss_oxide::scanner: Reading "C:\\Users\\USER\\Desktop\\Projects\\marketplace-frontend0\\README.md"
2025-07-16T15:43:56.636519Z  INFO extract_candidates:read_all_files: tailwindcss_oxide::scanner: exit
2025-07-16T15:43:56.636570Z  INFO extract_candidates:parse_all_blobs: tailwindcss_oxide::scanner: enter
2025-07-16T15:43:56.636587Z  INFO extract_candidates:parse_all_blobs:extract: tailwindcss_oxide::scanner: enter
2025-07-16T15:43:56.734242Z  INFO extract_candidates:parse_all_blobs:extract: tailwindcss_oxide::scanner: exit
2025-07-16T15:43:56.734741Z  INFO extract_candidates:parse_all_blobs: tailwindcss_oxide::scanner: exit
2025-07-16T15:43:56.734810Z  INFO extract_candidates:read_all_files: tailwindcss_oxide::scanner: enter
2025-07-16T15:43:56.734822Z  INFO extract_candidates:read_all_files: tailwindcss_oxide::scanner: Reading 1 file(s)
2025-07-16T15:43:56.734990Z  INFO extract_candidates:read_all_files: tailwindcss_oxide::scanner: Reading "C:\\Users\\USER\\Desktop\\Projects\\marketplace-frontend0\\app\\globals.css"
2025-07-16T15:43:56.735016Z  INFO extract_candidates:read_all_files: tailwindcss_oxide::scanner: exit
2025-07-16T15:43:56.735029Z  INFO extract_candidates:extract_css_variables: tailwindcss_oxide::scanner: enter
2025-07-16T15:43:56.735040Z  INFO extract_candidates:extract_css_variables:extract: tailwindcss_oxide::scanner: enter
2025-07-16T15:43:56.736739Z  INFO extract_candidates:extract_css_variables:extract: tailwindcss_oxide::scanner: exit
2025-07-16T15:43:56.736781Z  INFO extract_candidates:extract_css_variables: tailwindcss_oxide::scanner: exit
2025-07-16T15:43:56.762455Z  INFO extract_candidates: tailwindcss_oxide::scanner: exit
2025-07-16T15:43:56.766356Z  INFO get_files: tailwindcss_oxide::scanner: enter
2025-07-16T15:43:56.766404Z  INFO get_files:scan_sources: tailwindcss_oxide::scanner: enter
2025-07-16T15:43:56.770749Z  INFO get_files:scan_sources: tailwindcss_oxide::scanner: Discovering "C:\\Users\\USER\\Desktop\\Projects\\marketplace-frontend0\\app"
2025-07-16T15:43:56.771213Z  INFO get_files:scan_sources: tailwindcss_oxide::scanner: Discovering "C:\\Users\\USER\\Desktop\\Projects\\marketplace-frontend0\\app\\account"
2025-07-16T15:43:56.771688Z  INFO get_files:scan_sources: tailwindcss_oxide::scanner: Discovering "C:\\Users\\USER\\Desktop\\Projects\\marketplace-frontend0\\app\\account\\(auth)"
2025-07-16T15:43:56.772237Z  INFO get_files:scan_sources: tailwindcss_oxide::scanner: Discovering "C:\\Users\\USER\\Desktop\\Projects\\marketplace-frontend0\\app\\account\\(auth)\\coupons"
2025-07-16T15:43:56.772939Z  INFO get_files:scan_sources: tailwindcss_oxide::scanner: Discovering "C:\\Users\\USER\\Desktop\\Projects\\marketplace-frontend0\\app\\account\\(auth)\\legal"
2025-07-16T15:43:56.773569Z  INFO get_files:scan_sources: tailwindcss_oxide::scanner: Discovering "C:\\Users\\USER\\Desktop\\Projects\\marketplace-frontend0\\app\\account\\(auth)\\orders"
2025-07-16T15:43:56.774293Z  INFO get_files:scan_sources: tailwindcss_oxide::scanner: Discovering "C:\\Users\\USER\\Desktop\\Projects\\marketplace-frontend0\\app\\account\\(auth)\\payment-methods"
2025-07-16T15:43:56.774789Z  INFO get_files:scan_sources: tailwindcss_oxide::scanner: Discovering "C:\\Users\\USER\\Desktop\\Projects\\marketplace-frontend0\\app\\account\\(auth)\\payment-methods\\add"
2025-07-16T15:43:56.775630Z  INFO get_files:scan_sources: tailwindcss_oxide::scanner: Discovering "C:\\Users\\USER\\Desktop\\Projects\\marketplace-frontend0\\app\\account\\(auth)\\privacy-policy"
2025-07-16T15:43:56.776306Z  INFO get_files:scan_sources: tailwindcss_oxide::scanner: Discovering "C:\\Users\\USER\\Desktop\\Projects\\marketplace-frontend0\\app\\account\\(auth)\\sellers"
2025-07-16T15:43:56.779010Z  INFO get_files:scan_sources: tailwindcss_oxide::scanner: Discovering "C:\\Users\\USER\\Desktop\\Projects\\marketplace-frontend0\\app\\account\\(auth)\\shipping-addresses"
2025-07-16T15:43:56.780038Z  INFO get_files:scan_sources: tailwindcss_oxide::scanner: Discovering "C:\\Users\\USER\\Desktop\\Projects\\marketplace-frontend0\\app\\account\\(auth)\\shipping-addresses\\add"
2025-07-16T15:43:56.781288Z  INFO get_files:scan_sources: tailwindcss_oxide::scanner: Discovering "C:\\Users\\USER\\Desktop\\Projects\\marketplace-frontend0\\app\\account\\(auth)\\wishlist"
2025-07-16T15:43:56.782661Z  INFO get_files:scan_sources: tailwindcss_oxide::scanner: Discovering "C:\\Users\\USER\\Desktop\\Projects\\marketplace-frontend0\\app\\account\\edit"
2025-07-16T15:43:56.783384Z  INFO get_files:scan_sources: tailwindcss_oxide::scanner: Discovering "C:\\Users\\USER\\Desktop\\Projects\\marketplace-frontend0\\app\\cart"
2025-07-16T15:43:56.783955Z  INFO get_files:scan_sources: tailwindcss_oxide::scanner: Discovering "C:\\Users\\USER\\Desktop\\Projects\\marketplace-frontend0\\app\\categories"
2025-07-16T15:43:56.784396Z  INFO get_files:scan_sources: tailwindcss_oxide::scanner: Discovering "C:\\Users\\USER\\Desktop\\Projects\\marketplace-frontend0\\app\\categories\\[slug]"
2025-07-16T15:43:56.784992Z  INFO get_files:scan_sources: tailwindcss_oxide::scanner: Discovering "C:\\Users\\USER\\Desktop\\Projects\\marketplace-frontend0\\app\\checkout"
2025-07-16T15:43:56.785572Z  INFO get_files:scan_sources: tailwindcss_oxide::scanner: Discovering "C:\\Users\\USER\\Desktop\\Projects\\marketplace-frontend0\\app\\forgot-email"
2025-07-16T15:43:56.786122Z  INFO get_files:scan_sources: tailwindcss_oxide::scanner: Discovering "C:\\Users\\USER\\Desktop\\Projects\\marketplace-frontend0\\app\\forgot-password"
2025-07-16T15:43:56.786556Z  INFO get_files:scan_sources: tailwindcss_oxide::scanner: Discovering "C:\\Users\\USER\\Desktop\\Projects\\marketplace-frontend0\\app\\forgot-password\\confirmation"
2025-07-16T15:43:56.787230Z  INFO get_files:scan_sources: tailwindcss_oxide::scanner: Discovering "C:\\Users\\USER\\Desktop\\Projects\\marketplace-frontend0\\app\\forgot-password\\reset"
2025-07-16T15:43:56.787985Z  INFO get_files:scan_sources: tailwindcss_oxide::scanner: Discovering "C:\\Users\\USER\\Desktop\\Projects\\marketplace-frontend0\\app\\landing"
2025-07-16T15:43:56.788595Z  INFO get_files:scan_sources: tailwindcss_oxide::scanner: Discovering "C:\\Users\\USER\\Desktop\\Projects\\marketplace-frontend0\\app\\login"
2025-07-16T15:43:56.789144Z  INFO get_files:scan_sources: tailwindcss_oxide::scanner: Discovering "C:\\Users\\USER\\Desktop\\Projects\\marketplace-frontend0\\app\\order-details"
2025-07-16T15:43:56.789583Z  INFO get_files:scan_sources: tailwindcss_oxide::scanner: Discovering "C:\\Users\\USER\\Desktop\\Projects\\marketplace-frontend0\\app\\order-details\\[orderId]"
2025-07-16T15:43:56.790187Z  INFO get_files:scan_sources: tailwindcss_oxide::scanner: Discovering "C:\\Users\\USER\\Desktop\\Projects\\marketplace-frontend0\\app\\order-success"
2025-07-16T15:43:56.790968Z  INFO get_files:scan_sources: tailwindcss_oxide::scanner: Discovering "C:\\Users\\USER\\Desktop\\Projects\\marketplace-frontend0\\app\\product"
2025-07-16T15:43:56.791460Z  INFO get_files:scan_sources: tailwindcss_oxide::scanner: Discovering "C:\\Users\\USER\\Desktop\\Projects\\marketplace-frontend0\\app\\product\\[slug]"
2025-07-16T15:43:56.792099Z  INFO get_files:scan_sources: tailwindcss_oxide::scanner: Discovering "C:\\Users\\USER\\Desktop\\Projects\\marketplace-frontend0\\app\\signup"
2025-07-16T15:43:56.792726Z  INFO get_files:scan_sources: tailwindcss_oxide::scanner: Discovering "C:\\Users\\USER\\Desktop\\Projects\\marketplace-frontend0\\app\\track-order"
2025-07-16T15:43:56.793172Z  INFO get_files:scan_sources: tailwindcss_oxide::scanner: Discovering "C:\\Users\\USER\\Desktop\\Projects\\marketplace-frontend0\\app\\track-order\\[orderId]"
2025-07-16T15:43:56.795703Z  INFO get_files:scan_sources: tailwindcss_oxide::scanner: Discovering "C:\\Users\\USER\\Desktop\\Projects\\marketplace-frontend0\\components"
2025-07-16T15:43:56.800236Z  INFO get_files:scan_sources: tailwindcss_oxide::scanner: Discovering "C:\\Users\\USER\\Desktop\\Projects\\marketplace-frontend0\\components\\martaf"
2025-07-16T15:43:56.801082Z  INFO get_files:scan_sources: tailwindcss_oxide::scanner: Discovering "C:\\Users\\USER\\Desktop\\Projects\\marketplace-frontend0\\components\\martaf\\AuthPopups"
2025-07-16T15:43:56.804338Z  INFO get_files:scan_sources: tailwindcss_oxide::scanner: Discovering "C:\\Users\\USER\\Desktop\\Projects\\marketplace-frontend0\\components\\ui"
2025-07-16T15:43:56.806496Z  INFO get_files:scan_sources: tailwindcss_oxide::scanner: Discovering "C:\\Users\\USER\\Desktop\\Projects\\marketplace-frontend0\\lib"
2025-07-16T15:43:56.807479Z  INFO get_files:scan_sources: tailwindcss_oxide::scanner: Discovering "C:\\Users\\USER\\Desktop\\Projects\\marketplace-frontend0\\MARTAF"
2025-07-16T15:43:56.807933Z  INFO get_files:scan_sources: tailwindcss_oxide::scanner: Discovering "C:\\Users\\USER\\Desktop\\Projects\\marketplace-frontend0\\MARTAF\\MOBILE"
2025-07-16T15:43:56.808385Z  INFO get_files:scan_sources: tailwindcss_oxide::scanner: Discovering "C:\\Users\\USER\\Desktop\\Projects\\marketplace-frontend0\\MARTAF\\MOBILE\\cart and checkouts"
2025-07-16T15:43:56.808888Z  INFO get_files:scan_sources: tailwindcss_oxide::scanner: Discovering "C:\\Users\\USER\\Desktop\\Projects\\marketplace-frontend0\\MARTAF\\MOBILE\\cart and checkouts\\MARTAF (2)"
2025-07-16T15:43:56.809317Z  INFO get_files:scan_sources: tailwindcss_oxide::scanner: Discovering "C:\\Users\\USER\\Desktop\\Projects\\marketplace-frontend0\\MARTAF\\MOBILE\\cart and checkouts\\MARTAF (2)\\Cart"
2025-07-16T15:43:56.809841Z  INFO get_files:scan_sources: tailwindcss_oxide::scanner: Discovering "C:\\Users\\USER\\Desktop\\Projects\\marketplace-frontend0\\MARTAF\\MOBILE\\cart and checkouts\\MARTAF (3)"
2025-07-16T15:43:56.814038Z  INFO get_files:scan_sources: tailwindcss_oxide::scanner: Discovering "C:\\Users\\USER\\Desktop\\Projects\\marketplace-frontend0\\MARTAF\\MOBILE\\cart and checkouts\\MARTAF (3)\\Cart"
2025-07-16T15:43:56.815200Z  INFO get_files:scan_sources: tailwindcss_oxide::scanner: Discovering "C:\\Users\\USER\\Desktop\\Projects\\marketplace-frontend0\\MARTAF\\MOBILE\\cart and checkouts\\MARTAF (4)"
2025-07-16T15:43:56.815671Z  INFO get_files:scan_sources: tailwindcss_oxide::scanner: Discovering "C:\\Users\\USER\\Desktop\\Projects\\marketplace-frontend0\\MARTAF\\MOBILE\\cart and checkouts\\MARTAF (4)\\Cart"
2025-07-16T15:43:56.816292Z  INFO get_files:scan_sources: tailwindcss_oxide::scanner: Discovering "C:\\Users\\USER\\Desktop\\Projects\\marketplace-frontend0\\MARTAF\\MOBILE\\cart and checkouts\\MARTAF (5)"
2025-07-16T15:43:56.816909Z  INFO get_files:scan_sources: tailwindcss_oxide::scanner: Discovering "C:\\Users\\USER\\Desktop\\Projects\\marketplace-frontend0\\MARTAF\\MOBILE\\cart and checkouts\\MARTAF (5)\\Cart"
2025-07-16T15:43:56.817746Z  INFO get_files:scan_sources: tailwindcss_oxide::scanner: Discovering "C:\\Users\\USER\\Desktop\\Projects\\marketplace-frontend0\\MARTAF\\MOBILE\\cart and checkouts\\MARTAF (6)"
2025-07-16T15:43:56.818515Z  INFO get_files:scan_sources: tailwindcss_oxide::scanner: Discovering "C:\\Users\\USER\\Desktop\\Projects\\marketplace-frontend0\\MARTAF\\MOBILE\\cart and checkouts\\MARTAF (6)\\Cart"
2025-07-16T15:43:56.819352Z  INFO get_files:scan_sources: tailwindcss_oxide::scanner: Discovering "C:\\Users\\USER\\Desktop\\Projects\\marketplace-frontend0\\MARTAF\\MOBILE\\cart and checkouts\\MARTAF (7)"
2025-07-16T15:43:56.819843Z  INFO get_files:scan_sources: tailwindcss_oxide::scanner: Discovering "C:\\Users\\USER\\Desktop\\Projects\\marketplace-frontend0\\MARTAF\\MOBILE\\cart and checkouts\\MARTAF (7)\\Cart"
2025-07-16T15:43:56.820462Z  INFO get_files:scan_sources: tailwindcss_oxide::scanner: Discovering "C:\\Users\\USER\\Desktop\\Projects\\marketplace-frontend0\\MARTAF\\MOBILE\\cart and checkouts\\MARTAF (8)"
2025-07-16T15:43:56.820891Z  INFO get_files:scan_sources: tailwindcss_oxide::scanner: Discovering "C:\\Users\\USER\\Desktop\\Projects\\marketplace-frontend0\\MARTAF\\MOBILE\\cart and checkouts\\MARTAF (8)\\Cart"
2025-07-16T15:43:56.821532Z  INFO get_files:scan_sources: tailwindcss_oxide::scanner: Discovering "C:\\Users\\USER\\Desktop\\Projects\\marketplace-frontend0\\MARTAF\\MOBILE\\cart and checkouts\\MARTAF (9)"
2025-07-16T15:43:56.821999Z  INFO get_files:scan_sources: tailwindcss_oxide::scanner: Discovering "C:\\Users\\USER\\Desktop\\Projects\\marketplace-frontend0\\MARTAF\\MOBILE\\cart and checkouts\\MARTAF (9)\\Cart"
2025-07-16T15:43:56.822686Z  INFO get_files:scan_sources: tailwindcss_oxide::scanner: Discovering "C:\\Users\\USER\\Desktop\\Projects\\marketplace-frontend0\\MARTAF\\MOBILE\\Landing Pages"
2025-07-16T15:43:56.823262Z  INFO get_files:scan_sources: tailwindcss_oxide::scanner: Discovering "C:\\Users\\USER\\Desktop\\Projects\\marketplace-frontend0\\MARTAF\\MOBILE\\Product Pages"
2025-07-16T15:43:56.823884Z  INFO get_files:scan_sources: tailwindcss_oxide::scanner: Discovering "C:\\Users\\USER\\Desktop\\Projects\\marketplace-frontend0\\MARTAF\\MOBILE\\User login - Registration"
2025-07-16T15:43:56.825428Z  INFO get_files:scan_sources: tailwindcss_oxide::scanner: Discovering "C:\\Users\\USER\\Desktop\\Projects\\marketplace-frontend0\\public"
2025-07-16T15:43:56.826133Z  INFO get_files:scan_sources: tailwindcss_oxide::scanner: Discovering "C:\\Users\\USER\\Desktop\\Projects\\marketplace-frontend0\\public\\assets"
2025-07-16T15:43:56.829873Z  INFO get_files:scan_sources: tailwindcss_oxide::scanner: Discovering "C:\\Users\\USER\\Desktop\\Projects\\marketplace-frontend0\\types"
2025-07-16T15:43:56.830459Z  INFO get_files:scan_sources: tailwindcss_oxide::scanner: exit
2025-07-16T15:43:56.830609Z  INFO get_files: tailwindcss_oxide::scanner: exit
2025-07-16T15:43:56.832161Z  INFO get_globs: tailwindcss_oxide::scanner: enter
2025-07-16T15:43:56.832200Z  INFO get_globs:scan_sources: tailwindcss_oxide::scanner: enter
2025-07-16T15:43:56.836001Z  INFO get_globs:scan_sources: tailwindcss_oxide::scanner: Discovering "C:\\Users\\USER\\Desktop\\Projects\\marketplace-frontend0\\app"
2025-07-16T15:43:56.836455Z  INFO get_globs:scan_sources: tailwindcss_oxide::scanner: Discovering "C:\\Users\\USER\\Desktop\\Projects\\marketplace-frontend0\\app\\account"
2025-07-16T15:43:56.836878Z  INFO get_globs:scan_sources: tailwindcss_oxide::scanner: Discovering "C:\\Users\\USER\\Desktop\\Projects\\marketplace-frontend0\\app\\account\\(auth)"
2025-07-16T15:43:56.837342Z  INFO get_globs:scan_sources: tailwindcss_oxide::scanner: Discovering "C:\\Users\\USER\\Desktop\\Projects\\marketplace-frontend0\\app\\account\\(auth)\\coupons"
2025-07-16T15:43:56.838012Z  INFO get_globs:scan_sources: tailwindcss_oxide::scanner: Discovering "C:\\Users\\USER\\Desktop\\Projects\\marketplace-frontend0\\app\\account\\(auth)\\legal"
2025-07-16T15:43:56.838580Z  INFO get_globs:scan_sources: tailwindcss_oxide::scanner: Discovering "C:\\Users\\USER\\Desktop\\Projects\\marketplace-frontend0\\app\\account\\(auth)\\orders"
2025-07-16T15:43:56.839119Z  INFO get_globs:scan_sources: tailwindcss_oxide::scanner: Discovering "C:\\Users\\USER\\Desktop\\Projects\\marketplace-frontend0\\app\\account\\(auth)\\payment-methods"
2025-07-16T15:43:56.839530Z  INFO get_globs:scan_sources: tailwindcss_oxide::scanner: Discovering "C:\\Users\\USER\\Desktop\\Projects\\marketplace-frontend0\\app\\account\\(auth)\\payment-methods\\add"
2025-07-16T15:43:56.848153Z  INFO get_globs:scan_sources: tailwindcss_oxide::scanner: Discovering "C:\\Users\\USER\\Desktop\\Projects\\marketplace-frontend0\\app\\account\\(auth)\\privacy-policy"
2025-07-16T15:43:56.848840Z  INFO get_globs:scan_sources: tailwindcss_oxide::scanner: Discovering "C:\\Users\\USER\\Desktop\\Projects\\marketplace-frontend0\\app\\account\\(auth)\\sellers"
2025-07-16T15:43:56.849428Z  INFO get_globs:scan_sources: tailwindcss_oxide::scanner: Discovering "C:\\Users\\USER\\Desktop\\Projects\\marketplace-frontend0\\app\\account\\(auth)\\shipping-addresses"
2025-07-16T15:43:56.849875Z  INFO get_globs:scan_sources: tailwindcss_oxide::scanner: Discovering "C:\\Users\\USER\\Desktop\\Projects\\marketplace-frontend0\\app\\account\\(auth)\\shipping-addresses\\add"
2025-07-16T15:43:56.850671Z  INFO get_globs:scan_sources: tailwindcss_oxide::scanner: Discovering "C:\\Users\\USER\\Desktop\\Projects\\marketplace-frontend0\\app\\account\\(auth)\\wishlist"
2025-07-16T15:43:56.851671Z  INFO get_globs:scan_sources: tailwindcss_oxide::scanner: Discovering "C:\\Users\\USER\\Desktop\\Projects\\marketplace-frontend0\\app\\account\\edit"
2025-07-16T15:43:56.852501Z  INFO get_globs:scan_sources: tailwindcss_oxide::scanner: Discovering "C:\\Users\\USER\\Desktop\\Projects\\marketplace-frontend0\\app\\cart"
2025-07-16T15:43:56.853141Z  INFO get_globs:scan_sources: tailwindcss_oxide::scanner: Discovering "C:\\Users\\USER\\Desktop\\Projects\\marketplace-frontend0\\app\\categories"
2025-07-16T15:43:56.853617Z  INFO get_globs:scan_sources: tailwindcss_oxide::scanner: Discovering "C:\\Users\\USER\\Desktop\\Projects\\marketplace-frontend0\\app\\categories\\[slug]"
2025-07-16T15:43:56.854298Z  INFO get_globs:scan_sources: tailwindcss_oxide::scanner: Discovering "C:\\Users\\USER\\Desktop\\Projects\\marketplace-frontend0\\app\\checkout"
2025-07-16T15:43:56.854981Z  INFO get_globs:scan_sources: tailwindcss_oxide::scanner: Discovering "C:\\Users\\USER\\Desktop\\Projects\\marketplace-frontend0\\app\\forgot-email"
2025-07-16T15:43:56.855742Z  INFO get_globs:scan_sources: tailwindcss_oxide::scanner: Discovering "C:\\Users\\USER\\Desktop\\Projects\\marketplace-frontend0\\app\\forgot-password"
2025-07-16T15:43:56.856292Z  INFO get_globs:scan_sources: tailwindcss_oxide::scanner: Discovering "C:\\Users\\USER\\Desktop\\Projects\\marketplace-frontend0\\app\\forgot-password\\confirmation"
2025-07-16T15:43:56.857066Z  INFO get_globs:scan_sources: tailwindcss_oxide::scanner: Discovering "C:\\Users\\USER\\Desktop\\Projects\\marketplace-frontend0\\app\\forgot-password\\reset"
2025-07-16T15:43:56.858263Z  INFO get_globs:scan_sources: tailwindcss_oxide::scanner: Discovering "C:\\Users\\USER\\Desktop\\Projects\\marketplace-frontend0\\app\\landing"
2025-07-16T15:43:56.859001Z  INFO get_globs:scan_sources: tailwindcss_oxide::scanner: Discovering "C:\\Users\\USER\\Desktop\\Projects\\marketplace-frontend0\\app\\login"
2025-07-16T15:43:56.859639Z  INFO get_globs:scan_sources: tailwindcss_oxide::scanner: Discovering "C:\\Users\\USER\\Desktop\\Projects\\marketplace-frontend0\\app\\order-details"
2025-07-16T15:43:56.862218Z  INFO get_globs:scan_sources: tailwindcss_oxide::scanner: Discovering "C:\\Users\\USER\\Desktop\\Projects\\marketplace-frontend0\\app\\order-details\\[orderId]"
2025-07-16T15:43:56.862995Z  INFO get_globs:scan_sources: tailwindcss_oxide::scanner: Discovering "C:\\Users\\USER\\Desktop\\Projects\\marketplace-frontend0\\app\\order-success"
2025-07-16T15:43:56.863794Z  INFO get_globs:scan_sources: tailwindcss_oxide::scanner: Discovering "C:\\Users\\USER\\Desktop\\Projects\\marketplace-frontend0\\app\\product"
2025-07-16T15:43:56.864692Z  INFO get_globs:scan_sources: tailwindcss_oxide::scanner: Discovering "C:\\Users\\USER\\Desktop\\Projects\\marketplace-frontend0\\app\\product\\[slug]"
2025-07-16T15:43:56.865744Z  INFO get_globs:scan_sources: tailwindcss_oxide::scanner: Discovering "C:\\Users\\USER\\Desktop\\Projects\\marketplace-frontend0\\app\\signup"
2025-07-16T15:43:56.866697Z  INFO get_globs:scan_sources: tailwindcss_oxide::scanner: Discovering "C:\\Users\\USER\\Desktop\\Projects\\marketplace-frontend0\\app\\track-order"
2025-07-16T15:43:56.867500Z  INFO get_globs:scan_sources: tailwindcss_oxide::scanner: Discovering "C:\\Users\\USER\\Desktop\\Projects\\marketplace-frontend0\\app\\track-order\\[orderId]"
2025-07-16T15:43:56.868659Z  INFO get_globs:scan_sources: tailwindcss_oxide::scanner: Discovering "C:\\Users\\USER\\Desktop\\Projects\\marketplace-frontend0\\components"
2025-07-16T15:43:56.870778Z  INFO get_globs:scan_sources: tailwindcss_oxide::scanner: Discovering "C:\\Users\\USER\\Desktop\\Projects\\marketplace-frontend0\\components\\martaf"
2025-07-16T15:43:56.872558Z  INFO get_globs:scan_sources: tailwindcss_oxide::scanner: Discovering "C:\\Users\\USER\\Desktop\\Projects\\marketplace-frontend0\\components\\martaf\\AuthPopups"
2025-07-16T15:43:56.876049Z  INFO get_globs:scan_sources: tailwindcss_oxide::scanner: Discovering "C:\\Users\\USER\\Desktop\\Projects\\marketplace-frontend0\\components\\ui"
2025-07-16T15:43:56.882156Z  INFO get_globs:scan_sources: tailwindcss_oxide::scanner: Discovering "C:\\Users\\USER\\Desktop\\Projects\\marketplace-frontend0\\lib"
2025-07-16T15:43:56.883323Z  INFO get_globs:scan_sources: tailwindcss_oxide::scanner: Discovering "C:\\Users\\USER\\Desktop\\Projects\\marketplace-frontend0\\MARTAF"
2025-07-16T15:43:56.884274Z  INFO get_globs:scan_sources: tailwindcss_oxide::scanner: Discovering "C:\\Users\\USER\\Desktop\\Projects\\marketplace-frontend0\\MARTAF\\MOBILE"
2025-07-16T15:43:56.884866Z  INFO get_globs:scan_sources: tailwindcss_oxide::scanner: Discovering "C:\\Users\\USER\\Desktop\\Projects\\marketplace-frontend0\\MARTAF\\MOBILE\\cart and checkouts"
2025-07-16T15:43:56.885604Z  INFO get_globs:scan_sources: tailwindcss_oxide::scanner: Discovering "C:\\Users\\USER\\Desktop\\Projects\\marketplace-frontend0\\MARTAF\\MOBILE\\cart and checkouts\\MARTAF (2)"
2025-07-16T15:43:56.886114Z  INFO get_globs:scan_sources: tailwindcss_oxide::scanner: Discovering "C:\\Users\\USER\\Desktop\\Projects\\marketplace-frontend0\\MARTAF\\MOBILE\\cart and checkouts\\MARTAF (2)\\Cart"
2025-07-16T15:43:56.886831Z  INFO get_globs:scan_sources: tailwindcss_oxide::scanner: Discovering "C:\\Users\\USER\\Desktop\\Projects\\marketplace-frontend0\\MARTAF\\MOBILE\\cart and checkouts\\MARTAF (3)"
2025-07-16T15:43:56.890176Z  INFO get_globs:scan_sources: tailwindcss_oxide::scanner: Discovering "C:\\Users\\USER\\Desktop\\Projects\\marketplace-frontend0\\MARTAF\\MOBILE\\cart and checkouts\\MARTAF (3)\\Cart"
2025-07-16T15:43:56.891051Z  INFO get_globs:scan_sources: tailwindcss_oxide::scanner: Discovering "C:\\Users\\USER\\Desktop\\Projects\\marketplace-frontend0\\MARTAF\\MOBILE\\cart and checkouts\\MARTAF (4)"
2025-07-16T15:43:56.891595Z  INFO get_globs:scan_sources: tailwindcss_oxide::scanner: Discovering "C:\\Users\\USER\\Desktop\\Projects\\marketplace-frontend0\\MARTAF\\MOBILE\\cart and checkouts\\MARTAF (4)\\Cart"
2025-07-16T15:43:56.892186Z  INFO get_globs:scan_sources: tailwindcss_oxide::scanner: Discovering "C:\\Users\\USER\\Desktop\\Projects\\marketplace-frontend0\\MARTAF\\MOBILE\\cart and checkouts\\MARTAF (5)"
2025-07-16T15:43:56.892673Z  INFO get_globs:scan_sources: tailwindcss_oxide::scanner: Discovering "C:\\Users\\USER\\Desktop\\Projects\\marketplace-frontend0\\MARTAF\\MOBILE\\cart and checkouts\\MARTAF (5)\\Cart"
2025-07-16T15:43:56.893218Z  INFO get_globs:scan_sources: tailwindcss_oxide::scanner: Discovering "C:\\Users\\USER\\Desktop\\Projects\\marketplace-frontend0\\MARTAF\\MOBILE\\cart and checkouts\\MARTAF (6)"
2025-07-16T15:43:56.902087Z  INFO get_globs:scan_sources: tailwindcss_oxide::scanner: Discovering "C:\\Users\\USER\\Desktop\\Projects\\marketplace-frontend0\\MARTAF\\MOBILE\\cart and checkouts\\MARTAF (6)\\Cart"
2025-07-16T15:43:56.902723Z  INFO get_globs:scan_sources: tailwindcss_oxide::scanner: Discovering "C:\\Users\\USER\\Desktop\\Projects\\marketplace-frontend0\\MARTAF\\MOBILE\\cart and checkouts\\MARTAF (7)"
2025-07-16T15:43:56.903307Z  INFO get_globs:scan_sources: tailwindcss_oxide::scanner: Discovering "C:\\Users\\USER\\Desktop\\Projects\\marketplace-frontend0\\MARTAF\\MOBILE\\cart and checkouts\\MARTAF (7)\\Cart"
2025-07-16T15:43:56.904466Z  INFO get_globs:scan_sources: tailwindcss_oxide::scanner: Discovering "C:\\Users\\USER\\Desktop\\Projects\\marketplace-frontend0\\MARTAF\\MOBILE\\cart and checkouts\\MARTAF (8)"
2025-07-16T15:43:56.905010Z  INFO get_globs:scan_sources: tailwindcss_oxide::scanner: Discovering "C:\\Users\\USER\\Desktop\\Projects\\marketplace-frontend0\\MARTAF\\MOBILE\\cart and checkouts\\MARTAF (8)\\Cart"
2025-07-16T15:43:56.905636Z  INFO get_globs:scan_sources: tailwindcss_oxide::scanner: Discovering "C:\\Users\\USER\\Desktop\\Projects\\marketplace-frontend0\\MARTAF\\MOBILE\\cart and checkouts\\MARTAF (9)"
2025-07-16T15:43:56.906120Z  INFO get_globs:scan_sources: tailwindcss_oxide::scanner: Discovering "C:\\Users\\USER\\Desktop\\Projects\\marketplace-frontend0\\MARTAF\\MOBILE\\cart and checkouts\\MARTAF (9)\\Cart"
2025-07-16T15:43:56.906794Z  INFO get_globs:scan_sources: tailwindcss_oxide::scanner: Discovering "C:\\Users\\USER\\Desktop\\Projects\\marketplace-frontend0\\MARTAF\\MOBILE\\Landing Pages"
2025-07-16T15:43:56.907376Z  INFO get_globs:scan_sources: tailwindcss_oxide::scanner: Discovering "C:\\Users\\USER\\Desktop\\Projects\\marketplace-frontend0\\MARTAF\\MOBILE\\Product Pages"
2025-07-16T15:43:56.908014Z  INFO get_globs:scan_sources: tailwindcss_oxide::scanner: Discovering "C:\\Users\\USER\\Desktop\\Projects\\marketplace-frontend0\\MARTAF\\MOBILE\\User login - Registration"
2025-07-16T15:43:56.909745Z  INFO get_globs:scan_sources: tailwindcss_oxide::scanner: Discovering "C:\\Users\\USER\\Desktop\\Projects\\marketplace-frontend0\\public"
2025-07-16T15:43:56.913177Z  INFO get_globs:scan_sources: tailwindcss_oxide::scanner: Discovering "C:\\Users\\USER\\Desktop\\Projects\\marketplace-frontend0\\public\\assets"
2025-07-16T15:43:56.917786Z  INFO get_globs:scan_sources: tailwindcss_oxide::scanner: Discovering "C:\\Users\\USER\\Desktop\\Projects\\marketplace-frontend0\\types"
2025-07-16T15:43:56.918679Z  INFO get_globs:scan_sources: tailwindcss_oxide::scanner: exit
2025-07-16T15:43:56.970054Z  INFO get_globs: tailwindcss_oxide::scanner: exit
