2025-07-16T12:03:06.399709Z  INFO tailwindcss_oxide::scanner: Provided sources:
2025-07-16T12:03:06.399889Z  INFO tailwindcss_oxide::scanner: Source: PublicSourceEntry { base: "C:\\Users\\USER\\Desktop\\Projects\\marketplace-frontend0", pattern: "**/*", negated: false }
2025-07-16T12:03:06.401728Z  INFO tailwindcss_oxide::scanner: Optimized sources:
2025-07-16T12:03:06.401780Z  INFO tailwindcss_oxide::scanner: Source: Auto { base: "C:\\Users\\USER\\Desktop\\Projects\\marketplace-frontend0" }
2025-07-16T12:03:06.431021Z  INFO scan_sources: tailwindcss_oxide::scanner: enter
2025-07-16T12:03:06.435388Z  INFO scan_sources: tailwindcss_oxide::scanner: Discovering "C:\\Users\\USER\\Desktop\\Projects\\marketplace-frontend0\\app"
2025-07-16T12:03:06.436191Z  INFO scan_sources: tailwindcss_oxide::scanner: Discovering "C:\\Users\\USER\\Desktop\\Projects\\marketplace-frontend0\\app\\account"
2025-07-16T12:03:06.436667Z  INFO scan_sources: tailwindcss_oxide::scanner: Discovering "C:\\Users\\USER\\Desktop\\Projects\\marketplace-frontend0\\app\\account\\(auth)"
2025-07-16T12:03:06.437195Z  INFO scan_sources: tailwindcss_oxide::scanner: Discovering "C:\\Users\\USER\\Desktop\\Projects\\marketplace-frontend0\\app\\account\\(auth)\\coupons"
2025-07-16T12:03:06.437879Z  INFO scan_sources: tailwindcss_oxide::scanner: Discovering "C:\\Users\\USER\\Desktop\\Projects\\marketplace-frontend0\\app\\account\\(auth)\\coupons\\page.tsx"
2025-07-16T12:03:06.438152Z  INFO scan_sources: tailwindcss_oxide::scanner: Discovering "C:\\Users\\USER\\Desktop\\Projects\\marketplace-frontend0\\app\\account\\(auth)\\layout.tsx"
2025-07-16T12:03:06.438412Z  INFO scan_sources: tailwindcss_oxide::scanner: Discovering "C:\\Users\\USER\\Desktop\\Projects\\marketplace-frontend0\\app\\account\\(auth)\\legal"
2025-07-16T12:03:06.438791Z  INFO scan_sources: tailwindcss_oxide::scanner: Discovering "C:\\Users\\USER\\Desktop\\Projects\\marketplace-frontend0\\app\\account\\(auth)\\legal\\page.tsx"
2025-07-16T12:03:06.439092Z  INFO scan_sources: tailwindcss_oxide::scanner: Discovering "C:\\Users\\USER\\Desktop\\Projects\\marketplace-frontend0\\app\\account\\(auth)\\orders"
2025-07-16T12:03:06.439457Z  INFO scan_sources: tailwindcss_oxide::scanner: Discovering "C:\\Users\\USER\\Desktop\\Projects\\marketplace-frontend0\\app\\account\\(auth)\\orders\\page.tsx"
2025-07-16T12:03:06.439759Z  INFO scan_sources: tailwindcss_oxide::scanner: Discovering "C:\\Users\\USER\\Desktop\\Projects\\marketplace-frontend0\\app\\account\\(auth)\\payment-methods"
2025-07-16T12:03:06.440206Z  INFO scan_sources: tailwindcss_oxide::scanner: Discovering "C:\\Users\\USER\\Desktop\\Projects\\marketplace-frontend0\\app\\account\\(auth)\\payment-methods\\add"
2025-07-16T12:03:06.441123Z  INFO scan_sources: tailwindcss_oxide::scanner: Discovering "C:\\Users\\USER\\Desktop\\Projects\\marketplace-frontend0\\app\\account\\(auth)\\payment-methods\\add\\page.tsx"
2025-07-16T12:03:06.441350Z  INFO scan_sources: tailwindcss_oxide::scanner: Discovering "C:\\Users\\USER\\Desktop\\Projects\\marketplace-frontend0\\app\\account\\(auth)\\payment-methods\\page.tsx"
2025-07-16T12:03:06.441664Z  INFO scan_sources: tailwindcss_oxide::scanner: Discovering "C:\\Users\\USER\\Desktop\\Projects\\marketplace-frontend0\\app\\account\\(auth)\\privacy-policy"
2025-07-16T12:03:06.442047Z  INFO scan_sources: tailwindcss_oxide::scanner: Discovering "C:\\Users\\USER\\Desktop\\Projects\\marketplace-frontend0\\app\\account\\(auth)\\privacy-policy\\page.tsx"
2025-07-16T12:03:06.443975Z  INFO scan_sources: tailwindcss_oxide::scanner: Discovering "C:\\Users\\USER\\Desktop\\Projects\\marketplace-frontend0\\app\\account\\(auth)\\sellers"
2025-07-16T12:03:06.444408Z  INFO scan_sources: tailwindcss_oxide::scanner: Discovering "C:\\Users\\USER\\Desktop\\Projects\\marketplace-frontend0\\app\\account\\(auth)\\sellers\\page.tsx"
2025-07-16T12:03:06.444731Z  INFO scan_sources: tailwindcss_oxide::scanner: Discovering "C:\\Users\\USER\\Desktop\\Projects\\marketplace-frontend0\\app\\account\\(auth)\\shipping-addresses"
2025-07-16T12:03:06.445213Z  INFO scan_sources: tailwindcss_oxide::scanner: Discovering "C:\\Users\\USER\\Desktop\\Projects\\marketplace-frontend0\\app\\account\\(auth)\\shipping-addresses\\add"
2025-07-16T12:03:06.445719Z  INFO scan_sources: tailwindcss_oxide::scanner: Discovering "C:\\Users\\USER\\Desktop\\Projects\\marketplace-frontend0\\app\\account\\(auth)\\shipping-addresses\\add\\page.tsx"
2025-07-16T12:03:06.445936Z  INFO scan_sources: tailwindcss_oxide::scanner: Discovering "C:\\Users\\USER\\Desktop\\Projects\\marketplace-frontend0\\app\\account\\(auth)\\shipping-addresses\\page.tsx"
2025-07-16T12:03:06.446275Z  INFO scan_sources: tailwindcss_oxide::scanner: Discovering "C:\\Users\\USER\\Desktop\\Projects\\marketplace-frontend0\\app\\account\\(auth)\\wishlist"
2025-07-16T12:03:06.446680Z  INFO scan_sources: tailwindcss_oxide::scanner: Discovering "C:\\Users\\USER\\Desktop\\Projects\\marketplace-frontend0\\app\\account\\(auth)\\wishlist\\page.tsx"
2025-07-16T12:03:06.447066Z  INFO scan_sources: tailwindcss_oxide::scanner: Discovering "C:\\Users\\USER\\Desktop\\Projects\\marketplace-frontend0\\app\\account\\edit"
2025-07-16T12:03:06.447454Z  INFO scan_sources: tailwindcss_oxide::scanner: Discovering "C:\\Users\\USER\\Desktop\\Projects\\marketplace-frontend0\\app\\account\\edit\\page.tsx"
2025-07-16T12:03:06.447671Z  INFO scan_sources: tailwindcss_oxide::scanner: Discovering "C:\\Users\\USER\\Desktop\\Projects\\marketplace-frontend0\\app\\account\\page.tsx"
2025-07-16T12:03:06.447969Z  INFO scan_sources: tailwindcss_oxide::scanner: Discovering "C:\\Users\\USER\\Desktop\\Projects\\marketplace-frontend0\\app\\cart"
2025-07-16T12:03:06.448342Z  INFO scan_sources: tailwindcss_oxide::scanner: Discovering "C:\\Users\\USER\\Desktop\\Projects\\marketplace-frontend0\\app\\cart\\page.tsx"
2025-07-16T12:03:06.448680Z  INFO scan_sources: tailwindcss_oxide::scanner: Discovering "C:\\Users\\USER\\Desktop\\Projects\\marketplace-frontend0\\app\\categories"
2025-07-16T12:03:06.449257Z  INFO scan_sources: tailwindcss_oxide::scanner: Discovering "C:\\Users\\USER\\Desktop\\Projects\\marketplace-frontend0\\app\\categories\\[slug]"
2025-07-16T12:03:06.449677Z  INFO scan_sources: tailwindcss_oxide::scanner: Discovering "C:\\Users\\USER\\Desktop\\Projects\\marketplace-frontend0\\app\\categories\\[slug]\\page.tsx"
2025-07-16T12:03:06.450072Z  INFO scan_sources: tailwindcss_oxide::scanner: Discovering "C:\\Users\\USER\\Desktop\\Projects\\marketplace-frontend0\\app\\checkout"
2025-07-16T12:03:06.450464Z  INFO scan_sources: tailwindcss_oxide::scanner: Discovering "C:\\Users\\USER\\Desktop\\Projects\\marketplace-frontend0\\app\\checkout\\page.tsx"
2025-07-16T12:03:06.450819Z  INFO scan_sources: tailwindcss_oxide::scanner: Discovering "C:\\Users\\USER\\Desktop\\Projects\\marketplace-frontend0\\app\\forgot-email"
2025-07-16T12:03:06.451303Z  INFO scan_sources: tailwindcss_oxide::scanner: Discovering "C:\\Users\\USER\\Desktop\\Projects\\marketplace-frontend0\\app\\forgot-email\\page.tsx"
2025-07-16T12:03:06.451648Z  INFO scan_sources: tailwindcss_oxide::scanner: Discovering "C:\\Users\\USER\\Desktop\\Projects\\marketplace-frontend0\\app\\forgot-password"
2025-07-16T12:03:06.452176Z  INFO scan_sources: tailwindcss_oxide::scanner: Discovering "C:\\Users\\USER\\Desktop\\Projects\\marketplace-frontend0\\app\\forgot-password\\confirmation"
2025-07-16T12:03:06.452525Z  INFO scan_sources: tailwindcss_oxide::scanner: Discovering "C:\\Users\\USER\\Desktop\\Projects\\marketplace-frontend0\\app\\forgot-password\\confirmation\\page.tsx"
2025-07-16T12:03:06.452748Z  INFO scan_sources: tailwindcss_oxide::scanner: Discovering "C:\\Users\\USER\\Desktop\\Projects\\marketplace-frontend0\\app\\forgot-password\\page.tsx"
2025-07-16T12:03:06.453023Z  INFO scan_sources: tailwindcss_oxide::scanner: Discovering "C:\\Users\\USER\\Desktop\\Projects\\marketplace-frontend0\\app\\forgot-password\\reset"
2025-07-16T12:03:06.453395Z  INFO scan_sources: tailwindcss_oxide::scanner: Discovering "C:\\Users\\USER\\Desktop\\Projects\\marketplace-frontend0\\app\\forgot-password\\reset\\page.tsx"
2025-07-16T12:03:06.453653Z  INFO scan_sources: tailwindcss_oxide::scanner: Discovering "C:\\Users\\USER\\Desktop\\Projects\\marketplace-frontend0\\app\\globals.css"
2025-07-16T12:03:06.453963Z  INFO scan_sources: tailwindcss_oxide::scanner: Discovering "C:\\Users\\USER\\Desktop\\Projects\\marketplace-frontend0\\app\\landing"
2025-07-16T12:03:06.454329Z  INFO scan_sources: tailwindcss_oxide::scanner: Discovering "C:\\Users\\USER\\Desktop\\Projects\\marketplace-frontend0\\app\\landing\\page.tsx"
2025-07-16T12:03:06.454518Z  INFO scan_sources: tailwindcss_oxide::scanner: Discovering "C:\\Users\\USER\\Desktop\\Projects\\marketplace-frontend0\\app\\layout.tsx"
2025-07-16T12:03:06.454751Z  INFO scan_sources: tailwindcss_oxide::scanner: Discovering "C:\\Users\\USER\\Desktop\\Projects\\marketplace-frontend0\\app\\login"
2025-07-16T12:03:06.455115Z  INFO scan_sources: tailwindcss_oxide::scanner: Discovering "C:\\Users\\USER\\Desktop\\Projects\\marketplace-frontend0\\app\\login\\page.tsx"
2025-07-16T12:03:06.455425Z  INFO scan_sources: tailwindcss_oxide::scanner: Discovering "C:\\Users\\USER\\Desktop\\Projects\\marketplace-frontend0\\app\\order-details"
2025-07-16T12:03:06.455871Z  INFO scan_sources: tailwindcss_oxide::scanner: Discovering "C:\\Users\\USER\\Desktop\\Projects\\marketplace-frontend0\\app\\order-details\\[orderId]"
2025-07-16T12:03:06.456230Z  INFO scan_sources: tailwindcss_oxide::scanner: Discovering "C:\\Users\\USER\\Desktop\\Projects\\marketplace-frontend0\\app\\order-details\\[orderId]\\page.tsx"
2025-07-16T12:03:06.456566Z  INFO scan_sources: tailwindcss_oxide::scanner: Discovering "C:\\Users\\USER\\Desktop\\Projects\\marketplace-frontend0\\app\\order-success"
2025-07-16T12:03:06.456963Z  INFO scan_sources: tailwindcss_oxide::scanner: Discovering "C:\\Users\\USER\\Desktop\\Projects\\marketplace-frontend0\\app\\order-success\\page.tsx"
2025-07-16T12:03:06.457182Z  INFO scan_sources: tailwindcss_oxide::scanner: Discovering "C:\\Users\\USER\\Desktop\\Projects\\marketplace-frontend0\\app\\page.tsx"
2025-07-16T12:03:06.457432Z  INFO scan_sources: tailwindcss_oxide::scanner: Discovering "C:\\Users\\USER\\Desktop\\Projects\\marketplace-frontend0\\app\\product"
2025-07-16T12:03:06.457869Z  INFO scan_sources: tailwindcss_oxide::scanner: Discovering "C:\\Users\\USER\\Desktop\\Projects\\marketplace-frontend0\\app\\product\\[slug]"
2025-07-16T12:03:06.458256Z  INFO scan_sources: tailwindcss_oxide::scanner: Discovering "C:\\Users\\USER\\Desktop\\Projects\\marketplace-frontend0\\app\\product\\[slug]\\page.tsx"
2025-07-16T12:03:06.458645Z  INFO scan_sources: tailwindcss_oxide::scanner: Discovering "C:\\Users\\USER\\Desktop\\Projects\\marketplace-frontend0\\app\\signup"
2025-07-16T12:03:06.460898Z  INFO scan_sources: tailwindcss_oxide::scanner: Discovering "C:\\Users\\USER\\Desktop\\Projects\\marketplace-frontend0\\app\\signup\\page.tsx"
2025-07-16T12:03:06.461607Z  INFO scan_sources: tailwindcss_oxide::scanner: Discovering "C:\\Users\\USER\\Desktop\\Projects\\marketplace-frontend0\\app\\track-order"
2025-07-16T12:03:06.462130Z  INFO scan_sources: tailwindcss_oxide::scanner: Discovering "C:\\Users\\USER\\Desktop\\Projects\\marketplace-frontend0\\app\\track-order\\[orderId]"
2025-07-16T12:03:06.463212Z  INFO scan_sources: tailwindcss_oxide::scanner: Discovering "C:\\Users\\USER\\Desktop\\Projects\\marketplace-frontend0\\app\\track-order\\[orderId]\\page.tsx"
2025-07-16T12:03:06.463680Z  INFO scan_sources: tailwindcss_oxide::scanner: Discovering "C:\\Users\\USER\\Desktop\\Projects\\marketplace-frontend0\\components"
2025-07-16T12:03:06.464088Z  INFO scan_sources: tailwindcss_oxide::scanner: Discovering "C:\\Users\\USER\\Desktop\\Projects\\marketplace-frontend0\\components\\dark-mode.tsx"
2025-07-16T12:03:06.464249Z  INFO scan_sources: tailwindcss_oxide::scanner: Discovering "C:\\Users\\USER\\Desktop\\Projects\\marketplace-frontend0\\components\\login-form.tsx"
2025-07-16T12:03:06.464516Z  INFO scan_sources: tailwindcss_oxide::scanner: Discovering "C:\\Users\\USER\\Desktop\\Projects\\marketplace-frontend0\\components\\martaf"
2025-07-16T12:03:06.464923Z  INFO scan_sources: tailwindcss_oxide::scanner: Discovering "C:\\Users\\USER\\Desktop\\Projects\\marketplace-frontend0\\components\\martaf\\AccountPaymentAddress.tsx"
2025-07-16T12:03:06.465093Z  INFO scan_sources: tailwindcss_oxide::scanner: Discovering "C:\\Users\\USER\\Desktop\\Projects\\marketplace-frontend0\\components\\martaf\\AddAddressModal.tsx"
2025-07-16T12:03:06.465247Z  INFO scan_sources: tailwindcss_oxide::scanner: Discovering "C:\\Users\\USER\\Desktop\\Projects\\marketplace-frontend0\\components\\martaf\\AddCardModal.tsx"
2025-07-16T12:03:06.465499Z  INFO scan_sources: tailwindcss_oxide::scanner: Discovering "C:\\Users\\USER\\Desktop\\Projects\\marketplace-frontend0\\components\\martaf\\AuthPopups"
2025-07-16T12:03:06.465901Z  INFO scan_sources: tailwindcss_oxide::scanner: Discovering "C:\\Users\\USER\\Desktop\\Projects\\marketplace-frontend0\\components\\martaf\\AuthPopups\\AllDonePopup.tsx"
2025-07-16T12:03:06.466063Z  INFO scan_sources: tailwindcss_oxide::scanner: Discovering "C:\\Users\\USER\\Desktop\\Projects\\marketplace-frontend0\\components\\martaf\\AuthPopups\\CheckInboxPopup.tsx"
2025-07-16T12:03:06.466230Z  INFO scan_sources: tailwindcss_oxide::scanner: Discovering "C:\\Users\\USER\\Desktop\\Projects\\marketplace-frontend0\\components\\martaf\\AuthPopups\\ForgotEmailPopup.tsx"
2025-07-16T12:03:06.466379Z  INFO scan_sources: tailwindcss_oxide::scanner: Discovering "C:\\Users\\USER\\Desktop\\Projects\\marketplace-frontend0\\components\\martaf\\AuthPopups\\ForgotPasswordPopup.tsx"
2025-07-16T12:03:06.466525Z  INFO scan_sources: tailwindcss_oxide::scanner: Discovering "C:\\Users\\USER\\Desktop\\Projects\\marketplace-frontend0\\components\\martaf\\AuthPopups\\PasswordUpdatedPopup.tsx"
2025-07-16T12:03:06.466669Z  INFO scan_sources: tailwindcss_oxide::scanner: Discovering "C:\\Users\\USER\\Desktop\\Projects\\marketplace-frontend0\\components\\martaf\\AuthPopups\\ResetPasswordPopup.tsx"
2025-07-16T12:03:06.466816Z  INFO scan_sources: tailwindcss_oxide::scanner: Discovering "C:\\Users\\USER\\Desktop\\Projects\\marketplace-frontend0\\components\\martaf\\AuthPopups\\SignInPopup.tsx"
2025-07-16T12:03:06.466957Z  INFO scan_sources: tailwindcss_oxide::scanner: Discovering "C:\\Users\\USER\\Desktop\\Projects\\marketplace-frontend0\\components\\martaf\\AuthPopups\\SignUpPopup.tsx"
2025-07-16T12:03:06.467097Z  INFO scan_sources: tailwindcss_oxide::scanner: Discovering "C:\\Users\\USER\\Desktop\\Projects\\marketplace-frontend0\\components\\martaf\\AuthPopups\\VerifyEmailPopup.tsx"
2025-07-16T12:03:06.467318Z  INFO scan_sources: tailwindcss_oxide::scanner: Discovering "C:\\Users\\USER\\Desktop\\Projects\\marketplace-frontend0\\components\\martaf\\Categories.tsx"
2025-07-16T12:03:06.467464Z  INFO scan_sources: tailwindcss_oxide::scanner: Discovering "C:\\Users\\USER\\Desktop\\Projects\\marketplace-frontend0\\components\\martaf\\ConditionalHeader.tsx"
2025-07-16T12:03:06.467608Z  INFO scan_sources: tailwindcss_oxide::scanner: Discovering "C:\\Users\\USER\\Desktop\\Projects\\marketplace-frontend0\\components\\martaf\\ConfirmDeliveryModal.tsx"
2025-07-16T12:03:06.467754Z  INFO scan_sources: tailwindcss_oxide::scanner: Discovering "C:\\Users\\USER\\Desktop\\Projects\\marketplace-frontend0\\components\\martaf\\CouponsAndSellers.tsx"
2025-07-16T12:03:06.467895Z  INFO scan_sources: tailwindcss_oxide::scanner: Discovering "C:\\Users\\USER\\Desktop\\Projects\\marketplace-frontend0\\components\\martaf\\DesktopSettings.tsx"
2025-07-16T12:03:06.468033Z  INFO scan_sources: tailwindcss_oxide::scanner: Discovering "C:\\Users\\USER\\Desktop\\Projects\\marketplace-frontend0\\components\\martaf\\DiscountItems.tsx"
2025-07-16T12:03:06.468174Z  INFO scan_sources: tailwindcss_oxide::scanner: Discovering "C:\\Users\\USER\\Desktop\\Projects\\marketplace-frontend0\\components\\martaf\\Footer.tsx"
2025-07-16T12:03:06.468316Z  INFO scan_sources: tailwindcss_oxide::scanner: Discovering "C:\\Users\\USER\\Desktop\\Projects\\marketplace-frontend0\\components\\martaf\\Header.tsx"
2025-07-16T12:03:06.468456Z  INFO scan_sources: tailwindcss_oxide::scanner: Discovering "C:\\Users\\USER\\Desktop\\Projects\\marketplace-frontend0\\components\\martaf\\HeroSection.tsx"
2025-07-16T12:03:06.468681Z  INFO scan_sources: tailwindcss_oxide::scanner: Discovering "C:\\Users\\USER\\Desktop\\Projects\\marketplace-frontend0\\components\\martaf\\ImpactNumbers.tsx"
2025-07-16T12:03:06.468826Z  INFO scan_sources: tailwindcss_oxide::scanner: Discovering "C:\\Users\\USER\\Desktop\\Projects\\marketplace-frontend0\\components\\martaf\\JoinMartaf.tsx"
2025-07-16T12:03:06.468966Z  INFO scan_sources: tailwindcss_oxide::scanner: Discovering "C:\\Users\\USER\\Desktop\\Projects\\marketplace-frontend0\\components\\martaf\\MoreToLove.tsx"
2025-07-16T12:03:06.469132Z  INFO scan_sources: tailwindcss_oxide::scanner: Discovering "C:\\Users\\USER\\Desktop\\Projects\\marketplace-frontend0\\components\\martaf\\OrderSuccess.tsx"
2025-07-16T12:03:06.469283Z  INFO scan_sources: tailwindcss_oxide::scanner: Discovering "C:\\Users\\USER\\Desktop\\Projects\\marketplace-frontend0\\components\\martaf\\PopularSearches.tsx"
2025-07-16T12:03:06.469440Z  INFO scan_sources: tailwindcss_oxide::scanner: Discovering "C:\\Users\\USER\\Desktop\\Projects\\marketplace-frontend0\\components\\martaf\\ProductCard.tsx"
2025-07-16T12:03:06.469591Z  INFO scan_sources: tailwindcss_oxide::scanner: Discovering "C:\\Users\\USER\\Desktop\\Projects\\marketplace-frontend0\\components\\martaf\\RatingsReviewsDrawer.tsx"
2025-07-16T12:03:06.469731Z  INFO scan_sources: tailwindcss_oxide::scanner: Discovering "C:\\Users\\USER\\Desktop\\Projects\\marketplace-frontend0\\components\\martaf\\ReviewForm.tsx"
2025-07-16T12:03:06.469878Z  INFO scan_sources: tailwindcss_oxide::scanner: Discovering "C:\\Users\\USER\\Desktop\\Projects\\marketplace-frontend0\\components\\martaf\\SizeGuideDrawer.tsx"
2025-07-16T12:03:06.470013Z  INFO scan_sources: tailwindcss_oxide::scanner: Discovering "C:\\Users\\USER\\Desktop\\Projects\\marketplace-frontend0\\components\\martaf\\TrendingProducts.tsx"
2025-07-16T12:03:06.470151Z  INFO scan_sources: tailwindcss_oxide::scanner: Discovering "C:\\Users\\USER\\Desktop\\Projects\\marketplace-frontend0\\components\\martaf\\UpdatePasswordModal.tsx"
2025-07-16T12:03:06.470290Z  INFO scan_sources: tailwindcss_oxide::scanner: Discovering "C:\\Users\\USER\\Desktop\\Projects\\marketplace-frontend0\\components\\martaf\\UpdatePersonalDetailsModal.tsx"
2025-07-16T12:03:06.470432Z  INFO scan_sources: tailwindcss_oxide::scanner: Discovering "C:\\Users\\USER\\Desktop\\Projects\\marketplace-frontend0\\components\\martaf\\UploadProfilePictureModal.tsx"
2025-07-16T12:03:06.470581Z  INFO scan_sources: tailwindcss_oxide::scanner: Discovering "C:\\Users\\USER\\Desktop\\Projects\\marketplace-frontend0\\components\\martaf\\WhyChooseMartaf.tsx"
2025-07-16T12:03:06.470788Z  INFO scan_sources: tailwindcss_oxide::scanner: Discovering "C:\\Users\\USER\\Desktop\\Projects\\marketplace-frontend0\\components\\theme-provider.tsx"
2025-07-16T12:03:06.471059Z  INFO scan_sources: tailwindcss_oxide::scanner: Discovering "C:\\Users\\USER\\Desktop\\Projects\\marketplace-frontend0\\components\\ui"
2025-07-16T12:03:06.471447Z  INFO scan_sources: tailwindcss_oxide::scanner: Discovering "C:\\Users\\USER\\Desktop\\Projects\\marketplace-frontend0\\components\\ui\\accordion.tsx"
2025-07-16T12:03:06.471593Z  INFO scan_sources: tailwindcss_oxide::scanner: Discovering "C:\\Users\\USER\\Desktop\\Projects\\marketplace-frontend0\\components\\ui\\avatar.tsx"
2025-07-16T12:03:06.471737Z  INFO scan_sources: tailwindcss_oxide::scanner: Discovering "C:\\Users\\USER\\Desktop\\Projects\\marketplace-frontend0\\components\\ui\\badge.tsx"
2025-07-16T12:03:06.471879Z  INFO scan_sources: tailwindcss_oxide::scanner: Discovering "C:\\Users\\USER\\Desktop\\Projects\\marketplace-frontend0\\components\\ui\\button.tsx"
2025-07-16T12:03:06.472019Z  INFO scan_sources: tailwindcss_oxide::scanner: Discovering "C:\\Users\\USER\\Desktop\\Projects\\marketplace-frontend0\\components\\ui\\card.tsx"
2025-07-16T12:03:06.472155Z  INFO scan_sources: tailwindcss_oxide::scanner: Discovering "C:\\Users\\USER\\Desktop\\Projects\\marketplace-frontend0\\components\\ui\\checkbox.tsx"
2025-07-16T12:03:06.472367Z  INFO scan_sources: tailwindcss_oxide::scanner: Discovering "C:\\Users\\USER\\Desktop\\Projects\\marketplace-frontend0\\components\\ui\\command.tsx"
2025-07-16T12:03:06.472509Z  INFO scan_sources: tailwindcss_oxide::scanner: Discovering "C:\\Users\\USER\\Desktop\\Projects\\marketplace-frontend0\\components\\ui\\dialog.tsx"
2025-07-16T12:03:06.472644Z  INFO scan_sources: tailwindcss_oxide::scanner: Discovering "C:\\Users\\USER\\Desktop\\Projects\\marketplace-frontend0\\components\\ui\\drawer.tsx"
2025-07-16T12:03:06.472787Z  INFO scan_sources: tailwindcss_oxide::scanner: Discovering "C:\\Users\\USER\\Desktop\\Projects\\marketplace-frontend0\\components\\ui\\dropdown-menu.tsx"
2025-07-16T12:03:06.472931Z  INFO scan_sources: tailwindcss_oxide::scanner: Discovering "C:\\Users\\USER\\Desktop\\Projects\\marketplace-frontend0\\components\\ui\\input.tsx"
2025-07-16T12:03:06.473065Z  INFO scan_sources: tailwindcss_oxide::scanner: Discovering "C:\\Users\\USER\\Desktop\\Projects\\marketplace-frontend0\\components\\ui\\label.tsx"
2025-07-16T12:03:06.473203Z  INFO scan_sources: tailwindcss_oxide::scanner: Discovering "C:\\Users\\USER\\Desktop\\Projects\\marketplace-frontend0\\components\\ui\\popover.tsx"
2025-07-16T12:03:06.473333Z  INFO scan_sources: tailwindcss_oxide::scanner: Discovering "C:\\Users\\USER\\Desktop\\Projects\\marketplace-frontend0\\components\\ui\\ProtectedLink.tsx"
2025-07-16T12:03:06.473463Z  INFO scan_sources: tailwindcss_oxide::scanner: Discovering "C:\\Users\\USER\\Desktop\\Projects\\marketplace-frontend0\\components\\ui\\sheet.tsx"
2025-07-16T12:03:06.473599Z  INFO scan_sources: tailwindcss_oxide::scanner: Discovering "C:\\Users\\USER\\Desktop\\Projects\\marketplace-frontend0\\components\\ui\\sonner.tsx"
2025-07-16T12:03:06.473732Z  INFO scan_sources: tailwindcss_oxide::scanner: Discovering "C:\\Users\\USER\\Desktop\\Projects\\marketplace-frontend0\\components\\ui\\switch.tsx"
2025-07-16T12:03:06.473908Z  INFO scan_sources: tailwindcss_oxide::scanner: Discovering "C:\\Users\\USER\\Desktop\\Projects\\marketplace-frontend0\\components\\ui\\tabs.tsx"
2025-07-16T12:03:06.474050Z  INFO scan_sources: tailwindcss_oxide::scanner: Discovering "C:\\Users\\USER\\Desktop\\Projects\\marketplace-frontend0\\components\\ui\\textarea.tsx"
2025-07-16T12:03:06.474178Z  INFO scan_sources: tailwindcss_oxide::scanner: Discovering "C:\\Users\\USER\\Desktop\\Projects\\marketplace-frontend0\\components\\ui\\tooltip.tsx"
2025-07-16T12:03:06.474420Z  INFO scan_sources: tailwindcss_oxide::scanner: Discovering "C:\\Users\\USER\\Desktop\\Projects\\marketplace-frontend0\\components.json"
2025-07-16T12:03:06.474684Z  INFO scan_sources: tailwindcss_oxide::scanner: Discovering "C:\\Users\\USER\\Desktop\\Projects\\marketplace-frontend0\\lib"
2025-07-16T12:03:06.475092Z  INFO scan_sources: tailwindcss_oxide::scanner: Discovering "C:\\Users\\USER\\Desktop\\Projects\\marketplace-frontend0\\lib\\api.ts"
2025-07-16T12:03:06.475245Z  INFO scan_sources: tailwindcss_oxide::scanner: Discovering "C:\\Users\\USER\\Desktop\\Projects\\marketplace-frontend0\\lib\\auth-context.tsx"
2025-07-16T12:03:06.475383Z  INFO scan_sources: tailwindcss_oxide::scanner: Discovering "C:\\Users\\USER\\Desktop\\Projects\\marketplace-frontend0\\lib\\cart-context.tsx"
2025-07-16T12:03:06.489130Z  INFO scan_sources: tailwindcss_oxide::scanner: Discovering "C:\\Users\\USER\\Desktop\\Projects\\marketplace-frontend0\\lib\\localStorage-cart.ts"
2025-07-16T12:03:06.490108Z  INFO scan_sources: tailwindcss_oxide::scanner: Discovering "C:\\Users\\USER\\Desktop\\Projects\\marketplace-frontend0\\lib\\useProtectedRoute.ts"
2025-07-16T12:03:06.490352Z  INFO scan_sources: tailwindcss_oxide::scanner: Discovering "C:\\Users\\USER\\Desktop\\Projects\\marketplace-frontend0\\lib\\utils.ts"
2025-07-16T12:03:06.490711Z  INFO scan_sources: tailwindcss_oxide::scanner: Discovering "C:\\Users\\USER\\Desktop\\Projects\\marketplace-frontend0\\MARTAF"
2025-07-16T12:03:06.491228Z  INFO scan_sources: tailwindcss_oxide::scanner: Discovering "C:\\Users\\USER\\Desktop\\Projects\\marketplace-frontend0\\MARTAF\\MOBILE"
2025-07-16T12:03:06.491798Z  INFO scan_sources: tailwindcss_oxide::scanner: Discovering "C:\\Users\\USER\\Desktop\\Projects\\marketplace-frontend0\\MARTAF\\MOBILE\\cart and checkouts"
2025-07-16T12:03:06.496074Z  INFO scan_sources: tailwindcss_oxide::scanner: Discovering "C:\\Users\\USER\\Desktop\\Projects\\marketplace-frontend0\\MARTAF\\MOBILE\\cart and checkouts\\MARTAF (2)"
2025-07-16T12:03:06.497455Z  INFO scan_sources: tailwindcss_oxide::scanner: Discovering "C:\\Users\\USER\\Desktop\\Projects\\marketplace-frontend0\\MARTAF\\MOBILE\\cart and checkouts\\MARTAF (2)\\Cart"
2025-07-16T12:03:06.498042Z  INFO scan_sources: tailwindcss_oxide::scanner: Discovering "C:\\Users\\USER\\Desktop\\Projects\\marketplace-frontend0\\MARTAF\\MOBILE\\cart and checkouts\\MARTAF (3)"
2025-07-16T12:03:06.498457Z  INFO scan_sources: tailwindcss_oxide::scanner: Discovering "C:\\Users\\USER\\Desktop\\Projects\\marketplace-frontend0\\MARTAF\\MOBILE\\cart and checkouts\\MARTAF (3)\\Cart"
2025-07-16T12:03:06.498953Z  INFO scan_sources: tailwindcss_oxide::scanner: Discovering "C:\\Users\\USER\\Desktop\\Projects\\marketplace-frontend0\\MARTAF\\MOBILE\\cart and checkouts\\MARTAF (4)"
2025-07-16T12:03:06.499355Z  INFO scan_sources: tailwindcss_oxide::scanner: Discovering "C:\\Users\\USER\\Desktop\\Projects\\marketplace-frontend0\\MARTAF\\MOBILE\\cart and checkouts\\MARTAF (4)\\Cart"
2025-07-16T12:03:06.499856Z  INFO scan_sources: tailwindcss_oxide::scanner: Discovering "C:\\Users\\USER\\Desktop\\Projects\\marketplace-frontend0\\MARTAF\\MOBILE\\cart and checkouts\\MARTAF (5)"
2025-07-16T12:03:06.500289Z  INFO scan_sources: tailwindcss_oxide::scanner: Discovering "C:\\Users\\USER\\Desktop\\Projects\\marketplace-frontend0\\MARTAF\\MOBILE\\cart and checkouts\\MARTAF (5)\\Cart"
2025-07-16T12:03:06.500837Z  INFO scan_sources: tailwindcss_oxide::scanner: Discovering "C:\\Users\\USER\\Desktop\\Projects\\marketplace-frontend0\\MARTAF\\MOBILE\\cart and checkouts\\MARTAF (6)"
2025-07-16T12:03:06.501293Z  INFO scan_sources: tailwindcss_oxide::scanner: Discovering "C:\\Users\\USER\\Desktop\\Projects\\marketplace-frontend0\\MARTAF\\MOBILE\\cart and checkouts\\MARTAF (6)\\Cart"
2025-07-16T12:03:06.501885Z  INFO scan_sources: tailwindcss_oxide::scanner: Discovering "C:\\Users\\USER\\Desktop\\Projects\\marketplace-frontend0\\MARTAF\\MOBILE\\cart and checkouts\\MARTAF (7)"
2025-07-16T12:03:06.502376Z  INFO scan_sources: tailwindcss_oxide::scanner: Discovering "C:\\Users\\USER\\Desktop\\Projects\\marketplace-frontend0\\MARTAF\\MOBILE\\cart and checkouts\\MARTAF (7)\\Cart"
2025-07-16T12:03:06.502972Z  INFO scan_sources: tailwindcss_oxide::scanner: Discovering "C:\\Users\\USER\\Desktop\\Projects\\marketplace-frontend0\\MARTAF\\MOBILE\\cart and checkouts\\MARTAF (8)"
2025-07-16T12:03:06.503670Z  INFO scan_sources: tailwindcss_oxide::scanner: Discovering "C:\\Users\\USER\\Desktop\\Projects\\marketplace-frontend0\\MARTAF\\MOBILE\\cart and checkouts\\MARTAF (8)\\Cart"
2025-07-16T12:03:06.504286Z  INFO scan_sources: tailwindcss_oxide::scanner: Discovering "C:\\Users\\USER\\Desktop\\Projects\\marketplace-frontend0\\MARTAF\\MOBILE\\cart and checkouts\\MARTAF (9)"
2025-07-16T12:03:06.504760Z  INFO scan_sources: tailwindcss_oxide::scanner: Discovering "C:\\Users\\USER\\Desktop\\Projects\\marketplace-frontend0\\MARTAF\\MOBILE\\cart and checkouts\\MARTAF (9)\\Cart"
2025-07-16T12:03:06.505567Z  INFO scan_sources: tailwindcss_oxide::scanner: Discovering "C:\\Users\\USER\\Desktop\\Projects\\marketplace-frontend0\\MARTAF\\MOBILE\\Landing Pages"
2025-07-16T12:03:06.506951Z  INFO scan_sources: tailwindcss_oxide::scanner: Discovering "C:\\Users\\USER\\Desktop\\Projects\\marketplace-frontend0\\MARTAF\\MOBILE\\Product Pages"
2025-07-16T12:03:06.507609Z  INFO scan_sources: tailwindcss_oxide::scanner: Discovering "C:\\Users\\USER\\Desktop\\Projects\\marketplace-frontend0\\MARTAF\\MOBILE\\User login - Registration"
2025-07-16T12:03:06.508235Z  INFO scan_sources: tailwindcss_oxide::scanner: Discovering "C:\\Users\\USER\\Desktop\\Projects\\marketplace-frontend0\\middleware.ts"
2025-07-16T12:03:06.508518Z  INFO scan_sources: tailwindcss_oxide::scanner: Discovering "C:\\Users\\USER\\Desktop\\Projects\\marketplace-frontend0\\next.config.ts"
2025-07-16T12:03:06.510804Z  INFO scan_sources: tailwindcss_oxide::scanner: Discovering "C:\\Users\\USER\\Desktop\\Projects\\marketplace-frontend0\\package.json"
2025-07-16T12:03:06.511032Z  INFO scan_sources: tailwindcss_oxide::scanner: Discovering "C:\\Users\\USER\\Desktop\\Projects\\marketplace-frontend0\\postcss.config.mjs"
2025-07-16T12:03:06.511321Z  INFO scan_sources: tailwindcss_oxide::scanner: Discovering "C:\\Users\\USER\\Desktop\\Projects\\marketplace-frontend0\\public"
2025-07-16T12:03:06.511778Z  INFO scan_sources: tailwindcss_oxide::scanner: Discovering "C:\\Users\\USER\\Desktop\\Projects\\marketplace-frontend0\\public\\assets"
2025-07-16T12:03:06.512402Z  INFO scan_sources: tailwindcss_oxide::scanner: Discovering "C:\\Users\\USER\\Desktop\\Projects\\marketplace-frontend0\\public\\assets\\Hero_body[1].svg"
2025-07-16T12:03:06.512946Z  INFO scan_sources: tailwindcss_oxide::scanner: Discovering "C:\\Users\\USER\\Desktop\\Projects\\marketplace-frontend0\\public\\file.svg"
2025-07-16T12:03:06.513249Z  INFO scan_sources: tailwindcss_oxide::scanner: Discovering "C:\\Users\\USER\\Desktop\\Projects\\marketplace-frontend0\\public\\globe.svg"
2025-07-16T12:03:06.513491Z  INFO scan_sources: tailwindcss_oxide::scanner: Discovering "C:\\Users\\USER\\Desktop\\Projects\\marketplace-frontend0\\public\\next.svg"
2025-07-16T12:03:06.514235Z  INFO scan_sources: tailwindcss_oxide::scanner: Discovering "C:\\Users\\USER\\Desktop\\Projects\\marketplace-frontend0\\public\\vercel.svg"
2025-07-16T12:03:06.514402Z  INFO scan_sources: tailwindcss_oxide::scanner: Discovering "C:\\Users\\USER\\Desktop\\Projects\\marketplace-frontend0\\public\\window.svg"
2025-07-16T12:03:06.514610Z  INFO scan_sources: tailwindcss_oxide::scanner: Discovering "C:\\Users\\USER\\Desktop\\Projects\\marketplace-frontend0\\README.md"
2025-07-16T12:03:06.515068Z  INFO scan_sources: tailwindcss_oxide::scanner: Discovering "C:\\Users\\USER\\Desktop\\Projects\\marketplace-frontend0\\tsconfig.json"
2025-07-16T12:03:06.515462Z  INFO scan_sources: tailwindcss_oxide::scanner: Discovering "C:\\Users\\USER\\Desktop\\Projects\\marketplace-frontend0\\types"
2025-07-16T12:03:06.515901Z  INFO scan_sources: tailwindcss_oxide::scanner: Discovering "C:\\Users\\USER\\Desktop\\Projects\\marketplace-frontend0\\types\\api.ts"
2025-07-16T12:03:06.516224Z  INFO scan_sources: tailwindcss_oxide::scanner: exit
2025-07-16T12:03:06.516257Z  INFO extract_candidates: tailwindcss_oxide::scanner: enter
2025-07-16T12:03:06.516282Z  INFO extract_candidates:read_all_files: tailwindcss_oxide::scanner: enter
2025-07-16T12:03:06.516296Z  INFO extract_candidates:read_all_files: tailwindcss_oxide::scanner: Reading 107 file(s)
2025-07-16T12:03:06.568411Z  INFO tailwindcss_oxide::scanner: Reading "C:\\Users\\USER\\Desktop\\Projects\\marketplace-frontend0\\components\\martaf\\JoinMartaf.tsx"
2025-07-16T12:03:06.568413Z  INFO tailwindcss_oxide::scanner: Reading "C:\\Users\\USER\\Desktop\\Projects\\marketplace-frontend0\\app\\account\\(auth)\\coupons\\page.tsx"
2025-07-16T12:03:06.568988Z  INFO tailwindcss_oxide::scanner: Reading "C:\\Users\\USER\\Desktop\\Projects\\marketplace-frontend0\\app\\account\\(auth)\\layout.tsx"
2025-07-16T12:03:06.569381Z  INFO tailwindcss_oxide::scanner: Reading "C:\\Users\\USER\\Desktop\\Projects\\marketplace-frontend0\\components\\martaf\\MoreToLove.tsx"
2025-07-16T12:03:06.569455Z  INFO tailwindcss_oxide::scanner: Reading "C:\\Users\\USER\\Desktop\\Projects\\marketplace-frontend0\\app\\account\\(auth)\\legal\\page.tsx"
2025-07-16T12:03:06.569919Z  INFO tailwindcss_oxide::scanner: Reading "C:\\Users\\USER\\Desktop\\Projects\\marketplace-frontend0\\app\\account\\(auth)\\orders\\page.tsx"
2025-07-16T12:03:06.570408Z  INFO tailwindcss_oxide::scanner: Reading "C:\\Users\\USER\\Desktop\\Projects\\marketplace-frontend0\\components\\martaf\\OrderSuccess.tsx"
2025-07-16T12:03:06.570805Z  INFO tailwindcss_oxide::scanner: Reading "C:\\Users\\USER\\Desktop\\Projects\\marketplace-frontend0\\app\\account\\(auth)\\payment-methods\\add\\page.tsx"
2025-07-16T12:03:06.571075Z  INFO tailwindcss_oxide::scanner: Reading "C:\\Users\\USER\\Desktop\\Projects\\marketplace-frontend0\\components\\martaf\\PopularSearches.tsx"
2025-07-16T12:03:06.571326Z  INFO tailwindcss_oxide::scanner: Reading "C:\\Users\\USER\\Desktop\\Projects\\marketplace-frontend0\\app\\account\\(auth)\\payment-methods\\page.tsx"
2025-07-16T12:03:06.571627Z  INFO tailwindcss_oxide::scanner: Reading "C:\\Users\\USER\\Desktop\\Projects\\marketplace-frontend0\\components\\martaf\\ProductCard.tsx"
2025-07-16T12:03:06.571766Z  INFO tailwindcss_oxide::scanner: Reading "C:\\Users\\USER\\Desktop\\Projects\\marketplace-frontend0\\app\\account\\(auth)\\privacy-policy\\page.tsx"
2025-07-16T12:03:06.572112Z  INFO tailwindcss_oxide::scanner: Reading "C:\\Users\\USER\\Desktop\\Projects\\marketplace-frontend0\\components\\martaf\\RatingsReviewsDrawer.tsx"
2025-07-16T12:03:06.572209Z  INFO tailwindcss_oxide::scanner: Reading "C:\\Users\\USER\\Desktop\\Projects\\marketplace-frontend0\\app\\account\\(auth)\\sellers\\page.tsx"
2025-07-16T12:03:06.572548Z  INFO tailwindcss_oxide::scanner: Reading "C:\\Users\\USER\\Desktop\\Projects\\marketplace-frontend0\\components\\martaf\\ReviewForm.tsx"
2025-07-16T12:03:06.572821Z  INFO tailwindcss_oxide::scanner: Reading "C:\\Users\\USER\\Desktop\\Projects\\marketplace-frontend0\\app\\account\\(auth)\\shipping-addresses\\add\\page.tsx"
2025-07-16T12:03:06.573066Z  INFO tailwindcss_oxide::scanner: Reading "C:\\Users\\USER\\Desktop\\Projects\\marketplace-frontend0\\components\\martaf\\SizeGuideDrawer.tsx"
2025-07-16T12:03:06.573352Z  INFO tailwindcss_oxide::scanner: Reading "C:\\Users\\USER\\Desktop\\Projects\\marketplace-frontend0\\app\\account\\(auth)\\shipping-addresses\\page.tsx"
2025-07-16T12:03:06.573856Z  INFO tailwindcss_oxide::scanner: Reading "C:\\Users\\USER\\Desktop\\Projects\\marketplace-frontend0\\components\\martaf\\TrendingProducts.tsx"
2025-07-16T12:03:06.574756Z  INFO tailwindcss_oxide::scanner: Reading "C:\\Users\\USER\\Desktop\\Projects\\marketplace-frontend0\\components\\martaf\\UpdatePasswordModal.tsx"
2025-07-16T12:03:06.577301Z  INFO tailwindcss_oxide::scanner: Reading "C:\\Users\\USER\\Desktop\\Projects\\marketplace-frontend0\\components\\martaf\\UpdatePersonalDetailsModal.tsx"
2025-07-16T12:03:06.578130Z  INFO tailwindcss_oxide::scanner: Reading "C:\\Users\\USER\\Desktop\\Projects\\marketplace-frontend0\\components\\martaf\\UploadProfilePictureModal.tsx"
2025-07-16T12:03:06.578782Z  INFO tailwindcss_oxide::scanner: Reading "C:\\Users\\USER\\Desktop\\Projects\\marketplace-frontend0\\components\\martaf\\WhyChooseMartaf.tsx"
2025-07-16T12:03:06.579170Z  INFO tailwindcss_oxide::scanner: Reading "C:\\Users\\USER\\Desktop\\Projects\\marketplace-frontend0\\components\\theme-provider.tsx"
2025-07-16T12:03:06.579762Z  INFO tailwindcss_oxide::scanner: Reading "C:\\Users\\USER\\Desktop\\Projects\\marketplace-frontend0\\components\\ui\\accordion.tsx"
2025-07-16T12:03:06.580251Z  INFO tailwindcss_oxide::scanner: Reading "C:\\Users\\USER\\Desktop\\Projects\\marketplace-frontend0\\components\\ui\\avatar.tsx"
2025-07-16T12:03:06.580757Z  INFO tailwindcss_oxide::scanner: Reading "C:\\Users\\USER\\Desktop\\Projects\\marketplace-frontend0\\components\\ui\\badge.tsx"
2025-07-16T12:03:06.580962Z  INFO tailwindcss_oxide::scanner: Reading "C:\\Users\\USER\\Desktop\\Projects\\marketplace-frontend0\\components\\ui\\button.tsx"
2025-07-16T12:03:06.581393Z  INFO tailwindcss_oxide::scanner: Reading "C:\\Users\\USER\\Desktop\\Projects\\marketplace-frontend0\\app\\product\\[slug]\\page.tsx"
2025-07-16T12:03:06.581466Z  INFO tailwindcss_oxide::scanner: Reading "C:\\Users\\USER\\Desktop\\Projects\\marketplace-frontend0\\components\\ui\\card.tsx"
2025-07-16T12:03:06.581910Z  INFO tailwindcss_oxide::scanner: Reading "C:\\Users\\USER\\Desktop\\Projects\\marketplace-frontend0\\components\\ui\\checkbox.tsx"
2025-07-16T12:03:06.582052Z  INFO tailwindcss_oxide::scanner: Reading "C:\\Users\\USER\\Desktop\\Projects\\marketplace-frontend0\\app\\signup\\page.tsx"
2025-07-16T12:03:06.582410Z  INFO tailwindcss_oxide::scanner: Reading "C:\\Users\\USER\\Desktop\\Projects\\marketplace-frontend0\\components\\ui\\command.tsx"
2025-07-16T12:03:06.582611Z  INFO tailwindcss_oxide::scanner: Reading "C:\\Users\\USER\\Desktop\\Projects\\marketplace-frontend0\\app\\track-order\\[orderId]\\page.tsx"
2025-07-16T12:03:06.582854Z  INFO tailwindcss_oxide::scanner: Reading "C:\\Users\\USER\\Desktop\\Projects\\marketplace-frontend0\\components\\ui\\dialog.tsx"
2025-07-16T12:03:06.583032Z  INFO tailwindcss_oxide::scanner: Reading "C:\\Users\\USER\\Desktop\\Projects\\marketplace-frontend0\\components\\ui\\drawer.tsx"
2025-07-16T12:03:06.583120Z  INFO tailwindcss_oxide::scanner: Reading "C:\\Users\\USER\\Desktop\\Projects\\marketplace-frontend0\\components\\dark-mode.tsx"
2025-07-16T12:03:06.583220Z  INFO tailwindcss_oxide::scanner: Reading "C:\\Users\\USER\\Desktop\\Projects\\marketplace-frontend0\\components\\ui\\dropdown-menu.tsx"
2025-07-16T12:03:06.583369Z  INFO tailwindcss_oxide::scanner: Reading "C:\\Users\\USER\\Desktop\\Projects\\marketplace-frontend0\\components\\ui\\input.tsx"
2025-07-16T12:03:06.583580Z  INFO tailwindcss_oxide::scanner: Reading "C:\\Users\\USER\\Desktop\\Projects\\marketplace-frontend0\\components\\login-form.tsx"
2025-07-16T12:03:06.583594Z  INFO tailwindcss_oxide::scanner: Reading "C:\\Users\\USER\\Desktop\\Projects\\marketplace-frontend0\\components\\ui\\label.tsx"
2025-07-16T12:03:06.584050Z  INFO tailwindcss_oxide::scanner: Reading "C:\\Users\\USER\\Desktop\\Projects\\marketplace-frontend0\\components\\martaf\\AccountPaymentAddress.tsx"
2025-07-16T12:03:06.584116Z  INFO tailwindcss_oxide::scanner: Reading "C:\\Users\\USER\\Desktop\\Projects\\marketplace-frontend0\\components\\ui\\popover.tsx"
2025-07-16T12:03:06.584531Z  INFO tailwindcss_oxide::scanner: Reading "C:\\Users\\USER\\Desktop\\Projects\\marketplace-frontend0\\components\\ui\\ProtectedLink.tsx"
2025-07-16T12:03:06.584692Z  INFO tailwindcss_oxide::scanner: Reading "C:\\Users\\USER\\Desktop\\Projects\\marketplace-frontend0\\components\\martaf\\AddAddressModal.tsx"
2025-07-16T12:03:06.585055Z  INFO tailwindcss_oxide::scanner: Reading "C:\\Users\\USER\\Desktop\\Projects\\marketplace-frontend0\\components\\ui\\sheet.tsx"
2025-07-16T12:03:06.585107Z  INFO tailwindcss_oxide::scanner: Reading "C:\\Users\\USER\\Desktop\\Projects\\marketplace-frontend0\\components\\martaf\\AddCardModal.tsx"
2025-07-16T12:03:06.585256Z  INFO tailwindcss_oxide::scanner: Reading "C:\\Users\\USER\\Desktop\\Projects\\marketplace-frontend0\\components\\ui\\sonner.tsx"
2025-07-16T12:03:06.585724Z  INFO tailwindcss_oxide::scanner: Reading "C:\\Users\\USER\\Desktop\\Projects\\marketplace-frontend0\\components\\martaf\\AuthPopups\\AllDonePopup.tsx"
2025-07-16T12:03:06.585750Z  INFO tailwindcss_oxide::scanner: Reading "C:\\Users\\USER\\Desktop\\Projects\\marketplace-frontend0\\components\\ui\\switch.tsx"
2025-07-16T12:03:06.585887Z  INFO tailwindcss_oxide::scanner: Reading "C:\\Users\\USER\\Desktop\\Projects\\marketplace-frontend0\\components\\martaf\\AuthPopups\\CheckInboxPopup.tsx"
2025-07-16T12:03:06.586209Z  INFO tailwindcss_oxide::scanner: Reading "C:\\Users\\USER\\Desktop\\Projects\\marketplace-frontend0\\components\\ui\\tabs.tsx"
2025-07-16T12:03:06.586372Z  INFO tailwindcss_oxide::scanner: Reading "C:\\Users\\USER\\Desktop\\Projects\\marketplace-frontend0\\components\\martaf\\AuthPopups\\ForgotEmailPopup.tsx"
2025-07-16T12:03:06.586549Z  INFO tailwindcss_oxide::scanner: Reading "C:\\Users\\USER\\Desktop\\Projects\\marketplace-frontend0\\components\\martaf\\AuthPopups\\ForgotPasswordPopup.tsx"
2025-07-16T12:03:06.586705Z  INFO tailwindcss_oxide::scanner: Reading "C:\\Users\\USER\\Desktop\\Projects\\marketplace-frontend0\\components\\martaf\\AuthPopups\\PasswordUpdatedPopup.tsx"
2025-07-16T12:03:06.587272Z  INFO tailwindcss_oxide::scanner: Reading "C:\\Users\\USER\\Desktop\\Projects\\marketplace-frontend0\\components\\martaf\\AuthPopups\\ResetPasswordPopup.tsx"
2025-07-16T12:03:06.587297Z  INFO tailwindcss_oxide::scanner: Reading "C:\\Users\\USER\\Desktop\\Projects\\marketplace-frontend0\\components\\ui\\textarea.tsx"
2025-07-16T12:03:06.587527Z  INFO tailwindcss_oxide::scanner: Reading "C:\\Users\\USER\\Desktop\\Projects\\marketplace-frontend0\\components\\martaf\\AuthPopups\\SignInPopup.tsx"
2025-07-16T12:03:06.587755Z  INFO tailwindcss_oxide::scanner: Reading "C:\\Users\\USER\\Desktop\\Projects\\marketplace-frontend0\\components\\ui\\tooltip.tsx"
2025-07-16T12:03:06.587856Z  INFO tailwindcss_oxide::scanner: Reading "C:\\Users\\USER\\Desktop\\Projects\\marketplace-frontend0\\components\\martaf\\AuthPopups\\SignUpPopup.tsx"
2025-07-16T12:03:06.588056Z  INFO tailwindcss_oxide::scanner: Reading "C:\\Users\\USER\\Desktop\\Projects\\marketplace-frontend0\\components\\martaf\\AuthPopups\\VerifyEmailPopup.tsx"
2025-07-16T12:03:06.588450Z  INFO tailwindcss_oxide::scanner: Reading "C:\\Users\\USER\\Desktop\\Projects\\marketplace-frontend0\\components.json"
2025-07-16T12:03:06.588508Z  INFO tailwindcss_oxide::scanner: Reading "C:\\Users\\USER\\Desktop\\Projects\\marketplace-frontend0\\components\\martaf\\Categories.tsx"
2025-07-16T12:03:06.588678Z  INFO tailwindcss_oxide::scanner: Reading "C:\\Users\\USER\\Desktop\\Projects\\marketplace-frontend0\\components\\martaf\\ConditionalHeader.tsx"
2025-07-16T12:03:06.588971Z  INFO tailwindcss_oxide::scanner: Reading "C:\\Users\\USER\\Desktop\\Projects\\marketplace-frontend0\\lib\\api.ts"
2025-07-16T12:03:06.589129Z  INFO tailwindcss_oxide::scanner: Reading "C:\\Users\\USER\\Desktop\\Projects\\marketplace-frontend0\\lib\\auth-context.tsx"
2025-07-16T12:03:06.589285Z  INFO tailwindcss_oxide::scanner: Reading "C:\\Users\\USER\\Desktop\\Projects\\marketplace-frontend0\\lib\\cart-context.tsx"
2025-07-16T12:03:06.589360Z  INFO tailwindcss_oxide::scanner: Reading "C:\\Users\\USER\\Desktop\\Projects\\marketplace-frontend0\\components\\martaf\\ConfirmDeliveryModal.tsx"
2025-07-16T12:03:06.589430Z  INFO tailwindcss_oxide::scanner: Reading "C:\\Users\\USER\\Desktop\\Projects\\marketplace-frontend0\\lib\\localStorage-cart.ts"
2025-07-16T12:03:06.589664Z  INFO tailwindcss_oxide::scanner: Reading "C:\\Users\\USER\\Desktop\\Projects\\marketplace-frontend0\\lib\\useProtectedRoute.ts"
2025-07-16T12:03:06.589795Z  INFO tailwindcss_oxide::scanner: Reading "C:\\Users\\USER\\Desktop\\Projects\\marketplace-frontend0\\lib\\utils.ts"
2025-07-16T12:03:06.589913Z  INFO tailwindcss_oxide::scanner: Reading "C:\\Users\\USER\\Desktop\\Projects\\marketplace-frontend0\\middleware.ts"
2025-07-16T12:03:06.590092Z  INFO tailwindcss_oxide::scanner: Reading "C:\\Users\\USER\\Desktop\\Projects\\marketplace-frontend0\\next.config.ts"
2025-07-16T12:03:06.590222Z  INFO tailwindcss_oxide::scanner: Reading "C:\\Users\\USER\\Desktop\\Projects\\marketplace-frontend0\\package.json"
2025-07-16T12:03:06.590371Z  INFO tailwindcss_oxide::scanner: Reading "C:\\Users\\USER\\Desktop\\Projects\\marketplace-frontend0\\postcss.config.mjs"
2025-07-16T12:03:06.590376Z  INFO tailwindcss_oxide::scanner: Reading "C:\\Users\\USER\\Desktop\\Projects\\marketplace-frontend0\\components\\martaf\\CouponsAndSellers.tsx"
2025-07-16T12:03:06.590960Z  INFO tailwindcss_oxide::scanner: Reading "C:\\Users\\USER\\Desktop\\Projects\\marketplace-frontend0\\components\\martaf\\DesktopSettings.tsx"
2025-07-16T12:03:06.591419Z  INFO tailwindcss_oxide::scanner: Reading "C:\\Users\\USER\\Desktop\\Projects\\marketplace-frontend0\\components\\martaf\\DiscountItems.tsx"
2025-07-16T12:03:06.595413Z  INFO tailwindcss_oxide::scanner: Reading "C:\\Users\\USER\\Desktop\\Projects\\marketplace-frontend0\\public\\assets\\Hero_body[1].svg"
2025-07-16T12:03:06.597309Z  INFO tailwindcss_oxide::scanner: Reading "C:\\Users\\USER\\Desktop\\Projects\\marketplace-frontend0\\public\\file.svg"
2025-07-16T12:03:06.598207Z  INFO tailwindcss_oxide::scanner: Reading "C:\\Users\\USER\\Desktop\\Projects\\marketplace-frontend0\\public\\globe.svg"
2025-07-16T12:03:06.598642Z  INFO tailwindcss_oxide::scanner: Reading "C:\\Users\\USER\\Desktop\\Projects\\marketplace-frontend0\\public\\next.svg"
2025-07-16T12:03:06.598873Z  INFO tailwindcss_oxide::scanner: Reading "C:\\Users\\USER\\Desktop\\Projects\\marketplace-frontend0\\public\\vercel.svg"
2025-07-16T12:03:06.599069Z  INFO tailwindcss_oxide::scanner: Reading "C:\\Users\\USER\\Desktop\\Projects\\marketplace-frontend0\\public\\window.svg"
2025-07-16T12:03:06.599451Z  INFO tailwindcss_oxide::scanner: Reading "C:\\Users\\USER\\Desktop\\Projects\\marketplace-frontend0\\components\\martaf\\Footer.tsx"
2025-07-16T12:03:06.599677Z  INFO tailwindcss_oxide::scanner: Reading "C:\\Users\\USER\\Desktop\\Projects\\marketplace-frontend0\\components\\martaf\\Header.tsx"
2025-07-16T12:03:06.599759Z  INFO tailwindcss_oxide::scanner: Reading "C:\\Users\\USER\\Desktop\\Projects\\marketplace-frontend0\\README.md"
2025-07-16T12:03:06.599934Z  INFO tailwindcss_oxide::scanner: Reading "C:\\Users\\USER\\Desktop\\Projects\\marketplace-frontend0\\tsconfig.json"
2025-07-16T12:03:06.600184Z  INFO tailwindcss_oxide::scanner: Reading "C:\\Users\\USER\\Desktop\\Projects\\marketplace-frontend0\\components\\martaf\\ImpactNumbers.tsx"
2025-07-16T12:03:06.600441Z  INFO tailwindcss_oxide::scanner: Reading "C:\\Users\\USER\\Desktop\\Projects\\marketplace-frontend0\\types\\api.ts"
2025-07-16T12:03:06.600755Z  INFO tailwindcss_oxide::scanner: Reading "C:\\Users\\USER\\Desktop\\Projects\\marketplace-frontend0\\app\\cart\\page.tsx"
2025-07-16T12:03:06.601482Z  INFO tailwindcss_oxide::scanner: Reading "C:\\Users\\USER\\Desktop\\Projects\\marketplace-frontend0\\app\\categories\\[slug]\\page.tsx"
2025-07-16T12:03:06.602061Z  INFO tailwindcss_oxide::scanner: Reading "C:\\Users\\USER\\Desktop\\Projects\\marketplace-frontend0\\app\\forgot-password\\reset\\page.tsx"
2025-07-16T12:03:06.602197Z  INFO tailwindcss_oxide::scanner: Reading "C:\\Users\\USER\\Desktop\\Projects\\marketplace-frontend0\\app\\checkout\\page.tsx"
2025-07-16T12:03:06.602602Z  INFO tailwindcss_oxide::scanner: Reading "C:\\Users\\USER\\Desktop\\Projects\\marketplace-frontend0\\app\\landing\\page.tsx"
2025-07-16T12:03:06.602756Z  INFO tailwindcss_oxide::scanner: Reading "C:\\Users\\USER\\Desktop\\Projects\\marketplace-frontend0\\app\\layout.tsx"
2025-07-16T12:03:06.603037Z  INFO tailwindcss_oxide::scanner: Reading "C:\\Users\\USER\\Desktop\\Projects\\marketplace-frontend0\\app\\forgot-email\\page.tsx"
2025-07-16T12:03:06.603423Z  INFO tailwindcss_oxide::scanner: Reading "C:\\Users\\USER\\Desktop\\Projects\\marketplace-frontend0\\app\\login\\page.tsx"
2025-07-16T12:03:06.603825Z  INFO tailwindcss_oxide::scanner: Reading "C:\\Users\\USER\\Desktop\\Projects\\marketplace-frontend0\\app\\forgot-password\\confirmation\\page.tsx"
2025-07-16T12:03:06.604039Z  INFO tailwindcss_oxide::scanner: Reading "C:\\Users\\USER\\Desktop\\Projects\\marketplace-frontend0\\app\\order-details\\[orderId]\\page.tsx"
2025-07-16T12:03:06.604491Z  INFO tailwindcss_oxide::scanner: Reading "C:\\Users\\USER\\Desktop\\Projects\\marketplace-frontend0\\app\\forgot-password\\page.tsx"
2025-07-16T12:03:06.604691Z  INFO tailwindcss_oxide::scanner: Reading "C:\\Users\\USER\\Desktop\\Projects\\marketplace-frontend0\\app\\page.tsx"
2025-07-16T12:03:06.604787Z  INFO tailwindcss_oxide::scanner: Reading "C:\\Users\\USER\\Desktop\\Projects\\marketplace-frontend0\\app\\order-success\\page.tsx"
2025-07-16T12:03:06.608385Z  INFO tailwindcss_oxide::scanner: Reading "C:\\Users\\USER\\Desktop\\Projects\\marketplace-frontend0\\app\\account\\(auth)\\wishlist\\page.tsx"
2025-07-16T12:03:06.610739Z  INFO tailwindcss_oxide::scanner: Reading "C:\\Users\\USER\\Desktop\\Projects\\marketplace-frontend0\\app\\account\\edit\\page.tsx"
2025-07-16T12:03:06.611042Z  INFO tailwindcss_oxide::scanner: Reading "C:\\Users\\USER\\Desktop\\Projects\\marketplace-frontend0\\components\\martaf\\HeroSection.tsx"
2025-07-16T12:03:06.611324Z  INFO tailwindcss_oxide::scanner: Reading "C:\\Users\\USER\\Desktop\\Projects\\marketplace-frontend0\\app\\account\\page.tsx"
2025-07-16T12:03:06.616774Z  INFO extract_candidates:read_all_files: tailwindcss_oxide::scanner: exit
2025-07-16T12:03:06.616818Z  INFO extract_candidates:parse_all_blobs: tailwindcss_oxide::scanner: enter
2025-07-16T12:03:06.616837Z  INFO extract_candidates:parse_all_blobs:extract: tailwindcss_oxide::scanner: enter
2025-07-16T12:03:06.662152Z  INFO extract_candidates:parse_all_blobs:extract: tailwindcss_oxide::scanner: exit
2025-07-16T12:03:06.663273Z  INFO extract_candidates:parse_all_blobs: tailwindcss_oxide::scanner: exit
2025-07-16T12:03:06.663325Z  INFO extract_candidates:read_all_files: tailwindcss_oxide::scanner: enter
2025-07-16T12:03:06.663339Z  INFO extract_candidates:read_all_files: tailwindcss_oxide::scanner: Reading 1 file(s)
2025-07-16T12:03:06.663580Z  INFO extract_candidates:read_all_files: tailwindcss_oxide::scanner: Reading "C:\\Users\\USER\\Desktop\\Projects\\marketplace-frontend0\\app\\globals.css"
2025-07-16T12:03:06.663607Z  INFO extract_candidates:read_all_files: tailwindcss_oxide::scanner: exit
2025-07-16T12:03:06.663622Z  INFO extract_candidates:extract_css_variables: tailwindcss_oxide::scanner: enter
2025-07-16T12:03:06.663632Z  INFO extract_candidates:extract_css_variables:extract: tailwindcss_oxide::scanner: enter
2025-07-16T12:03:06.663796Z  INFO extract_candidates:extract_css_variables:extract: tailwindcss_oxide::scanner: exit
2025-07-16T12:03:06.663814Z  INFO extract_candidates:extract_css_variables: tailwindcss_oxide::scanner: exit
2025-07-16T12:03:06.666491Z  INFO extract_candidates: tailwindcss_oxide::scanner: exit
2025-07-16T12:03:06.670121Z  INFO get_files: tailwindcss_oxide::scanner: enter
2025-07-16T12:03:06.670168Z  INFO get_files:scan_sources: tailwindcss_oxide::scanner: enter
2025-07-16T12:03:06.673996Z  INFO get_files:scan_sources: tailwindcss_oxide::scanner: Discovering "C:\\Users\\USER\\Desktop\\Projects\\marketplace-frontend0\\app"
2025-07-16T12:03:06.674490Z  INFO get_files:scan_sources: tailwindcss_oxide::scanner: Discovering "C:\\Users\\USER\\Desktop\\Projects\\marketplace-frontend0\\app\\account"
2025-07-16T12:03:06.674938Z  INFO get_files:scan_sources: tailwindcss_oxide::scanner: Discovering "C:\\Users\\USER\\Desktop\\Projects\\marketplace-frontend0\\app\\account\\(auth)"
2025-07-16T12:03:06.676816Z  INFO get_files:scan_sources: tailwindcss_oxide::scanner: Discovering "C:\\Users\\USER\\Desktop\\Projects\\marketplace-frontend0\\app\\account\\(auth)\\coupons"
2025-07-16T12:03:06.677744Z  INFO get_files:scan_sources: tailwindcss_oxide::scanner: Discovering "C:\\Users\\USER\\Desktop\\Projects\\marketplace-frontend0\\app\\account\\(auth)\\legal"
2025-07-16T12:03:06.678361Z  INFO get_files:scan_sources: tailwindcss_oxide::scanner: Discovering "C:\\Users\\USER\\Desktop\\Projects\\marketplace-frontend0\\app\\account\\(auth)\\orders"
2025-07-16T12:03:06.678971Z  INFO get_files:scan_sources: tailwindcss_oxide::scanner: Discovering "C:\\Users\\USER\\Desktop\\Projects\\marketplace-frontend0\\app\\account\\(auth)\\payment-methods"
2025-07-16T12:03:06.679494Z  INFO get_files:scan_sources: tailwindcss_oxide::scanner: Discovering "C:\\Users\\USER\\Desktop\\Projects\\marketplace-frontend0\\app\\account\\(auth)\\payment-methods\\add"
2025-07-16T12:03:06.680218Z  INFO get_files:scan_sources: tailwindcss_oxide::scanner: Discovering "C:\\Users\\USER\\Desktop\\Projects\\marketplace-frontend0\\app\\account\\(auth)\\privacy-policy"
2025-07-16T12:03:06.680833Z  INFO get_files:scan_sources: tailwindcss_oxide::scanner: Discovering "C:\\Users\\USER\\Desktop\\Projects\\marketplace-frontend0\\app\\account\\(auth)\\sellers"
2025-07-16T12:03:06.681424Z  INFO get_files:scan_sources: tailwindcss_oxide::scanner: Discovering "C:\\Users\\USER\\Desktop\\Projects\\marketplace-frontend0\\app\\account\\(auth)\\shipping-addresses"
2025-07-16T12:03:06.681904Z  INFO get_files:scan_sources: tailwindcss_oxide::scanner: Discovering "C:\\Users\\USER\\Desktop\\Projects\\marketplace-frontend0\\app\\account\\(auth)\\shipping-addresses\\add"
2025-07-16T12:03:06.682557Z  INFO get_files:scan_sources: tailwindcss_oxide::scanner: Discovering "C:\\Users\\USER\\Desktop\\Projects\\marketplace-frontend0\\app\\account\\(auth)\\wishlist"
2025-07-16T12:03:06.683163Z  INFO get_files:scan_sources: tailwindcss_oxide::scanner: Discovering "C:\\Users\\USER\\Desktop\\Projects\\marketplace-frontend0\\app\\account\\edit"
2025-07-16T12:03:06.683848Z  INFO get_files:scan_sources: tailwindcss_oxide::scanner: Discovering "C:\\Users\\USER\\Desktop\\Projects\\marketplace-frontend0\\app\\cart"
2025-07-16T12:03:06.684421Z  INFO get_files:scan_sources: tailwindcss_oxide::scanner: Discovering "C:\\Users\\USER\\Desktop\\Projects\\marketplace-frontend0\\app\\categories"
2025-07-16T12:03:06.684865Z  INFO get_files:scan_sources: tailwindcss_oxide::scanner: Discovering "C:\\Users\\USER\\Desktop\\Projects\\marketplace-frontend0\\app\\categories\\[slug]"
2025-07-16T12:03:06.685481Z  INFO get_files:scan_sources: tailwindcss_oxide::scanner: Discovering "C:\\Users\\USER\\Desktop\\Projects\\marketplace-frontend0\\app\\checkout"
2025-07-16T12:03:06.686094Z  INFO get_files:scan_sources: tailwindcss_oxide::scanner: Discovering "C:\\Users\\USER\\Desktop\\Projects\\marketplace-frontend0\\app\\forgot-email"
2025-07-16T12:03:06.686674Z  INFO get_files:scan_sources: tailwindcss_oxide::scanner: Discovering "C:\\Users\\USER\\Desktop\\Projects\\marketplace-frontend0\\app\\forgot-password"
2025-07-16T12:03:06.687131Z  INFO get_files:scan_sources: tailwindcss_oxide::scanner: Discovering "C:\\Users\\USER\\Desktop\\Projects\\marketplace-frontend0\\app\\forgot-password\\confirmation"
2025-07-16T12:03:06.687778Z  INFO get_files:scan_sources: tailwindcss_oxide::scanner: Discovering "C:\\Users\\USER\\Desktop\\Projects\\marketplace-frontend0\\app\\forgot-password\\reset"
2025-07-16T12:03:06.688493Z  INFO get_files:scan_sources: tailwindcss_oxide::scanner: Discovering "C:\\Users\\USER\\Desktop\\Projects\\marketplace-frontend0\\app\\landing"
2025-07-16T12:03:06.689177Z  INFO get_files:scan_sources: tailwindcss_oxide::scanner: Discovering "C:\\Users\\USER\\Desktop\\Projects\\marketplace-frontend0\\app\\login"
2025-07-16T12:03:06.689735Z  INFO get_files:scan_sources: tailwindcss_oxide::scanner: Discovering "C:\\Users\\USER\\Desktop\\Projects\\marketplace-frontend0\\app\\order-details"
2025-07-16T12:03:06.690157Z  INFO get_files:scan_sources: tailwindcss_oxide::scanner: Discovering "C:\\Users\\USER\\Desktop\\Projects\\marketplace-frontend0\\app\\order-details\\[orderId]"
2025-07-16T12:03:06.690746Z  INFO get_files:scan_sources: tailwindcss_oxide::scanner: Discovering "C:\\Users\\USER\\Desktop\\Projects\\marketplace-frontend0\\app\\order-success"
2025-07-16T12:03:06.691362Z  INFO get_files:scan_sources: tailwindcss_oxide::scanner: Discovering "C:\\Users\\USER\\Desktop\\Projects\\marketplace-frontend0\\app\\product"
2025-07-16T12:03:06.691796Z  INFO get_files:scan_sources: tailwindcss_oxide::scanner: Discovering "C:\\Users\\USER\\Desktop\\Projects\\marketplace-frontend0\\app\\product\\[slug]"
2025-07-16T12:03:06.694204Z  INFO get_files:scan_sources: tailwindcss_oxide::scanner: Discovering "C:\\Users\\USER\\Desktop\\Projects\\marketplace-frontend0\\app\\signup"
2025-07-16T12:03:06.694958Z  INFO get_files:scan_sources: tailwindcss_oxide::scanner: Discovering "C:\\Users\\USER\\Desktop\\Projects\\marketplace-frontend0\\app\\track-order"
2025-07-16T12:03:06.695926Z  INFO get_files:scan_sources: tailwindcss_oxide::scanner: Discovering "C:\\Users\\USER\\Desktop\\Projects\\marketplace-frontend0\\app\\track-order\\[orderId]"
2025-07-16T12:03:06.696642Z  INFO get_files:scan_sources: tailwindcss_oxide::scanner: Discovering "C:\\Users\\USER\\Desktop\\Projects\\marketplace-frontend0\\components"
2025-07-16T12:03:06.697261Z  INFO get_files:scan_sources: tailwindcss_oxide::scanner: Discovering "C:\\Users\\USER\\Desktop\\Projects\\marketplace-frontend0\\components\\martaf"
2025-07-16T12:03:06.697946Z  INFO get_files:scan_sources: tailwindcss_oxide::scanner: Discovering "C:\\Users\\USER\\Desktop\\Projects\\marketplace-frontend0\\components\\martaf\\AuthPopups"
2025-07-16T12:03:06.700763Z  INFO get_files:scan_sources: tailwindcss_oxide::scanner: Discovering "C:\\Users\\USER\\Desktop\\Projects\\marketplace-frontend0\\components\\ui"
2025-07-16T12:03:06.702790Z  INFO get_files:scan_sources: tailwindcss_oxide::scanner: Discovering "C:\\Users\\USER\\Desktop\\Projects\\marketplace-frontend0\\lib"
2025-07-16T12:03:06.703758Z  INFO get_files:scan_sources: tailwindcss_oxide::scanner: Discovering "C:\\Users\\USER\\Desktop\\Projects\\marketplace-frontend0\\MARTAF"
2025-07-16T12:03:06.704197Z  INFO get_files:scan_sources: tailwindcss_oxide::scanner: Discovering "C:\\Users\\USER\\Desktop\\Projects\\marketplace-frontend0\\MARTAF\\MOBILE"
2025-07-16T12:03:06.704634Z  INFO get_files:scan_sources: tailwindcss_oxide::scanner: Discovering "C:\\Users\\USER\\Desktop\\Projects\\marketplace-frontend0\\MARTAF\\MOBILE\\cart and checkouts"
2025-07-16T12:03:06.705153Z  INFO get_files:scan_sources: tailwindcss_oxide::scanner: Discovering "C:\\Users\\USER\\Desktop\\Projects\\marketplace-frontend0\\MARTAF\\MOBILE\\cart and checkouts\\MARTAF (2)"
2025-07-16T12:03:06.705630Z  INFO get_files:scan_sources: tailwindcss_oxide::scanner: Discovering "C:\\Users\\USER\\Desktop\\Projects\\marketplace-frontend0\\MARTAF\\MOBILE\\cart and checkouts\\MARTAF (2)\\Cart"
2025-07-16T12:03:06.706170Z  INFO get_files:scan_sources: tailwindcss_oxide::scanner: Discovering "C:\\Users\\USER\\Desktop\\Projects\\marketplace-frontend0\\MARTAF\\MOBILE\\cart and checkouts\\MARTAF (3)"
2025-07-16T12:03:06.706609Z  INFO get_files:scan_sources: tailwindcss_oxide::scanner: Discovering "C:\\Users\\USER\\Desktop\\Projects\\marketplace-frontend0\\MARTAF\\MOBILE\\cart and checkouts\\MARTAF (3)\\Cart"
2025-07-16T12:03:06.707144Z  INFO get_files:scan_sources: tailwindcss_oxide::scanner: Discovering "C:\\Users\\USER\\Desktop\\Projects\\marketplace-frontend0\\MARTAF\\MOBILE\\cart and checkouts\\MARTAF (4)"
2025-07-16T12:03:06.707586Z  INFO get_files:scan_sources: tailwindcss_oxide::scanner: Discovering "C:\\Users\\USER\\Desktop\\Projects\\marketplace-frontend0\\MARTAF\\MOBILE\\cart and checkouts\\MARTAF (4)\\Cart"
2025-07-16T12:03:06.708099Z  INFO get_files:scan_sources: tailwindcss_oxide::scanner: Discovering "C:\\Users\\USER\\Desktop\\Projects\\marketplace-frontend0\\MARTAF\\MOBILE\\cart and checkouts\\MARTAF (5)"
2025-07-16T12:03:06.708533Z  INFO get_files:scan_sources: tailwindcss_oxide::scanner: Discovering "C:\\Users\\USER\\Desktop\\Projects\\marketplace-frontend0\\MARTAF\\MOBILE\\cart and checkouts\\MARTAF (5)\\Cart"
2025-07-16T12:03:06.710801Z  INFO get_files:scan_sources: tailwindcss_oxide::scanner: Discovering "C:\\Users\\USER\\Desktop\\Projects\\marketplace-frontend0\\MARTAF\\MOBILE\\cart and checkouts\\MARTAF (6)"
2025-07-16T12:03:06.711339Z  INFO get_files:scan_sources: tailwindcss_oxide::scanner: Discovering "C:\\Users\\USER\\Desktop\\Projects\\marketplace-frontend0\\MARTAF\\MOBILE\\cart and checkouts\\MARTAF (6)\\Cart"
2025-07-16T12:03:06.711918Z  INFO get_files:scan_sources: tailwindcss_oxide::scanner: Discovering "C:\\Users\\USER\\Desktop\\Projects\\marketplace-frontend0\\MARTAF\\MOBILE\\cart and checkouts\\MARTAF (7)"
2025-07-16T12:03:06.712399Z  INFO get_files:scan_sources: tailwindcss_oxide::scanner: Discovering "C:\\Users\\USER\\Desktop\\Projects\\marketplace-frontend0\\MARTAF\\MOBILE\\cart and checkouts\\MARTAF (7)\\Cart"
2025-07-16T12:03:06.713033Z  INFO get_files:scan_sources: tailwindcss_oxide::scanner: Discovering "C:\\Users\\USER\\Desktop\\Projects\\marketplace-frontend0\\MARTAF\\MOBILE\\cart and checkouts\\MARTAF (8)"
2025-07-16T12:03:06.713533Z  INFO get_files:scan_sources: tailwindcss_oxide::scanner: Discovering "C:\\Users\\USER\\Desktop\\Projects\\marketplace-frontend0\\MARTAF\\MOBILE\\cart and checkouts\\MARTAF (8)\\Cart"
2025-07-16T12:03:06.714113Z  INFO get_files:scan_sources: tailwindcss_oxide::scanner: Discovering "C:\\Users\\USER\\Desktop\\Projects\\marketplace-frontend0\\MARTAF\\MOBILE\\cart and checkouts\\MARTAF (9)"
2025-07-16T12:03:06.714568Z  INFO get_files:scan_sources: tailwindcss_oxide::scanner: Discovering "C:\\Users\\USER\\Desktop\\Projects\\marketplace-frontend0\\MARTAF\\MOBILE\\cart and checkouts\\MARTAF (9)\\Cart"
2025-07-16T12:03:06.715236Z  INFO get_files:scan_sources: tailwindcss_oxide::scanner: Discovering "C:\\Users\\USER\\Desktop\\Projects\\marketplace-frontend0\\MARTAF\\MOBILE\\Landing Pages"
2025-07-16T12:03:06.715853Z  INFO get_files:scan_sources: tailwindcss_oxide::scanner: Discovering "C:\\Users\\USER\\Desktop\\Projects\\marketplace-frontend0\\MARTAF\\MOBILE\\Product Pages"
2025-07-16T12:03:06.716534Z  INFO get_files:scan_sources: tailwindcss_oxide::scanner: Discovering "C:\\Users\\USER\\Desktop\\Projects\\marketplace-frontend0\\MARTAF\\MOBILE\\User login - Registration"
2025-07-16T12:03:06.718039Z  INFO get_files:scan_sources: tailwindcss_oxide::scanner: Discovering "C:\\Users\\USER\\Desktop\\Projects\\marketplace-frontend0\\public"
2025-07-16T12:03:06.718493Z  INFO get_files:scan_sources: tailwindcss_oxide::scanner: Discovering "C:\\Users\\USER\\Desktop\\Projects\\marketplace-frontend0\\public\\assets"
2025-07-16T12:03:06.719927Z  INFO get_files:scan_sources: tailwindcss_oxide::scanner: Discovering "C:\\Users\\USER\\Desktop\\Projects\\marketplace-frontend0\\types"
2025-07-16T12:03:06.720463Z  INFO get_files:scan_sources: tailwindcss_oxide::scanner: exit
2025-07-16T12:03:06.720752Z  INFO get_files: tailwindcss_oxide::scanner: exit
2025-07-16T12:03:06.722300Z  INFO get_globs: tailwindcss_oxide::scanner: enter
2025-07-16T12:03:06.722343Z  INFO get_globs:scan_sources: tailwindcss_oxide::scanner: enter
2025-07-16T12:03:06.729890Z  INFO get_globs:scan_sources: tailwindcss_oxide::scanner: Discovering "C:\\Users\\USER\\Desktop\\Projects\\marketplace-frontend0\\app"
2025-07-16T12:03:06.730383Z  INFO get_globs:scan_sources: tailwindcss_oxide::scanner: Discovering "C:\\Users\\USER\\Desktop\\Projects\\marketplace-frontend0\\app\\account"
2025-07-16T12:03:06.730833Z  INFO get_globs:scan_sources: tailwindcss_oxide::scanner: Discovering "C:\\Users\\USER\\Desktop\\Projects\\marketplace-frontend0\\app\\account\\(auth)"
2025-07-16T12:03:06.731312Z  INFO get_globs:scan_sources: tailwindcss_oxide::scanner: Discovering "C:\\Users\\USER\\Desktop\\Projects\\marketplace-frontend0\\app\\account\\(auth)\\coupons"
2025-07-16T12:03:06.732062Z  INFO get_globs:scan_sources: tailwindcss_oxide::scanner: Discovering "C:\\Users\\USER\\Desktop\\Projects\\marketplace-frontend0\\app\\account\\(auth)\\legal"
2025-07-16T12:03:06.732897Z  INFO get_globs:scan_sources: tailwindcss_oxide::scanner: Discovering "C:\\Users\\USER\\Desktop\\Projects\\marketplace-frontend0\\app\\account\\(auth)\\orders"
2025-07-16T12:03:06.733527Z  INFO get_globs:scan_sources: tailwindcss_oxide::scanner: Discovering "C:\\Users\\USER\\Desktop\\Projects\\marketplace-frontend0\\app\\account\\(auth)\\payment-methods"
2025-07-16T12:03:06.733990Z  INFO get_globs:scan_sources: tailwindcss_oxide::scanner: Discovering "C:\\Users\\USER\\Desktop\\Projects\\marketplace-frontend0\\app\\account\\(auth)\\payment-methods\\add"
2025-07-16T12:03:06.734688Z  INFO get_globs:scan_sources: tailwindcss_oxide::scanner: Discovering "C:\\Users\\USER\\Desktop\\Projects\\marketplace-frontend0\\app\\account\\(auth)\\privacy-policy"
2025-07-16T12:03:06.735291Z  INFO get_globs:scan_sources: tailwindcss_oxide::scanner: Discovering "C:\\Users\\USER\\Desktop\\Projects\\marketplace-frontend0\\app\\account\\(auth)\\sellers"
2025-07-16T12:03:06.735881Z  INFO get_globs:scan_sources: tailwindcss_oxide::scanner: Discovering "C:\\Users\\USER\\Desktop\\Projects\\marketplace-frontend0\\app\\account\\(auth)\\shipping-addresses"
2025-07-16T12:03:06.736445Z  INFO get_globs:scan_sources: tailwindcss_oxide::scanner: Discovering "C:\\Users\\USER\\Desktop\\Projects\\marketplace-frontend0\\app\\account\\(auth)\\shipping-addresses\\add"
2025-07-16T12:03:06.737650Z  INFO get_globs:scan_sources: tailwindcss_oxide::scanner: Discovering "C:\\Users\\USER\\Desktop\\Projects\\marketplace-frontend0\\app\\account\\(auth)\\wishlist"
2025-07-16T12:03:06.738316Z  INFO get_globs:scan_sources: tailwindcss_oxide::scanner: Discovering "C:\\Users\\USER\\Desktop\\Projects\\marketplace-frontend0\\app\\account\\edit"
2025-07-16T12:03:06.739055Z  INFO get_globs:scan_sources: tailwindcss_oxide::scanner: Discovering "C:\\Users\\USER\\Desktop\\Projects\\marketplace-frontend0\\app\\cart"
2025-07-16T12:03:06.739673Z  INFO get_globs:scan_sources: tailwindcss_oxide::scanner: Discovering "C:\\Users\\USER\\Desktop\\Projects\\marketplace-frontend0\\app\\categories"
2025-07-16T12:03:06.740113Z  INFO get_globs:scan_sources: tailwindcss_oxide::scanner: Discovering "C:\\Users\\USER\\Desktop\\Projects\\marketplace-frontend0\\app\\categories\\[slug]"
2025-07-16T12:03:06.740696Z  INFO get_globs:scan_sources: tailwindcss_oxide::scanner: Discovering "C:\\Users\\USER\\Desktop\\Projects\\marketplace-frontend0\\app\\checkout"
2025-07-16T12:03:06.741273Z  INFO get_globs:scan_sources: tailwindcss_oxide::scanner: Discovering "C:\\Users\\USER\\Desktop\\Projects\\marketplace-frontend0\\app\\forgot-email"
2025-07-16T12:03:06.741815Z  INFO get_globs:scan_sources: tailwindcss_oxide::scanner: Discovering "C:\\Users\\USER\\Desktop\\Projects\\marketplace-frontend0\\app\\forgot-password"
2025-07-16T12:03:06.743634Z  INFO get_globs:scan_sources: tailwindcss_oxide::scanner: Discovering "C:\\Users\\USER\\Desktop\\Projects\\marketplace-frontend0\\app\\forgot-password\\confirmation"
2025-07-16T12:03:06.744394Z  INFO get_globs:scan_sources: tailwindcss_oxide::scanner: Discovering "C:\\Users\\USER\\Desktop\\Projects\\marketplace-frontend0\\app\\forgot-password\\reset"
2025-07-16T12:03:06.745142Z  INFO get_globs:scan_sources: tailwindcss_oxide::scanner: Discovering "C:\\Users\\USER\\Desktop\\Projects\\marketplace-frontend0\\app\\landing"
2025-07-16T12:03:06.745827Z  INFO get_globs:scan_sources: tailwindcss_oxide::scanner: Discovering "C:\\Users\\USER\\Desktop\\Projects\\marketplace-frontend0\\app\\login"
2025-07-16T12:03:06.746392Z  INFO get_globs:scan_sources: tailwindcss_oxide::scanner: Discovering "C:\\Users\\USER\\Desktop\\Projects\\marketplace-frontend0\\app\\order-details"
2025-07-16T12:03:06.746832Z  INFO get_globs:scan_sources: tailwindcss_oxide::scanner: Discovering "C:\\Users\\USER\\Desktop\\Projects\\marketplace-frontend0\\app\\order-details\\[orderId]"
2025-07-16T12:03:06.747453Z  INFO get_globs:scan_sources: tailwindcss_oxide::scanner: Discovering "C:\\Users\\USER\\Desktop\\Projects\\marketplace-frontend0\\app\\order-success"
2025-07-16T12:03:06.748103Z  INFO get_globs:scan_sources: tailwindcss_oxide::scanner: Discovering "C:\\Users\\USER\\Desktop\\Projects\\marketplace-frontend0\\app\\product"
2025-07-16T12:03:06.748572Z  INFO get_globs:scan_sources: tailwindcss_oxide::scanner: Discovering "C:\\Users\\USER\\Desktop\\Projects\\marketplace-frontend0\\app\\product\\[slug]"
2025-07-16T12:03:06.749178Z  INFO get_globs:scan_sources: tailwindcss_oxide::scanner: Discovering "C:\\Users\\USER\\Desktop\\Projects\\marketplace-frontend0\\app\\signup"
2025-07-16T12:03:06.749745Z  INFO get_globs:scan_sources: tailwindcss_oxide::scanner: Discovering "C:\\Users\\USER\\Desktop\\Projects\\marketplace-frontend0\\app\\track-order"
2025-07-16T12:03:06.750182Z  INFO get_globs:scan_sources: tailwindcss_oxide::scanner: Discovering "C:\\Users\\USER\\Desktop\\Projects\\marketplace-frontend0\\app\\track-order\\[orderId]"
2025-07-16T12:03:06.750800Z  INFO get_globs:scan_sources: tailwindcss_oxide::scanner: Discovering "C:\\Users\\USER\\Desktop\\Projects\\marketplace-frontend0\\components"
2025-07-16T12:03:06.751410Z  INFO get_globs:scan_sources: tailwindcss_oxide::scanner: Discovering "C:\\Users\\USER\\Desktop\\Projects\\marketplace-frontend0\\components\\martaf"
2025-07-16T12:03:06.752077Z  INFO get_globs:scan_sources: tailwindcss_oxide::scanner: Discovering "C:\\Users\\USER\\Desktop\\Projects\\marketplace-frontend0\\components\\martaf\\AuthPopups"
2025-07-16T12:03:06.755089Z  INFO get_globs:scan_sources: tailwindcss_oxide::scanner: Discovering "C:\\Users\\USER\\Desktop\\Projects\\marketplace-frontend0\\components\\ui"
2025-07-16T12:03:06.757153Z  INFO get_globs:scan_sources: tailwindcss_oxide::scanner: Discovering "C:\\Users\\USER\\Desktop\\Projects\\marketplace-frontend0\\lib"
2025-07-16T12:03:06.758154Z  INFO get_globs:scan_sources: tailwindcss_oxide::scanner: Discovering "C:\\Users\\USER\\Desktop\\Projects\\marketplace-frontend0\\MARTAF"
2025-07-16T12:03:06.758632Z  INFO get_globs:scan_sources: tailwindcss_oxide::scanner: Discovering "C:\\Users\\USER\\Desktop\\Projects\\marketplace-frontend0\\MARTAF\\MOBILE"
2025-07-16T12:03:06.762692Z  INFO get_globs:scan_sources: tailwindcss_oxide::scanner: Discovering "C:\\Users\\USER\\Desktop\\Projects\\marketplace-frontend0\\MARTAF\\MOBILE\\cart and checkouts"
2025-07-16T12:03:06.764397Z  INFO get_globs:scan_sources: tailwindcss_oxide::scanner: Discovering "C:\\Users\\USER\\Desktop\\Projects\\marketplace-frontend0\\MARTAF\\MOBILE\\cart and checkouts\\MARTAF (2)"
2025-07-16T12:03:06.765094Z  INFO get_globs:scan_sources: tailwindcss_oxide::scanner: Discovering "C:\\Users\\USER\\Desktop\\Projects\\marketplace-frontend0\\MARTAF\\MOBILE\\cart and checkouts\\MARTAF (2)\\Cart"
2025-07-16T12:03:06.765711Z  INFO get_globs:scan_sources: tailwindcss_oxide::scanner: Discovering "C:\\Users\\USER\\Desktop\\Projects\\marketplace-frontend0\\MARTAF\\MOBILE\\cart and checkouts\\MARTAF (3)"
2025-07-16T12:03:06.766172Z  INFO get_globs:scan_sources: tailwindcss_oxide::scanner: Discovering "C:\\Users\\USER\\Desktop\\Projects\\marketplace-frontend0\\MARTAF\\MOBILE\\cart and checkouts\\MARTAF (3)\\Cart"
2025-07-16T12:03:06.766720Z  INFO get_globs:scan_sources: tailwindcss_oxide::scanner: Discovering "C:\\Users\\USER\\Desktop\\Projects\\marketplace-frontend0\\MARTAF\\MOBILE\\cart and checkouts\\MARTAF (4)"
2025-07-16T12:03:06.767180Z  INFO get_globs:scan_sources: tailwindcss_oxide::scanner: Discovering "C:\\Users\\USER\\Desktop\\Projects\\marketplace-frontend0\\MARTAF\\MOBILE\\cart and checkouts\\MARTAF (4)\\Cart"
2025-07-16T12:03:06.767699Z  INFO get_globs:scan_sources: tailwindcss_oxide::scanner: Discovering "C:\\Users\\USER\\Desktop\\Projects\\marketplace-frontend0\\MARTAF\\MOBILE\\cart and checkouts\\MARTAF (5)"
2025-07-16T12:03:06.768150Z  INFO get_globs:scan_sources: tailwindcss_oxide::scanner: Discovering "C:\\Users\\USER\\Desktop\\Projects\\marketplace-frontend0\\MARTAF\\MOBILE\\cart and checkouts\\MARTAF (5)\\Cart"
2025-07-16T12:03:06.768694Z  INFO get_globs:scan_sources: tailwindcss_oxide::scanner: Discovering "C:\\Users\\USER\\Desktop\\Projects\\marketplace-frontend0\\MARTAF\\MOBILE\\cart and checkouts\\MARTAF (6)"
2025-07-16T12:03:06.769145Z  INFO get_globs:scan_sources: tailwindcss_oxide::scanner: Discovering "C:\\Users\\USER\\Desktop\\Projects\\marketplace-frontend0\\MARTAF\\MOBILE\\cart and checkouts\\MARTAF (6)\\Cart"
2025-07-16T12:03:06.769696Z  INFO get_globs:scan_sources: tailwindcss_oxide::scanner: Discovering "C:\\Users\\USER\\Desktop\\Projects\\marketplace-frontend0\\MARTAF\\MOBILE\\cart and checkouts\\MARTAF (7)"
2025-07-16T12:03:06.770122Z  INFO get_globs:scan_sources: tailwindcss_oxide::scanner: Discovering "C:\\Users\\USER\\Desktop\\Projects\\marketplace-frontend0\\MARTAF\\MOBILE\\cart and checkouts\\MARTAF (7)\\Cart"
2025-07-16T12:03:06.770630Z  INFO get_globs:scan_sources: tailwindcss_oxide::scanner: Discovering "C:\\Users\\USER\\Desktop\\Projects\\marketplace-frontend0\\MARTAF\\MOBILE\\cart and checkouts\\MARTAF (8)"
2025-07-16T12:03:06.771077Z  INFO get_globs:scan_sources: tailwindcss_oxide::scanner: Discovering "C:\\Users\\USER\\Desktop\\Projects\\marketplace-frontend0\\MARTAF\\MOBILE\\cart and checkouts\\MARTAF (8)\\Cart"
2025-07-16T12:03:06.771590Z  INFO get_globs:scan_sources: tailwindcss_oxide::scanner: Discovering "C:\\Users\\USER\\Desktop\\Projects\\marketplace-frontend0\\MARTAF\\MOBILE\\cart and checkouts\\MARTAF (9)"
2025-07-16T12:03:06.771996Z  INFO get_globs:scan_sources: tailwindcss_oxide::scanner: Discovering "C:\\Users\\USER\\Desktop\\Projects\\marketplace-frontend0\\MARTAF\\MOBILE\\cart and checkouts\\MARTAF (9)\\Cart"
2025-07-16T12:03:06.773260Z  INFO get_globs:scan_sources: tailwindcss_oxide::scanner: Discovering "C:\\Users\\USER\\Desktop\\Projects\\marketplace-frontend0\\MARTAF\\MOBILE\\Landing Pages"
2025-07-16T12:03:06.773942Z  INFO get_globs:scan_sources: tailwindcss_oxide::scanner: Discovering "C:\\Users\\USER\\Desktop\\Projects\\marketplace-frontend0\\MARTAF\\MOBILE\\Product Pages"
2025-07-16T12:03:06.774615Z  INFO get_globs:scan_sources: tailwindcss_oxide::scanner: Discovering "C:\\Users\\USER\\Desktop\\Projects\\marketplace-frontend0\\MARTAF\\MOBILE\\User login - Registration"
2025-07-16T12:03:06.781411Z  INFO get_globs:scan_sources: tailwindcss_oxide::scanner: Discovering "C:\\Users\\USER\\Desktop\\Projects\\marketplace-frontend0\\public"
2025-07-16T12:03:06.781924Z  INFO get_globs:scan_sources: tailwindcss_oxide::scanner: Discovering "C:\\Users\\USER\\Desktop\\Projects\\marketplace-frontend0\\public\\assets"
2025-07-16T12:03:06.783403Z  INFO get_globs:scan_sources: tailwindcss_oxide::scanner: Discovering "C:\\Users\\USER\\Desktop\\Projects\\marketplace-frontend0\\types"
2025-07-16T12:03:06.784151Z  INFO get_globs:scan_sources: tailwindcss_oxide::scanner: exit
2025-07-16T12:03:06.820673Z  INFO get_globs: tailwindcss_oxide::scanner: exit
